<?xml version="1.0" encoding="UTF-8"?>
<testsuite xmlns:xsi="http://www.w3.org/2001/XMLSchema-instance" xsi:noNamespaceSchemaLocation="https://maven.apache.org/surefire/maven-surefire-plugin/xsd/surefire-test-report.xsd" version="3.0.2" name="TestSuite" time="48.859" tests="8" errors="0" skipped="0" failures="8">
  <properties>
    <property name="surefire.suiteXmlFiles" value="src/test/resources/testng.xml"/>
    <property name="java.specification.version" value="22"/>
    <property name="sun.jnu.encoding" value="UTF-8"/>
    <property name="java.class.path" value="/Users/oadeoye/IdeaProjects/Hello-Again-Mobile/Hello-Again-Mobile/target/test-classes:/Users/oadeoye/IdeaProjects/Hello-Again-Mobile/Hello-Again-Mobile/target/classes:/Users/oadeoye/.m2/repository/org/testng/testng/7.10.2/testng-7.10.2.jar:/Users/oadeoye/.m2/repository/org/slf4j/slf4j-api/1.7.36/slf4j-api-1.7.36.jar:/Users/oadeoye/.m2/repository/com/beust/jcommander/1.82/jcommander-1.82.jar:/Users/oadeoye/.m2/repository/org/webjars/jquery/3.7.1/jquery-3.7.1.jar:/Users/oadeoye/.m2/repository/io/appium/java-client/9.2.2/java-client-9.2.2.jar:/Users/oadeoye/.m2/repository/org/seleniumhq/selenium/selenium-api/4.23.1/selenium-api-4.23.1.jar:/Users/oadeoye/.m2/repository/org/seleniumhq/selenium/selenium-remote-driver/4.23.1/selenium-remote-driver-4.23.1.jar:/Users/oadeoye/.m2/repository/com/google/auto/service/auto-service-annotations/1.1.1/auto-service-annotations-1.1.1.jar:/Users/oadeoye/.m2/repository/com/google/guava/guava/33.2.1-jre/guava-33.2.1-jre.jar:/Users/oadeoye/.m2/repository/com/google/guava/failureaccess/1.0.2/failureaccess-1.0.2.jar:/Users/oadeoye/.m2/repository/com/google/guava/listenablefuture/9999.0-empty-to-avoid-conflict-with-guava/listenablefuture-9999.0-empty-to-avoid-conflict-with-guava.jar:/Users/oadeoye/.m2/repository/com/google/code/findbugs/jsr305/3.0.2/jsr305-3.0.2.jar:/Users/oadeoye/.m2/repository/org/checkerframework/checker-qual/3.42.0/checker-qual-3.42.0.jar:/Users/oadeoye/.m2/repository/com/google/errorprone/error_prone_annotations/2.26.1/error_prone_annotations-2.26.1.jar:/Users/oadeoye/.m2/repository/com/google/j2objc/j2objc-annotations/3.0.0/j2objc-annotations-3.0.0.jar:/Users/oadeoye/.m2/repository/io/opentelemetry/semconv/opentelemetry-semconv/1.25.0-alpha/opentelemetry-semconv-1.25.0-alpha.jar:/Users/oadeoye/.m2/repository/io/opentelemetry/opentelemetry-api/1.40.0/opentelemetry-api-1.40.0.jar:/Users/oadeoye/.m2/repository/io/opentelemetry/opentelemetry-context/1.40.0/opentelemetry-context-1.40.0.jar:/Users/oadeoye/.m2/repository/io/opentelemetry/opentelemetry-exporter-logging/1.40.0/opentelemetry-exporter-logging-1.40.0.jar:/Users/oadeoye/.m2/repository/io/opentelemetry/opentelemetry-sdk-common/1.40.0/opentelemetry-sdk-common-1.40.0.jar:/Users/oadeoye/.m2/repository/io/opentelemetry/opentelemetry-sdk-extension-autoconfigure-spi/1.40.0/opentelemetry-sdk-extension-autoconfigure-spi-1.40.0.jar:/Users/oadeoye/.m2/repository/io/opentelemetry/opentelemetry-sdk-extension-autoconfigure/1.40.0/opentelemetry-sdk-extension-autoconfigure-1.40.0.jar:/Users/oadeoye/.m2/repository/io/opentelemetry/opentelemetry-api-incubator/1.40.0-alpha/opentelemetry-api-incubator-1.40.0-alpha.jar:/Users/oadeoye/.m2/repository/io/opentelemetry/opentelemetry-sdk-trace/1.40.0/opentelemetry-sdk-trace-1.40.0.jar:/Users/oadeoye/.m2/repository/io/opentelemetry/opentelemetry-sdk/1.40.0/opentelemetry-sdk-1.40.0.jar:/Users/oadeoye/.m2/repository/io/opentelemetry/opentelemetry-sdk-metrics/1.40.0/opentelemetry-sdk-metrics-1.40.0.jar:/Users/oadeoye/.m2/repository/io/opentelemetry/opentelemetry-sdk-logs/1.40.0/opentelemetry-sdk-logs-1.40.0.jar:/Users/oadeoye/.m2/repository/net/bytebuddy/byte-buddy/1.14.18/byte-buddy-1.14.18.jar:/Users/oadeoye/.m2/repository/org/seleniumhq/selenium/selenium-http/4.23.1/selenium-http-4.23.1.jar:/Users/oadeoye/.m2/repository/dev/failsafe/failsafe/3.3.2/failsafe-3.3.2.jar:/Users/oadeoye/.m2/repository/org/seleniumhq/selenium/selenium-json/4.23.1/selenium-json-4.23.1.jar:/Users/oadeoye/.m2/repository/org/seleniumhq/selenium/selenium-manager/4.23.1/selenium-manager-4.23.1.jar:/Users/oadeoye/.m2/repository/org/seleniumhq/selenium/selenium-os/4.23.1/selenium-os-4.23.1.jar:/Users/oadeoye/.m2/repository/org/apache/commons/commons-exec/1.4.0/commons-exec-1.4.0.jar:/Users/oadeoye/.m2/repository/org/seleniumhq/selenium/selenium-support/4.23.1/selenium-support-4.23.1.jar:/Users/oadeoye/.m2/repository/com/google/code/gson/gson/2.10.1/gson-2.10.1.jar:/Users/oadeoye/.m2/repository/org/seleniumhq/selenium/selenium-java/4.23.1/selenium-java-4.23.1.jar:/Users/oadeoye/.m2/repository/org/seleniumhq/selenium/selenium-chrome-driver/4.23.1/selenium-chrome-driver-4.23.1.jar:/Users/oadeoye/.m2/repository/org/seleniumhq/selenium/selenium-chromium-driver/4.23.1/selenium-chromium-driver-4.23.1.jar:/Users/oadeoye/.m2/repository/org/seleniumhq/selenium/selenium-devtools-v125/4.23.1/selenium-devtools-v125-4.23.1.jar:/Users/oadeoye/.m2/repository/org/seleniumhq/selenium/selenium-devtools-v126/4.23.1/selenium-devtools-v126-4.23.1.jar:/Users/oadeoye/.m2/repository/org/seleniumhq/selenium/selenium-devtools-v127/4.23.1/selenium-devtools-v127-4.23.1.jar:/Users/oadeoye/.m2/repository/org/seleniumhq/selenium/selenium-devtools-v85/4.23.1/selenium-devtools-v85-4.23.1.jar:/Users/oadeoye/.m2/repository/org/seleniumhq/selenium/selenium-edge-driver/4.23.1/selenium-edge-driver-4.23.1.jar:/Users/oadeoye/.m2/repository/org/seleniumhq/selenium/selenium-firefox-driver/4.23.1/selenium-firefox-driver-4.23.1.jar:/Users/oadeoye/.m2/repository/org/seleniumhq/selenium/selenium-ie-driver/4.23.1/selenium-ie-driver-4.23.1.jar:/Users/oadeoye/.m2/repository/org/seleniumhq/selenium/selenium-safari-driver/4.23.1/selenium-safari-driver-4.23.1.jar:/Users/oadeoye/.m2/repository/com/aventstack/extentreports/5.1.2/extentreports-5.1.2.jar:/Users/oadeoye/.m2/repository/io/reactivex/rxjava3/rxjava/3.1.6/rxjava-3.1.6.jar:/Users/oadeoye/.m2/repository/org/reactivestreams/reactive-streams/1.0.4/reactive-streams-1.0.4.jar:/Users/oadeoye/.m2/repository/org/freemarker/freemarker/2.3.32/freemarker-2.3.32.jar:/Users/oadeoye/.m2/repository/org/projectlombok/lombok/1.18.26/lombok-1.18.26.jar:/Users/oadeoye/.m2/repository/org/apache/logging/log4j/log4j-core/2.23.1/log4j-core-2.23.1.jar:/Users/oadeoye/.m2/repository/org/apache/logging/log4j/log4j-api/2.23.1/log4j-api-2.23.1.jar:/Users/oadeoye/.m2/repository/ch/qos/logback/logback-classic/1.5.6/logback-classic-1.5.6.jar:/Users/oadeoye/.m2/repository/ch/qos/logback/logback-core/1.5.6/logback-core-1.5.6.jar:/Users/oadeoye/.m2/repository/org/json/json/20240303/json-20240303.jar:"/>
    <property name="java.vm.vendor" value="Amazon.com Inc."/>
    <property name="sun.arch.data.model" value="64"/>
    <property name="java.vendor.url" value="https://aws.amazon.com/corretto/"/>
    <property name="user.timezone" value="Africa/Lagos"/>
    <property name="os.name" value="Mac OS X"/>
    <property name="java.vm.specification.version" value="22"/>
    <property name="sun.java.launcher" value="SUN_STANDARD"/>
    <property name="user.country" value="NG"/>
    <property name="sun.boot.library.path" value="/Library/Java/JavaVirtualMachines/amazon-corretto-22.jdk/Contents/Home/lib"/>
    <property name="sun.java.command" value="/Users/oadeoye/IdeaProjects/Hello-Again-Mobile/Hello-Again-Mobile/target/surefire/surefirebooter-20240815120700382_3.jar /Users/oadeoye/IdeaProjects/Hello-Again-Mobile/Hello-Again-Mobile/target/surefire 2024-08-15T12-07-00_087-jvmRun1 surefire-20240815120700382_1tmp surefire_0-20240815120700382_2tmp"/>
    <property name="http.nonProxyHosts" value="local|*.local|169.254/16|*.169.254/16"/>
    <property name="jdk.debug" value="release"/>
    <property name="surefire.test.class.path" value="/Users/oadeoye/IdeaProjects/Hello-Again-Mobile/Hello-Again-Mobile/target/test-classes:/Users/oadeoye/IdeaProjects/Hello-Again-Mobile/Hello-Again-Mobile/target/classes:/Users/oadeoye/.m2/repository/org/testng/testng/7.10.2/testng-7.10.2.jar:/Users/oadeoye/.m2/repository/org/slf4j/slf4j-api/1.7.36/slf4j-api-1.7.36.jar:/Users/oadeoye/.m2/repository/com/beust/jcommander/1.82/jcommander-1.82.jar:/Users/oadeoye/.m2/repository/org/webjars/jquery/3.7.1/jquery-3.7.1.jar:/Users/oadeoye/.m2/repository/io/appium/java-client/9.2.2/java-client-9.2.2.jar:/Users/oadeoye/.m2/repository/org/seleniumhq/selenium/selenium-api/4.23.1/selenium-api-4.23.1.jar:/Users/oadeoye/.m2/repository/org/seleniumhq/selenium/selenium-remote-driver/4.23.1/selenium-remote-driver-4.23.1.jar:/Users/oadeoye/.m2/repository/com/google/auto/service/auto-service-annotations/1.1.1/auto-service-annotations-1.1.1.jar:/Users/oadeoye/.m2/repository/com/google/guava/guava/33.2.1-jre/guava-33.2.1-jre.jar:/Users/oadeoye/.m2/repository/com/google/guava/failureaccess/1.0.2/failureaccess-1.0.2.jar:/Users/oadeoye/.m2/repository/com/google/guava/listenablefuture/9999.0-empty-to-avoid-conflict-with-guava/listenablefuture-9999.0-empty-to-avoid-conflict-with-guava.jar:/Users/oadeoye/.m2/repository/com/google/code/findbugs/jsr305/3.0.2/jsr305-3.0.2.jar:/Users/oadeoye/.m2/repository/org/checkerframework/checker-qual/3.42.0/checker-qual-3.42.0.jar:/Users/oadeoye/.m2/repository/com/google/errorprone/error_prone_annotations/2.26.1/error_prone_annotations-2.26.1.jar:/Users/oadeoye/.m2/repository/com/google/j2objc/j2objc-annotations/3.0.0/j2objc-annotations-3.0.0.jar:/Users/oadeoye/.m2/repository/io/opentelemetry/semconv/opentelemetry-semconv/1.25.0-alpha/opentelemetry-semconv-1.25.0-alpha.jar:/Users/oadeoye/.m2/repository/io/opentelemetry/opentelemetry-api/1.40.0/opentelemetry-api-1.40.0.jar:/Users/oadeoye/.m2/repository/io/opentelemetry/opentelemetry-context/1.40.0/opentelemetry-context-1.40.0.jar:/Users/oadeoye/.m2/repository/io/opentelemetry/opentelemetry-exporter-logging/1.40.0/opentelemetry-exporter-logging-1.40.0.jar:/Users/oadeoye/.m2/repository/io/opentelemetry/opentelemetry-sdk-common/1.40.0/opentelemetry-sdk-common-1.40.0.jar:/Users/oadeoye/.m2/repository/io/opentelemetry/opentelemetry-sdk-extension-autoconfigure-spi/1.40.0/opentelemetry-sdk-extension-autoconfigure-spi-1.40.0.jar:/Users/oadeoye/.m2/repository/io/opentelemetry/opentelemetry-sdk-extension-autoconfigure/1.40.0/opentelemetry-sdk-extension-autoconfigure-1.40.0.jar:/Users/oadeoye/.m2/repository/io/opentelemetry/opentelemetry-api-incubator/1.40.0-alpha/opentelemetry-api-incubator-1.40.0-alpha.jar:/Users/oadeoye/.m2/repository/io/opentelemetry/opentelemetry-sdk-trace/1.40.0/opentelemetry-sdk-trace-1.40.0.jar:/Users/oadeoye/.m2/repository/io/opentelemetry/opentelemetry-sdk/1.40.0/opentelemetry-sdk-1.40.0.jar:/Users/oadeoye/.m2/repository/io/opentelemetry/opentelemetry-sdk-metrics/1.40.0/opentelemetry-sdk-metrics-1.40.0.jar:/Users/oadeoye/.m2/repository/io/opentelemetry/opentelemetry-sdk-logs/1.40.0/opentelemetry-sdk-logs-1.40.0.jar:/Users/oadeoye/.m2/repository/net/bytebuddy/byte-buddy/1.14.18/byte-buddy-1.14.18.jar:/Users/oadeoye/.m2/repository/org/seleniumhq/selenium/selenium-http/4.23.1/selenium-http-4.23.1.jar:/Users/oadeoye/.m2/repository/dev/failsafe/failsafe/3.3.2/failsafe-3.3.2.jar:/Users/oadeoye/.m2/repository/org/seleniumhq/selenium/selenium-json/4.23.1/selenium-json-4.23.1.jar:/Users/oadeoye/.m2/repository/org/seleniumhq/selenium/selenium-manager/4.23.1/selenium-manager-4.23.1.jar:/Users/oadeoye/.m2/repository/org/seleniumhq/selenium/selenium-os/4.23.1/selenium-os-4.23.1.jar:/Users/oadeoye/.m2/repository/org/apache/commons/commons-exec/1.4.0/commons-exec-1.4.0.jar:/Users/oadeoye/.m2/repository/org/seleniumhq/selenium/selenium-support/4.23.1/selenium-support-4.23.1.jar:/Users/oadeoye/.m2/repository/com/google/code/gson/gson/2.10.1/gson-2.10.1.jar:/Users/oadeoye/.m2/repository/org/seleniumhq/selenium/selenium-java/4.23.1/selenium-java-4.23.1.jar:/Users/oadeoye/.m2/repository/org/seleniumhq/selenium/selenium-chrome-driver/4.23.1/selenium-chrome-driver-4.23.1.jar:/Users/oadeoye/.m2/repository/org/seleniumhq/selenium/selenium-chromium-driver/4.23.1/selenium-chromium-driver-4.23.1.jar:/Users/oadeoye/.m2/repository/org/seleniumhq/selenium/selenium-devtools-v125/4.23.1/selenium-devtools-v125-4.23.1.jar:/Users/oadeoye/.m2/repository/org/seleniumhq/selenium/selenium-devtools-v126/4.23.1/selenium-devtools-v126-4.23.1.jar:/Users/oadeoye/.m2/repository/org/seleniumhq/selenium/selenium-devtools-v127/4.23.1/selenium-devtools-v127-4.23.1.jar:/Users/oadeoye/.m2/repository/org/seleniumhq/selenium/selenium-devtools-v85/4.23.1/selenium-devtools-v85-4.23.1.jar:/Users/oadeoye/.m2/repository/org/seleniumhq/selenium/selenium-edge-driver/4.23.1/selenium-edge-driver-4.23.1.jar:/Users/oadeoye/.m2/repository/org/seleniumhq/selenium/selenium-firefox-driver/4.23.1/selenium-firefox-driver-4.23.1.jar:/Users/oadeoye/.m2/repository/org/seleniumhq/selenium/selenium-ie-driver/4.23.1/selenium-ie-driver-4.23.1.jar:/Users/oadeoye/.m2/repository/org/seleniumhq/selenium/selenium-safari-driver/4.23.1/selenium-safari-driver-4.23.1.jar:/Users/oadeoye/.m2/repository/com/aventstack/extentreports/5.1.2/extentreports-5.1.2.jar:/Users/oadeoye/.m2/repository/io/reactivex/rxjava3/rxjava/3.1.6/rxjava-3.1.6.jar:/Users/oadeoye/.m2/repository/org/reactivestreams/reactive-streams/1.0.4/reactive-streams-1.0.4.jar:/Users/oadeoye/.m2/repository/org/freemarker/freemarker/2.3.32/freemarker-2.3.32.jar:/Users/oadeoye/.m2/repository/org/projectlombok/lombok/1.18.26/lombok-1.18.26.jar:/Users/oadeoye/.m2/repository/org/apache/logging/log4j/log4j-core/2.23.1/log4j-core-2.23.1.jar:/Users/oadeoye/.m2/repository/org/apache/logging/log4j/log4j-api/2.23.1/log4j-api-2.23.1.jar:/Users/oadeoye/.m2/repository/ch/qos/logback/logback-classic/1.5.6/logback-classic-1.5.6.jar:/Users/oadeoye/.m2/repository/ch/qos/logback/logback-core/1.5.6/logback-core-1.5.6.jar:/Users/oadeoye/.m2/repository/org/json/json/20240303/json-20240303.jar:"/>
    <property name="sun.cpu.endian" value="little"/>
    <property name="user.home" value="/Users/oadeoye"/>
    <property name="user.language" value="en"/>
    <property name="java.specification.vendor" value="Oracle Corporation"/>
    <property name="java.version.date" value="2024-07-16"/>
    <property name="java.home" value="/Library/Java/JavaVirtualMachines/amazon-corretto-22.jdk/Contents/Home"/>
    <property name="file.separator" value="/"/>
    <property name="basedir" value="/Users/oadeoye/IdeaProjects/Hello-Again-Mobile/Hello-Again-Mobile"/>
    <property name="java.vm.compressedOopsMode" value="Zero based"/>
    <property name="line.separator" value="&#10;"/>
    <property name="java.vm.specification.vendor" value="Oracle Corporation"/>
    <property name="java.specification.name" value="Java Platform API Specification"/>
    <property name="apple.awt.application.name" value="ForkedBooter"/>
    <property name="surefire.real.class.path" value="/Users/oadeoye/IdeaProjects/Hello-Again-Mobile/Hello-Again-Mobile/target/surefire/surefirebooter-20240815120700382_3.jar"/>
    <property name="sun.management.compiler" value="HotSpot 64-Bit Tiered Compilers"/>
    <property name="ftp.nonProxyHosts" value="local|*.local|169.254/16|*.169.254/16"/>
    <property name="java.runtime.version" value="22.0.2+9-FR"/>
    <property name="user.name" value="oadeoye"/>
    <property name="stdout.encoding" value="UTF-8"/>
    <property name="path.separator" value=":"/>
    <property name="os.version" value="14.6.1"/>
    <property name="java.runtime.name" value="OpenJDK Runtime Environment"/>
    <property name="file.encoding" value="UTF-8"/>
    <property name="java.vm.name" value="OpenJDK 64-Bit Server VM"/>
    <property name="java.vendor.version" value="Corretto-22.0.2.9.1"/>
    <property name="platformName" value="Android"/>
    <property name="localRepository" value="/Users/oadeoye/.m2/repository"/>
    <property name="java.vendor.url.bug" value="https://github.com/corretto/corretto-22/issues/"/>
    <property name="java.io.tmpdir" value="/var/folders/92/r4qwdq2x1h71jdc6yhmdvpyj4b0kzj/T/"/>
    <property name="java.version" value="22.0.2"/>
    <property name="user.dir" value="/Users/oadeoye/IdeaProjects/Hello-Again-Mobile/Hello-Again-Mobile"/>
    <property name="os.arch" value="x86_64"/>
    <property name="java.vm.specification.name" value="Java Virtual Machine Specification"/>
    <property name="native.encoding" value="UTF-8"/>
    <property name="java.library.path" value="/Users/oadeoye/Library/Java/Extensions:/Library/Java/Extensions:/Network/Library/Java/Extensions:/System/Library/Java/Extensions:/usr/lib/java:."/>
    <property name="java.vm.info" value="mixed mode, sharing"/>
    <property name="stderr.encoding" value="UTF-8"/>
    <property name="java.vendor" value="Amazon.com Inc."/>
    <property name="java.vm.version" value="22.0.2+9-FR"/>
    <property name="sun.io.unicode.encoding" value="UnicodeBig"/>
    <property name="socksNonProxyHosts" value="local|*.local|169.254/16|*.169.254/16"/>
    <property name="java.class.version" value="66.0"/>
  </properties>
  <testcase name="loginTest[08990000500, 8378, Login successful](1)" classname="org.base.tests.LoginTest" time="2.373">
    <failure message="Can&apos;t locate an element by this strategy: By.xpath: android.widget.EditText[@index=&apos;5&apos;]" type="org.openqa.selenium.NoSuchElementException"><![CDATA[org.openqa.selenium.NoSuchElementException: Can't locate an element by this strategy: By.xpath: android.widget.EditText[@index='5']
	at io.appium.java_client.pagefactory.AppiumElementLocator.findElement(AppiumElementLocator.java:166)
	at io.appium.java_client.pagefactory.interceptors.InterceptorOfASingleElement.call(InterceptorOfASingleElement.java:75)
	at io.appium.java_client.proxy.Interceptor.intercept(Interceptor.java:78)
	at org.openqa.selenium.remote.RemoteWebElement$ByteBuddy$f47DLCWW.sendKeys(Unknown Source)
	at org.pages.LoginPage.enterPhoneNumber(LoginPage.java:32)
	at org.base.tests.LoginTest.loginTest(LoginTest.java:26)
	at java.base/jdk.internal.reflect.DirectMethodHandleAccessor.invoke(DirectMethodHandleAccessor.java:103)
	at java.base/java.lang.reflect.Method.invoke(Method.java:580)
	at org.testng.internal.invokers.MethodInvocationHelper.invokeMethod(MethodInvocationHelper.java:141)
	at org.testng.internal.invokers.TestInvoker.invokeMethod(TestInvoker.java:686)
	at org.testng.internal.invokers.TestInvoker.invokeTestMethod(TestInvoker.java:230)
	at org.testng.internal.invokers.MethodRunner.runInSequence(MethodRunner.java:63)
	at org.testng.internal.invokers.TestInvoker$MethodInvocationAgent.invoke(TestInvoker.java:992)
	at org.testng.internal.invokers.TestInvoker.invokeTestMethods(TestInvoker.java:203)
	at org.testng.internal.invokers.TestMethodWorker.invokeTestMethods(TestMethodWorker.java:154)
	at org.testng.internal.invokers.TestMethodWorker.run(TestMethodWorker.java:134)
	at java.base/java.util.ArrayList.forEach(ArrayList.java:1597)
	at org.testng.TestRunner.privateRun(TestRunner.java:739)
	at org.testng.TestRunner.run(TestRunner.java:614)
	at org.testng.SuiteRunner.runTest(SuiteRunner.java:421)
	at org.testng.SuiteRunner.runSequentially(SuiteRunner.java:413)
	at org.testng.SuiteRunner.privateRun(SuiteRunner.java:373)
	at org.testng.SuiteRunner.run(SuiteRunner.java:312)
	at org.testng.SuiteRunnerWorker.runSuite(SuiteRunnerWorker.java:52)
	at org.testng.SuiteRunnerWorker.run(SuiteRunnerWorker.java:95)
	at org.testng.TestNG.runSuitesSequentially(TestNG.java:1274)
	at org.testng.TestNG.runSuitesLocally(TestNG.java:1208)
	at org.testng.TestNG.runSuites(TestNG.java:1112)
	at org.testng.TestNG.run(TestNG.java:1079)
	at org.apache.maven.surefire.testng.TestNGExecutor.run(TestNGExecutor.java:308)
	at org.apache.maven.surefire.testng.TestNGXmlTestSuite.execute(TestNGXmlTestSuite.java:71)
	at org.apache.maven.surefire.testng.TestNGProvider.invoke(TestNGProvider.java:113)
	at org.apache.maven.surefire.booter.ForkedBooter.runSuitesInProcess(ForkedBooter.java:385)
	at org.apache.maven.surefire.booter.ForkedBooter.execute(ForkedBooter.java:162)
	at org.apache.maven.surefire.booter.ForkedBooter.run(ForkedBooter.java:507)
	at org.apache.maven.surefire.booter.ForkedBooter.main(ForkedBooter.java:495)
Caused by: org.openqa.selenium.TimeoutException: Expected condition failed: waiting for io.appium.java_client.pagefactory.AppiumElementLocator$WaitingFunction@46e64760 (tried for 1 second(s) with 500 milliseconds interval)
	at org.openqa.selenium.support.ui.FluentWait.timeoutException(FluentWait.java:265)
	at org.openqa.selenium.support.ui.FluentWait.until(FluentWait.java:228)
	at io.appium.java_client.pagefactory.AppiumElementLocator.waitFor(AppiumElementLocator.java:135)
	at io.appium.java_client.pagefactory.AppiumElementLocator.findElement(AppiumElementLocator.java:160)
	... 35 more
Caused by: org.openqa.selenium.NoSuchElementException: An element could not be located on the page using the given search parameters.
For documentation on this error, please visit: https://www.selenium.dev/documentation/webdriver/troubleshooting/errors#no-such-element-exception
Build info: version: '4.23.1', revision: '656257d8e9'
System info: os.name: 'Mac OS X', os.arch: 'x86_64', os.version: '14.6.1', java.version: '22.0.2'
Driver info: io.appium.java_client.AppiumDriver
Command: [9e22fe9b-42ec-4c33-ac40-3323cd69a4eb, findElement {using=xpath, value=android.widget.EditText[@index='5']}]
Capabilities {appium:appActivity: com.lenddo.mobile.paylater...., appium:appPackage: com.lenddo.mobile.paylater...., appium:autoGrantPermissions: true, appium:automationName: UIAutomator2, appium:databaseEnabled: false, appium:desired: {appActivity: com.lenddo.mobile.paylater...., appPackage: com.lenddo.mobile.paylater...., autoGrantPermissions: true, automationName: UIAutomator2, deviceName: Android Emulator, noReset: true, platformName: ANDROID}, appium:deviceApiLevel: 34, appium:deviceManufacturer: Google, appium:deviceModel: sdk_gphone64_arm64, appium:deviceName: emulator-5554, appium:deviceScreenDensity: 420, appium:deviceScreenSize: 1080x2092, appium:deviceUDID: emulator-5554, appium:javascriptEnabled: true, appium:locationContextEnabled: false, appium:networkConnectionEnabled: true, appium:noReset: true, appium:pixelRatio: 2.625, appium:platformVersion: 14, appium:statBarHeight: 144, appium:takesScreenshot: true, appium:viewportRect: {height: 1948, left: 0, top: 144, width: 1080}, appium:warnings: {}, appium:webStorageEnabled: false, platformName: ANDROID}
Session ID: 9e22fe9b-42ec-4c33-ac40-3323cd69a4eb
	at java.base/jdk.internal.reflect.DirectConstructorHandleAccessor.newInstance(DirectConstructorHandleAccessor.java:62)
	at java.base/java.lang.reflect.Constructor.newInstanceWithCaller(Constructor.java:502)
	at java.base/java.lang.reflect.Constructor.newInstance(Constructor.java:486)
	at org.openqa.selenium.remote.ErrorCodec.decode(ErrorCodec.java:167)
	at org.openqa.selenium.remote.codec.w3c.W3CHttpResponseCodec.decode(W3CHttpResponseCodec.java:138)
	at org.openqa.selenium.remote.codec.w3c.W3CHttpResponseCodec.decode(W3CHttpResponseCodec.java:50)
	at org.openqa.selenium.remote.HttpCommandExecutor.execute(HttpCommandExecutor.java:190)
	at io.appium.java_client.remote.AppiumCommandExecutor.execute(AppiumCommandExecutor.java:237)
	at org.openqa.selenium.remote.RemoteWebDriver.execute(RemoteWebDriver.java:545)
	at org.openqa.selenium.remote.ElementLocation$ElementFinder$2.findElement(ElementLocation.java:165)
	at org.openqa.selenium.remote.ElementLocation.findElement(ElementLocation.java:59)
	at org.openqa.selenium.remote.RemoteWebDriver.findElement(RemoteWebDriver.java:368)
	at org.openqa.selenium.remote.RemoteWebDriver.findElement(RemoteWebDriver.java:362)
	at io.appium.java_client.pagefactory.bys.ContentMappedBy.findElement(ContentMappedBy.java:53)
	at org.openqa.selenium.remote.ElementLocation$ElementFinder$1.findElement(ElementLocation.java:139)
	at org.openqa.selenium.remote.ElementLocation.findElement(ElementLocation.java:59)
	at org.openqa.selenium.remote.RemoteWebDriver.findElement(RemoteWebDriver.java:368)
	at org.openqa.selenium.remote.RemoteWebDriver.findElement(RemoteWebDriver.java:362)
	at io.appium.java_client.pagefactory.AppiumElementLocator.lambda$findElement$1(AppiumElementLocator.java:160)
	at io.appium.java_client.pagefactory.AppiumElementLocator$WaitingFunction.apply(AppiumElementLocator.java:217)
	at io.appium.java_client.pagefactory.AppiumElementLocator$WaitingFunction.apply(AppiumElementLocator.java:210)
	at org.openqa.selenium.support.ui.FluentWait.until(FluentWait.java:203)
	... 37 more
]]></failure>
    <system-out><![CDATA[&amp#27;[38;5;112m[Appium]&amp#27;[0m Welcome to Appium v2.11.2 (REV e0bc557e7b991cb23583679e1cf1c8a92b793aeb)
&amp#27;[38;5;112m[Appium]&amp#27;[0m Non-default server args:
&amp#27;[38;5;112m[Appium]&amp#27;[0m { address: &amp#27;[32m'127.0.0.1'&amp#27;[39m, basePath: &amp#27;[32m'/wd/hub/'&amp#27;[39m }
&amp#27;[38;5;112m[Appium]&amp#27;[0m The autodetected Appium home path: /Users/oadeoye/.appium
&amp#27;[38;5;112m[Appium]&amp#27;[0m Attempting to load driver uiautomator2...
&amp#27;[38;5;112m[Appium]&amp#27;[0m Attempting to load driver xcuitest...
&amp#27;[38;5;112m[Appium]&amp#27;[0m Attempting to load driver mac2...
&amp#27;[38;5;112m[Appium]&amp#27;[0m Requiring driver at /Users/oadeoye/.appium/node_modules/appium-uiautomator2-driver/build/index.js
&amp#27;[38;5;112m[Appium]&amp#27;[0m Requiring driver at /Users/oadeoye/.appium/node_modules/appium-xcuitest-driver/build/index.js
&amp#27;[38;5;112m[Appium]&amp#27;[0m Requiring driver at /Users/oadeoye/.appium/node_modules/appium-mac2-driver/build/index.js
&amp#27;[38;5;112m[Appium]&amp#27;[0m AndroidUiautomator2Driver has been successfully loaded in 4.984s
&amp#27;[38;5;112m[Appium]&amp#27;[0m XCUITestDriver has been successfully loaded in 4.984s
&amp#27;[38;5;112m[Appium]&amp#27;[0m Mac2Driver has been successfully loaded in 4.984s
&amp#27;[38;5;112m[Appium]&amp#27;[0m Attempting to load driver espresso...
&amp#27;[38;5;112m[Appium]&amp#27;[0m Attempting to load driver safari...
&amp#27;[38;5;112m[Appium]&amp#27;[0m Attempting to load driver gecko...
&amp#27;[38;5;112m[Appium]&amp#27;[0m Requiring driver at /Users/oadeoye/.appium/node_modules/appium-safari-driver/build/index.js
&amp#27;[38;5;112m[Appium]&amp#27;[0m SafariDriver has been successfully loaded in 0.190s
&amp#27;[38;5;112m[Appium]&amp#27;[0m Requiring driver at /Users/oadeoye/.appium/node_modules/appium-geckodriver/build/index.js
&amp#27;[38;5;112m[Appium]&amp#27;[0m GeckoDriver has been successfully loaded in 0.345s
&amp#27;[38;5;112m[Appium]&amp#27;[0m Requiring driver at /Users/oadeoye/.appium/node_modules/appium-espresso-driver/build/index.js
&amp#27;[38;5;112m[Appium]&amp#27;[0m EspressoDriver has been successfully loaded in 2.931s
(node:15846) MaxListenersExceededWarning: Possible EventEmitter memory leak detected. 11 exit listeners added to [process]. Use emitter.setMaxListeners() to increase limit
(Use `node --trace-warnings ...` to show where the warning was created)
&amp#27;[38;5;112m[Appium]&amp#27;[0m Appium REST http interface listener started on http://127.0.0.1:4723/wd/hub
&amp#27;[38;5;112m[Appium]&amp#27;[0m Available drivers:
&amp#27;[38;5;112m[Appium]&amp#27;[0m   - uiautomator2@3.7.4 (automationName 'UiAutomator2')
&amp#27;[38;5;112m[Appium]&amp#27;[0m   - xcuitest@7.24.2 (automationName 'XCUITest')
&amp#27;[38;5;112m[Appium]&amp#27;[0m   - mac2@1.18.2 (automationName 'Mac2')
&amp#27;[38;5;112m[Appium]&amp#27;[0m   - espresso@3.3.0 (automationName 'Espresso')
&amp#27;[38;5;112m[Appium]&amp#27;[0m   - safari@3.5.16 (automationName 'Safari')
&amp#27;[38;5;112m[Appium]&amp#27;[0m   - gecko@1.3.8 (automationName 'Gecko')
&amp#27;[38;5;112m[Appium]&amp#27;[0m Available plugins:
&amp#27;[38;5;112m[Appium]&amp#27;[0m   - images@3.0.17
&amp#27;[38;5;112m[Appium]&amp#27;[0m   - relaxed-caps@1.0.6
&amp#27;[38;5;112m[Appium]&amp#27;[0m   - execute-driver@3.0.32
&amp#27;[38;5;112m[Appium]&amp#27;[0m   - universal-xml@1.0.20
&amp#27;[38;5;112m[Appium]&amp#27;[0m   - appium-reporter-plugin@1.1.0-beta.04
&amp#27;[38;5;112m[Appium]&amp#27;[0m   - element-wait@3.0.2
&amp#27;[38;5;112m[Appium]&amp#27;[0m No plugins activated. Use the --use-plugins flag with names of plugins to activate
&amp#27;[38;5;86m[HTTP]&amp#27;[0m &amp#27;[37m-->&amp#27;[39m &amp#27;[37mGET&amp#27;[39m &amp#27;[37m/wd/hub/status&amp#27;[39m &amp#27;[90m{}&amp#27;[39m
&amp#27;[38;5;67m[AppiumDriver@31a2]&amp#27;[0m Calling AppiumDriver.getStatus() with args: []
&amp#27;[38;5;67m[AppiumDriver@31a2]&amp#27;[0m Responding to client with driver.getStatus() result: {"ready":true,"message":"The server is ready to accept new connections","build":{"version":"2.11.2","git-sha":"e0bc557e7b991cb23583679e1cf1c8a92b793aeb","built":"2024-05-20 09:53:41 +0100"}}
&amp#27;[38;5;86m[HTTP]&amp#27;[0m &amp#27;[37m<-- GET /wd/hub/status &amp#27;[39m&amp#27;[32m200&amp#27;[39m &amp#27;[90m5 ms - 200&amp#27;[39m &amp#27;[90m&amp#27;[39m
&amp#27;[38;5;86m[HTTP]&amp#27;[0m Request idempotency key: 3ff83095-1ab3-4433-8659-ab6a917d6e2e
&amp#27;[38;5;86m[HTTP]&amp#27;[0m &amp#27;[37m-->&amp#27;[39m &amp#27;[37mPOST&amp#27;[39m &amp#27;[37m/wd/hub/session&amp#27;[39m &amp#27;[90m{"capabilities":{"firstMatch":[{}],"alwaysMatch":{"appium:noReset":true,"appium:autoGrantPermissions":true,"appium:appPackage":"com.lenddo.mobile.paylater.staging","appium:automationName":"UIAutomator2","platformName":"ANDROID","appium:appActivity":"com.lenddo.mobile.paylater.SplashActivity","appium:deviceName":"Android Emulator"}}}&amp#27;[39m
&amp#27;[38;5;67m[AppiumDriver@31a2]&amp#27;[0m Calling AppiumDriver.createSession() with args: [null,null,{"firstMatch":[{}],"alwaysMatch":{"appium:noReset":true,"appium:autoGrantPermissions":true,"appium:appPackage":"com.lenddo.mobile.paylater.staging","appium:automationName":"UIAutomator2","platformName":"ANDROID","appium:appActivity":"com.lenddo.mobile.paylater.SplashActivity","appium:deviceName":"Android Emulator"}}]
&amp#27;[38;5;67m[AppiumDriver@31a2]&amp#27;[0m Event 'newSessionRequested' logged at 1723720039063 (12:07:19 GMT+0100 (West Africa Standard Time))
&amp#27;[38;5;112m[Appium]&amp#27;[0m Attempting to find matching driver for automationName 'UIAutomator2' and platformName 'ANDROID'
&amp#27;[38;5;112m[Appium]&amp#27;[0m The 'uiautomator2' driver was installed and matched caps.
&amp#27;[38;5;112m[Appium]&amp#27;[0m Will require it at /Users/oadeoye/.appium/node_modules/appium-uiautomator2-driver
&amp#27;[38;5;112m[Appium]&amp#27;[0m Requiring driver at /Users/oadeoye/.appium/node_modules/appium-uiautomator2-driver/build/index.js
&amp#27;[38;5;67m[AppiumDriver@31a2]&amp#27;[0m Appium v2.11.2 creating new AndroidUiautomator2Driver (v3.7.4) session
&amp#27;[38;5;67m[AppiumDriver@31a2]&amp#27;[0m Checking BaseDriver versions for Appium and AndroidUiautomator2Driver
&amp#27;[38;5;67m[AppiumDriver@31a2]&amp#27;[0m Appium's BaseDriver version is 9.11.2
&amp#27;[38;5;67m[AppiumDriver@31a2]&amp#27;[0m AndroidUiautomator2Driver's BaseDriver version is 9.5.0
&amp#27;[38;5;-77m[AndroidUiautomator2Driver@aa35]&amp#27;[0m Creating session with W3C capabilities: {
&amp#27;[38;5;-77m[AndroidUiautomator2Driver@aa35]&amp#27;[0m   "alwaysMatch": {
&amp#27;[38;5;-77m[AndroidUiautomator2Driver@aa35]&amp#27;[0m     "platformName": "ANDROID",
&amp#27;[38;5;-77m[AndroidUiautomator2Driver@aa35]&amp#27;[0m     "appium:noReset": true,
&amp#27;[38;5;-77m[AndroidUiautomator2Driver@aa35]&amp#27;[0m     "appium:autoGrantPermissions": true,
&amp#27;[38;5;-77m[AndroidUiautomator2Driver@aa35]&amp#27;[0m     "appium:appPackage": "com.lenddo.mobile.paylater.staging",
&amp#27;[38;5;-77m[AndroidUiautomator2Driver@aa35]&amp#27;[0m     "appium:automationName": "UIAutomator2",
&amp#27;[38;5;-77m[AndroidUiautomator2Driver@aa35]&amp#27;[0m     "appium:appActivity": "com.lenddo.mobile.paylater.SplashActivity",
&amp#27;[38;5;-77m[AndroidUiautomator2Driver@aa35]&amp#27;[0m     "appium:deviceName": "Android Emulator"
&amp#27;[38;5;-77m[AndroidUiautomator2Driver@aa35]&amp#27;[0m   },
&amp#27;[38;5;-77m[AndroidUiautomator2Driver@aa35]&amp#27;[0m   "firstMatch": [
&amp#27;[38;5;-77m[AndroidUiautomator2Driver@aa35]&amp#27;[0m     {}
&amp#27;[38;5;-77m[AndroidUiautomator2Driver@aa35]&amp#27;[0m   ]
&amp#27;[38;5;-77m[AndroidUiautomator2Driver@aa35]&amp#27;[0m }
&amp#27;[38;5;28m[AndroidUiautomator2Driver@aa35 (9e22fe9b)]&amp#27;[0m Session created with session id: 9e22fe9b-42ec-4c33-ac40-3323cd69a4eb
&amp#27;[38;5;229m[ADB]&amp#27;[0m Found 12 'build-tools' folders under '/users/oadeoye/Library/Android/sdk' (newest first):
&amp#27;[38;5;229m[ADB]&amp#27;[0m     /users/oadeoye/Library/Android/sdk/build-tools/35.0.0
&amp#27;[38;5;229m[ADB]&amp#27;[0m     /users/oadeoye/Library/Android/sdk/build-tools/35.0.0-rc3
&amp#27;[38;5;229m[ADB]&amp#27;[0m     /users/oadeoye/Library/Android/sdk/build-tools/35.0.0-rc2
&amp#27;[38;5;229m[ADB]&amp#27;[0m     /users/oadeoye/Library/Android/sdk/build-tools/35.0.0-rc1
&amp#27;[38;5;229m[ADB]&amp#27;[0m     /users/oadeoye/Library/Android/sdk/build-tools/34.0.0
&amp#27;[38;5;229m[ADB]&amp#27;[0m     /users/oadeoye/Library/Android/sdk/build-tools/34.0.0-rc1
&amp#27;[38;5;229m[ADB]&amp#27;[0m     /users/oadeoye/Library/Android/sdk/build-tools/33.0.1
&amp#27;[38;5;229m[ADB]&amp#27;[0m     /users/oadeoye/Library/Android/sdk/build-tools/33.0.0
&amp#27;[38;5;229m[ADB]&amp#27;[0m     /users/oadeoye/Library/Android/sdk/build-tools/33.0.0-rc1
&amp#27;[38;5;229m[ADB]&amp#27;[0m     /users/oadeoye/Library/Android/sdk/build-tools/32.1.0-rc1
&amp#27;[38;5;229m[ADB]&amp#27;[0m     /users/oadeoye/Library/Android/sdk/build-tools/32.0.0
&amp#27;[38;5;229m[ADB]&amp#27;[0m     /users/oadeoye/Library/Android/sdk/build-tools/30.0.3
&amp#27;[38;5;229m[ADB]&amp#27;[0m Using 'adb' from '/users/oadeoye/Library/Android/sdk/platform-tools/adb'
&amp#27;[38;5;229m[ADB]&amp#27;[0m Running '/users/oadeoye/Library/Android/sdk/platform-tools/adb -P 5037 start-server'
&amp#27;[38;5;28m[AndroidUiautomator2Driver@aa35 (9e22fe9b)]&amp#27;[0m Retrieving device list
&amp#27;[38;5;229m[ADB]&amp#27;[0m Trying to find connected Android devices
&amp#27;[38;5;229m[ADB]&amp#27;[0m Getting connected devices
&amp#27;[38;5;229m[ADB]&amp#27;[0m Connected devices: [{"udid":"emulator-5554","state":"device"}]
&amp#27;[38;5;28m[AndroidUiautomator2Driver@aa35 (9e22fe9b)]&amp#27;[0m Using device: emulator-5554
&amp#27;[38;5;229m[ADB]&amp#27;[0m Using 'adb' from '/users/oadeoye/Library/Android/sdk/platform-tools/adb'
&amp#27;[38;5;229m[ADB]&amp#27;[0m Running '/users/oadeoye/Library/Android/sdk/platform-tools/adb -P 5037 start-server'
&amp#27;[38;5;229m[ADB]&amp#27;[0m Setting device id to emulator-5554
&amp#27;[38;5;28m[AndroidUiautomator2Driver@aa35 (9e22fe9b)]&amp#27;[0m Starting 'com.lenddo.mobile.paylater.staging' directly on the device
&amp#27;[38;5;229m[ADB]&amp#27;[0m Running '/users/oadeoye/Library/Android/sdk/platform-tools/adb -P 5037 -s emulator-5554 shell getprop ro.build.version.sdk'
&amp#27;[38;5;229m[ADB]&amp#27;[0m Current device property 'ro.build.version.sdk': 34
&amp#27;[38;5;229m[ADB]&amp#27;[0m Getting device platform version
&amp#27;[38;5;229m[ADB]&amp#27;[0m Running '/users/oadeoye/Library/Android/sdk/platform-tools/adb -P 5037 -s emulator-5554 shell getprop ro.build.version.release'
&amp#27;[38;5;229m[ADB]&amp#27;[0m Current device property 'ro.build.version.release': 14
&amp#27;[38;5;229m[ADB]&amp#27;[0m Device API level: 34
&amp#27;[38;5;28m[AndroidUiautomator2Driver@aa35 (9e22fe9b)]&amp#27;[0m Relaxing hidden api policy
&amp#27;[38;5;229m[ADB]&amp#27;[0m Running '/users/oadeoye/Library/Android/sdk/platform-tools/adb -P 5037 -s emulator-5554 shell 'settings put global hidden_api_policy_pre_p_apps 1;settings put global hidden_api_policy_p_apps 1;settings put global hidden_api_policy 1''
&amp#27;[38;5;28m[AndroidUiautomator2Driver@aa35 (9e22fe9b)]&amp#27;[0m No app sent in, not parsing package/activity
&amp#27;[38;5;229m[ADB]&amp#27;[0m Running '/users/oadeoye/Library/Android/sdk/platform-tools/adb -P 5037 -s emulator-5554 wait-for-device'
&amp#27;[38;5;229m[ADB]&amp#27;[0m Running '/users/oadeoye/Library/Android/sdk/platform-tools/adb -P 5037 -s emulator-5554 shell echo ping'
&amp#27;[38;5;28m[AndroidUiautomator2Driver@aa35 (9e22fe9b)]&amp#27;[0m Pushing settings apk to the device...
&amp#27;[38;5;229m[ADB]&amp#27;[0m Getting package info for 'io.appium.settings'
&amp#27;[38;5;229m[ADB]&amp#27;[0m Running '/users/oadeoye/Library/Android/sdk/platform-tools/adb -P 5037 -s emulator-5554 shell dumpsys package io.appium.settings'
&amp#27;[38;5;229m[ADB]&amp#27;[0m Using 'aapt2' from '/users/oadeoye/Library/Android/sdk/build-tools/35.0.0/aapt2'
&amp#27;[38;5;229m[ADB]&amp#27;[0m Reading package manifest: '/users/oadeoye/Library/Android/sdk/build-tools/35.0.0/aapt2 dump badging /Users/oadeoye/.appium/node_modules/appium-uiautomator2-driver/node_modules/io.appium.settings/apks/settings_apk-debug.apk'
&amp#27;[38;5;229m[ADB]&amp#27;[0m The version name of the installed 'io.appium.settings' is greater or equal to the application version name ('5.12.7' >= '5.12.7')
&amp#27;[38;5;229m[ADB]&amp#27;[0m There is no need to install/upgrade '/Users/oadeoye/.appium/node_modules/appium-uiautomator2-driver/node_modules/io.appium.settings/apks/settings_apk-debug.apk'
&amp#27;[38;5;229m[ADB]&amp#27;[0m Running '/users/oadeoye/Library/Android/sdk/platform-tools/adb -P 5037 -s emulator-5554 shell dumpsys activity services io.appium.settings'
&amp#27;[38;5;28m[AndroidUiautomator2Driver@aa35 (9e22fe9b)]&amp#27;[0m io.appium.settings is already running. There is no need to reset its permissions.
&amp#27;[38;5;160m[Logcat]&amp#27;[0m Starting logs capture with command: /users/oadeoye/Library/Android/sdk/platform-tools/adb -P 5037 -s emulator-5554 logcat -v threadtime
&amp#27;[38;5;28m[AndroidUiautomator2Driver@aa35 (9e22fe9b)]&amp#27;[0m Forwarding UiAutomator2 Server port 6790 to local port 8200
&amp#27;[38;5;229m[ADB]&amp#27;[0m Forwarding system: 8200 to device: 6790
&amp#27;[38;5;229m[ADB]&amp#27;[0m Running '/users/oadeoye/Library/Android/sdk/platform-tools/adb -P 5037 -s emulator-5554 forward tcp:8200 tcp:6790'
&amp#27;[38;5;229m[ADB]&amp#27;[0m Getting package info for 'io.appium.uiautomator2.server'
&amp#27;[38;5;229m[ADB]&amp#27;[0m Running '/users/oadeoye/Library/Android/sdk/platform-tools/adb -P 5037 -s emulator-5554 shell dumpsys package io.appium.uiautomator2.server'
&amp#27;[38;5;229m[ADB]&amp#27;[0m Getting install status for io.appium.uiautomator2.server.test
&amp#27;[38;5;28m[AndroidUiautomator2Driver@aa35 (9e22fe9b)]&amp#27;[0m No app capability. Assuming it is already on the device
&amp#27;[38;5;229m[ADB]&amp#27;[0m Running '/users/oadeoye/Library/Android/sdk/platform-tools/adb -P 5037 -s emulator-5554 shell cmd package list packages'
&amp#27;[38;5;229m[ADB]&amp#27;[0m 'io.appium.uiautomator2.server.test' is installed
&amp#27;[38;5;229m[ADB]&amp#27;[0m Reading package manifest: '/users/oadeoye/Library/Android/sdk/build-tools/35.0.0/aapt2 dump badging /Users/oadeoye/.appium/node_modules/appium-uiautomator2-driver/node_modules/appium-uiautomator2-server/apks/appium-uiautomator2-server-v7.0.20.apk'
&amp#27;[38;5;229m[ADB]&amp#27;[0m The version name of the installed 'io.appium.uiautomator2.server' is greater or equal to the application version name ('7.0.20' >= '7.0.20')
&amp#27;[38;5;28m[AndroidUiautomator2Driver@aa35 (9e22fe9b)]&amp#27;[0m Server packages status: [{"installState":"sameVersionInstalled","appPath":"/Users/oadeoye/.appium/node_modules/appium-uiautomator2-driver/node_modules/appium-uiautomator2-server/apks/appium-uiautomator2-server-v7.0.20.apk","appId":"io.appium.uiautomator2.server"},{"installState":"sameVersionInstalled","appPath":"/Users/oadeoye/.appium/node_modules/appium-uiautomator2-driver/node_modules/appium-uiautomator2-server/apks/appium-uiautomator2-server-debug-androidTest.apk","appId":"io.appium.uiautomator2.server.test"}]
&amp#27;[38;5;28m[AndroidUiautomator2Driver@aa35 (9e22fe9b)]&amp#27;[0m Server packages are not going to be (re)installed
&amp#27;[38;5;28m[AndroidUiautomator2Driver@aa35 (9e22fe9b)]&amp#27;[0m Waiting up to 30000ms for services to be available
&amp#27;[38;5;229m[ADB]&amp#27;[0m Running '/users/oadeoye/Library/Android/sdk/platform-tools/adb -P 5037 -s emulator-5554 shell pm list instrumentation'
&amp#27;[38;5;28m[AndroidUiautomator2Driver@aa35 (9e22fe9b)]&amp#27;[0m Instrumentation target 'io.appium.uiautomator2.server.test/androidx.test.runner.AndroidJUnitRunner' is available
&amp#27;[38;5;229m[ADB]&amp#27;[0m Adding packages ["io.appium.settings","io.appium.uiautomator2.server","io.appium.uiautomator2.server.test"] to Doze whitelist
&amp#27;[38;5;229m[ADB]&amp#27;[0m Got the following command chunks to execute: [["dumpsys","deviceidle","whitelist","+io.appium.settings",";","dumpsys","deviceidle","whitelist","+io.appium.uiautomator2.server",";","dumpsys","deviceidle","whitelist","+io.appium.uiautomator2.server.test",";"]]
&amp#27;[38;5;229m[ADB]&amp#27;[0m Running '/users/oadeoye/Library/Android/sdk/platform-tools/adb -P 5037 -s emulator-5554 shell dumpsys deviceidle whitelist +io.appium.settings ; dumpsys deviceidle whitelist +io.appium.uiautomator2.server ; dumpsys deviceidle whitelist +io.appium.uiautomator2.server.test ;'
&amp#27;[38;5;28m[AndroidUiautomator2Driver@aa35 (9e22fe9b)]&amp#27;[0m Performing shallow cleanup of automation leftovers
&amp#27;[38;5;28m[AndroidUiautomator2Driver@aa35 (9e22fe9b)]&amp#27;[0m No obsolete sessions have been detected (socket hang up)
&amp#27;[38;5;229m[ADB]&amp#27;[0m Running '/users/oadeoye/Library/Android/sdk/platform-tools/adb -P 5037 -s emulator-5554 shell am force-stop io.appium.uiautomator2.server'
&amp#27;[38;5;229m[ADB]&amp#27;[0m Running '/users/oadeoye/Library/Android/sdk/platform-tools/adb -P 5037 -s emulator-5554 shell am force-stop io.appium.uiautomator2.server.test'
&amp#27;[38;5;28m[AndroidUiautomator2Driver@aa35 (9e22fe9b)]&amp#27;[0m Starting UIAutomator2 server 7.0.20
&amp#27;[38;5;28m[AndroidUiautomator2Driver@aa35 (9e22fe9b)]&amp#27;[0m Using UIAutomator2 server from '/Users/oadeoye/.appium/node_modules/appium-uiautomator2-driver/node_modules/appium-uiautomator2-server/apks/appium-uiautomator2-server-v7.0.20.apk' and test from '/Users/oadeoye/.appium/node_modules/appium-uiautomator2-driver/node_modules/appium-uiautomator2-server/apks/appium-uiautomator2-server-debug-androidTest.apk'
&amp#27;[38;5;28m[AndroidUiautomator2Driver@aa35 (9e22fe9b)]&amp#27;[0m Waiting up to 30000ms for UiAutomator2 to be online...
&amp#27;[38;5;229m[ADB]&amp#27;[0m Creating ADB subprocess with args: ["-P","5037","-s","emulator-5554","shell","am","instrument","-w","-e","disableAnalytics","true","io.appium.uiautomator2.server.test/androidx.test.runner.AndroidJUnitRunner"]
&amp#27;[38;5;28m[AndroidUiautomator2Driver@aa35 (9e22fe9b)]&amp#27;[0m Matched '/status' to command name 'getStatus'
&amp#27;[38;5;28m[AndroidUiautomator2Driver@aa35 (9e22fe9b)]&amp#27;[0m Proxying [GET /status] to [GET http://127.0.0.1:8200/status] with no body
&amp#27;[38;5;28m[AndroidUiautomator2Driver@aa35 (9e22fe9b)]&amp#27;[0m socket hang up
&amp#27;[38;5;28m[AndroidUiautomator2Driver@aa35 (9e22fe9b)]&amp#27;[0m Matched '/status' to command name 'getStatus'
&amp#27;[38;5;28m[AndroidUiautomator2Driver@aa35 (9e22fe9b)]&amp#27;[0m Proxying [GET /status] to [GET http://127.0.0.1:8200/status] with no body
&amp#27;[38;5;28m[AndroidUiautomator2Driver@aa35 (9e22fe9b)]&amp#27;[0m socket hang up
&amp#27;[38;5;28m[AndroidUiautomator2Driver@aa35 (9e22fe9b)]&amp#27;[0m [Instrumentation] 
&amp#27;[38;5;28m[AndroidUiautomator2Driver@aa35 (9e22fe9b)]&amp#27;[0m Matched '/status' to command name 'getStatus'
&amp#27;[38;5;28m[AndroidUiautomator2Driver@aa35 (9e22fe9b)]&amp#27;[0m Proxying [GET /status] to [GET http://127.0.0.1:8200/status] with no body
&amp#27;[38;5;28m[AndroidUiautomator2Driver@aa35 (9e22fe9b)]&amp#27;[0m socket hang up
&amp#27;[38;5;28m[AndroidUiautomator2Driver@aa35 (9e22fe9b)]&amp#27;[0m Matched '/status' to command name 'getStatus'
&amp#27;[38;5;28m[AndroidUiautomator2Driver@aa35 (9e22fe9b)]&amp#27;[0m Proxying [GET /status] to [GET http://127.0.0.1:8200/status] with no body
&amp#27;[38;5;28m[AndroidUiautomator2Driver@aa35 (9e22fe9b)]&amp#27;[0m Got response with status 200: {"sessionId":"None","value":{"message":"UiAutomator2 Server is ready to accept commands","ready":true}}
&amp#27;[38;5;28m[AndroidUiautomator2Driver@aa35 (9e22fe9b)]&amp#27;[0m The initialization of the instrumentation process took 3086ms
&amp#27;[38;5;28m[AndroidUiautomator2Driver@aa35 (9e22fe9b)]&amp#27;[0m Matched '/session' to command name 'createSession'
&amp#27;[38;5;28m[AndroidUiautomator2Driver@aa35 (9e22fe9b)]&amp#27;[0m Proxying [POST /session] to [POST http://127.0.0.1:8200/session] with body: {"capabilities":{"firstMatch":[{"platformName":"ANDROID","noReset":true,"autoGrantPermissions":true,"appPackage":"com.lenddo.mobile.paylater.staging","automationName":"UIAutomator2","appActivity":"com.lenddo.mobile.paylater.SplashActivity","deviceName":"emulator-5554","platform":"LINUX","webStorageEnabled":false,"takesScreenshot":true,"javascriptEnabled":true,"databaseEnabled":false,"networkConnectionEnabled":true,"locationContextEnabled":false,"warnings":{},"desired":{"platformName":"ANDROID","noReset":true,"autoGrantPermissions":true,"appPackage":"com.lenddo.mobile.paylater.staging","automationName":"UIAutomator2","appActivity":"com.lenddo.mobile.paylater.SplashActivity","deviceName":"Android Emulator"},"deviceUDID":"emulator-5554"}],"alwaysMatch":{}}}
&amp#27;[38;5;28m[AndroidUiautomator2Driver@aa35 (9e22fe9b)]&amp#27;[0m Got response with status 200: {"sessionId":"3871ac39-73da-4c2a-b072-918489c17f04","value":{"capabilities":{"firstMatch":[{"platformName":"ANDROID","noReset":true,"autoGrantPermissions":true,"appPackage":"com.lenddo.mobile.paylater.staging","automationName":"UIAutomator2","appActivity":"com.lenddo.mobile.paylater.SplashActivity","deviceName":"emulator-5554","platform":"LINUX","webStorageEnabled":false,"takesScreenshot":true,"javascriptEnabled":true,"databaseEnabled":false,"networkConnectionEnabled":true,"locationContextEnabled":false,"warnings":{},"desired":{"platformName":"ANDROID","noReset":true,"autoGrantPermissions":true,"appPackage":"com.lenddo.mobile.paylater.staging","automationName":"UIAutomator2","appActivity":"com.lenddo.mobile.paylater.SplashActivity","deviceName":"Android Emulator"},"deviceUDID":"emulator-5554"}],"alwaysMatch":{}},"sessionId":"3871ac39-73da-4c2a-b072-918489c17f04"}}
&amp#27;[38;5;28m[AndroidUiautomator2Driver@aa35 (9e22fe9b)]&amp#27;[0m Determined the downstream protocol as 'W3C'
&amp#27;[38;5;28m[AndroidUiautomator2Driver@aa35 (9e22fe9b)]&amp#27;[0m Proxying [GET /appium/device/pixel_ratio] to [GET http://127.0.0.1:8200/session/3871ac39-73da-4c2a-b072-918489c17f04/appium/device/pixel_ratio] with no body
&amp#27;[38;5;28m[AndroidUiautomator2Driver@aa35 (9e22fe9b)]&amp#27;[0m Matched '/appium/device/system_bars' to command name 'getSystemBars'
&amp#27;[38;5;28m[AndroidUiautomator2Driver@aa35 (9e22fe9b)]&amp#27;[0m Proxying [GET /appium/device/system_bars] to [GET http://127.0.0.1:8200/session/3871ac39-73da-4c2a-b072-918489c17f04/appium/device/system_bars] with no body
&amp#27;[38;5;28m[AndroidUiautomator2Driver@aa35 (9e22fe9b)]&amp#27;[0m Matched '/window/current/size' to command name 'getWindowSize'
&amp#27;[38;5;28m[AndroidUiautomator2Driver@aa35 (9e22fe9b)]&amp#27;[0m Proxying [GET /window/current/size] to [GET http://127.0.0.1:8200/session/3871ac39-73da-4c2a-b072-918489c17f04/window/current/size] with no body
&amp#27;[38;5;28m[AndroidUiautomator2Driver@aa35 (9e22fe9b)]&amp#27;[0m Proxying [GET /appium/device/info] to [GET http://127.0.0.1:8200/session/3871ac39-73da-4c2a-b072-918489c17f04/appium/device/info] with no body
&amp#27;[38;5;229m[ADB]&amp#27;[0m Running '/users/oadeoye/Library/Android/sdk/platform-tools/adb -P 5037 -s emulator-5554 shell dumpsys window'
&amp#27;[38;5;229m[ADB]&amp#27;[0m Running '/users/oadeoye/Library/Android/sdk/platform-tools/adb -P 5037 -s emulator-5554 shell dumpsys power'
&amp#27;[38;5;28m[AndroidUiautomator2Driver@aa35 (9e22fe9b)]&amp#27;[0m Got response with status 200: {"sessionId":"3871ac39-73da-4c2a-b072-918489c17f04","value":2.625}
&amp#27;[38;5;28m[AndroidUiautomator2Driver@aa35 (9e22fe9b)]&amp#27;[0m Got response with status 200: {"sessionId":"3871ac39-73da-4c2a-b072-918489c17f04","value":{"height":2092,"width":1080}}
&amp#27;[38;5;28m[AndroidUiautomator2Driver@aa35 (9e22fe9b)]&amp#27;[0m Got response with status 200: {"sessionId":"3871ac39-73da-4c2a-b072-918489c17f04","value":{"statusBar":144}}
&amp#27;[38;5;28m[AndroidUiautomator2Driver@aa35 (9e22fe9b)]&amp#27;[0m Got response with status 200: {"sessionId":"3871ac39-73da-4c2a-b072-918489c17f04","value":{"androidId":"54540296d8413a5e","apiVersion":"34","bluetooth":{"state":"OFF"},"brand":"google","carrierName":"T-Mobile","displayDensity":420,"locale":"en_US","manufacturer":"Google","model":"sdk_gphone64_arm64","networks":[{"capabilities":{"SSID":null,"linkDownBandwidthKbps":4300,"linkUpstreamBandwidthKbps":1800,"networkCapabilities":"NET_CAPABILITY_MMS,NET_CAPABILITY_SUPL,NET_CAPABILITY_DUN,NET_CAPABILITY_FOTA,NET_CAPABILITY_IMS,NET_CAPABILITY_CBS,NET_CAPABILITY_INTERNET,NET_CAPABILITY_NOT_RESTRICTED,NET_CAPABILITY_TRUSTED,NET_CAPABILITY_NOT_VPN,NET_CAPABILITY_VALIDATED,NET_CAPABILITY_NOT_ROAMING,NET_CAPABILITY_NOT_CONGESTED,NET_CAPABILITY_NOT_SUSPENDED","signalStrength":-2147483648,"transportTypes":"TRANSPORT_CELLULAR"},"detailedState":"CONNECTED","extraInfo":"epc.tmobile.com","isAvailable":true,"isConnected":true,"isFailover":false,"isRoaming":false,"state":"CONNECTED","subtype":10,"subtypeName":"HSPA","type":0,"typeName":"MOBILE"},{"capabiliti...
&amp#27;[38;5;28m[AndroidUiautomator2Driver@aa35 (9e22fe9b)]&amp#27;[0m Screen already unlocked, doing nothing
&amp#27;[38;5;28m[AndroidUiautomator2Driver@aa35 (9e22fe9b)]&amp#27;[0m Starting 'com.lenddo.mobile.paylater.staging/com.lenddo.mobile.paylater.SplashActivity and waiting for 'com.lenddo.mobile.paylater.staging/com.lenddo.mobile.paylater.SplashActivity'
&amp#27;[38;5;229m[ADB]&amp#27;[0m Getting IDs of all 'com.lenddo.mobile.paylater.staging' processes
&amp#27;[38;5;229m[ADB]&amp#27;[0m Running '/users/oadeoye/Library/Android/sdk/platform-tools/adb -P 5037 -s emulator-5554 shell 'pgrep --help; echo $?''
&amp#27;[38;5;229m[ADB]&amp#27;[0m Running '/users/oadeoye/Library/Android/sdk/platform-tools/adb -P 5037 -s emulator-5554 shell pgrep -f \(\[\[:blank:\]\]\|\^\)com\.lenddo\.mobile\.paylater\.staging\(\[\[:blank:\]\]\|\$\)'
&amp#27;[38;5;229m[ADB]&amp#27;[0m Running '/users/oadeoye/Library/Android/sdk/platform-tools/adb -P 5037 -s emulator-5554 shell am start -W -n com.lenddo.mobile.paylater.staging/com.lenddo.mobile.paylater.SplashActivity -S -a android.intent.action.MAIN -c android.intent.category.LAUNCHER -f 0x10200000'
&amp#27;[38;5;67m[AppiumDriver@31a2]&amp#27;[0m New AndroidUiautomator2Driver session created successfully, session 9e22fe9b-42ec-4c33-ac40-3323cd69a4eb added to master session list
&amp#27;[38;5;67m[AppiumDriver@31a2]&amp#27;[0m Event 'newSessionStarted' logged at 1723720050033 (12:07:30 GMT+0100 (West Africa Standard Time))
&amp#27;[38;5;28m[AndroidUiautomator2Driver@aa35 (9e22fe9b)]&amp#27;[0m Cached the protocol value 'W3C' for the new session 9e22fe9b-42ec-4c33-ac40-3323cd69a4eb
&amp#27;[38;5;28m[AndroidUiautomator2Driver@aa35 (9e22fe9b)]&amp#27;[0m Responding to client with driver.createSession() result: {"capabilities":{"platformName":"ANDROID","noReset":true,"autoGrantPermissions":true,"appPackage":"com.lenddo.mobile.paylater.staging","automationName":"UIAutomator2","appActivity":"com.lenddo.mobile.paylater.SplashActivity","deviceName":"emulator-5554","platform":"LINUX","webStorageEnabled":false,"takesScreenshot":true,"javascriptEnabled":true,"databaseEnabled":false,"networkConnectionEnabled":true,"locationContextEnabled":false,"warnings":{},"desired":{"platformName":"ANDROID","noReset":true,"autoGrantPermissions":true,"appPackage":"com.lenddo.mobile.paylater.staging","automationName":"UIAutomator2","appActivity":"com.lenddo.mobile.paylater.SplashActivity","deviceName":"Android Emulator"},"deviceUDID":"emulator-5554","pixelRatio":"2.625","statBarHeight":144,"viewportRect":{"left":0,"top":144,"width":1080,"height":1948},"deviceApiLevel":34,"platformVersion":"14","deviceManufacturer":"Google","deviceModel":"sdk_gphone64_arm64","deviceScreenSize":"1080x2092","deviceScreenDensity":420}}
&amp#27;[38;5;86m[HTTP]&amp#27;[0m &amp#27;[37m<-- POST /wd/hub/session &amp#27;[39m&amp#27;[32m200&amp#27;[39m &amp#27;[90m10972 ms - 1060&amp#27;[39m &amp#27;[90m&amp#27;[39m
&amp#27;[38;5;86m[HTTP]&amp#27;[0m &amp#27;[37m-->&amp#27;[39m &amp#27;[37mGET&amp#27;[39m &amp#27;[37m/wd/hub//status&amp#27;[39m &amp#27;[90m{}&amp#27;[39m
&amp#27;[38;5;86m[HTTP]&amp#27;[0m No route found for /wd/hub//status
&amp#27;[38;5;86m[HTTP]&amp#27;[0m &amp#27;[37m<-- GET /wd/hub//status &amp#27;[39m&amp#27;[33m404&amp#27;[39m &amp#27;[90m17 ms - 211&amp#27;[39m &amp#27;[90m&amp#27;[39m
12:07:30.674 [main] ERROR org.utils.DriverManager - Failed to retrieve Appium version: JSONObject["build"] not found.
org.json.JSONException: JSONObject["build"] not found.
	at org.json.JSONObject.get(JSONObject.java:596) ~[json-20240303.jar:?]
	at org.json.JSONObject.getJSONObject(JSONObject.java:806) ~[json-20240303.jar:?]
	at org.utils.DriverManager.getAppiumVersion(DriverManager.java:99) ~[classes/:?]
	at org.basetest.BaseTest.setUp(BaseTest.java:55) ~[test-classes/:?]
	at java.base/jdk.internal.reflect.DirectMethodHandleAccessor.invoke(DirectMethodHandleAccessor.java:103) ~[?:?]
	at java.base/java.lang.reflect.Method.invoke(Method.java:580) ~[?:?]
	at org.testng.internal.invokers.MethodInvocationHelper.invokeMethod(MethodInvocationHelper.java:141) ~[testng-7.10.2.jar:7.10.2]
	at org.testng.internal.invokers.MethodInvocationHelper.invokeMethodConsideringTimeout(MethodInvocationHelper.java:71) ~[testng-7.10.2.jar:7.10.2]
	at org.testng.internal.invokers.ConfigInvoker.invokeConfigurationMethod(ConfigInvoker.java:400) ~[testng-7.10.2.jar:7.10.2]
	at org.testng.internal.invokers.ConfigInvoker.invokeConfigurations(ConfigInvoker.java:333) ~[testng-7.10.2.jar:7.10.2]
	at org.testng.internal.invokers.TestMethodWorker.invokeBeforeClassMethods(TestMethodWorker.java:188) ~[testng-7.10.2.jar:7.10.2]
	at org.testng.internal.invokers.TestMethodWorker.run(TestMethodWorker.java:128) ~[testng-7.10.2.jar:7.10.2]
	at java.base/java.util.ArrayList.forEach(ArrayList.java:1597) [?:?]
	at org.testng.TestRunner.privateRun(TestRunner.java:739) [testng-7.10.2.jar:7.10.2]
	at org.testng.TestRunner.run(TestRunner.java:614) [testng-7.10.2.jar:7.10.2]
	at org.testng.SuiteRunner.runTest(SuiteRunner.java:421) [testng-7.10.2.jar:7.10.2]
	at org.testng.SuiteRunner.runSequentially(SuiteRunner.java:413) [testng-7.10.2.jar:7.10.2]
	at org.testng.SuiteRunner.privateRun(SuiteRunner.java:373) [testng-7.10.2.jar:7.10.2]
	at org.testng.SuiteRunner.run(SuiteRunner.java:312) [testng-7.10.2.jar:7.10.2]
	at org.testng.SuiteRunnerWorker.runSuite(SuiteRunnerWorker.java:52) [testng-7.10.2.jar:7.10.2]
	at org.testng.SuiteRunnerWorker.run(SuiteRunnerWorker.java:95) [testng-7.10.2.jar:7.10.2]
	at org.testng.TestNG.runSuitesSequentially(TestNG.java:1274) [testng-7.10.2.jar:7.10.2]
	at org.testng.TestNG.runSuitesLocally(TestNG.java:1208) [testng-7.10.2.jar:7.10.2]
	at org.testng.TestNG.runSuites(TestNG.java:1112) [testng-7.10.2.jar:7.10.2]
	at org.testng.TestNG.run(TestNG.java:1079) [testng-7.10.2.jar:7.10.2]
	at org.apache.maven.surefire.testng.TestNGExecutor.run(TestNGExecutor.java:308) [surefire-testng-3.3.1.jar:3.3.1]
	at org.apache.maven.surefire.testng.TestNGXmlTestSuite.execute(TestNGXmlTestSuite.java:71) [surefire-testng-3.3.1.jar:3.3.1]
	at org.apache.maven.surefire.testng.TestNGProvider.invoke(TestNGProvider.java:113) [surefire-testng-3.3.1.jar:3.3.1]
	at org.apache.maven.surefire.booter.ForkedBooter.runSuitesInProcess(ForkedBooter.java:385) [surefire-booter-3.3.1.jar:3.3.1]
	at org.apache.maven.surefire.booter.ForkedBooter.execute(ForkedBooter.java:162) [surefire-booter-3.3.1.jar:3.3.1]
	at org.apache.maven.surefire.booter.ForkedBooter.run(ForkedBooter.java:507) [surefire-booter-3.3.1.jar:3.3.1]
	at org.apache.maven.surefire.booter.ForkedBooter.main(ForkedBooter.java:495) [surefire-booter-3.3.1.jar:3.3.1]
&amp#27;[38;5;38m[9e22fe9b]&amp#27;[0m&amp#27;[38;5;86m[HTTP]&amp#27;[0m &amp#27;[37m-->&amp#27;[39m &amp#27;[37mPOST&amp#27;[39m &amp#27;[37m/wd/hub/session/9e22fe9b-42ec-4c33-ac40-3323cd69a4eb/element&amp#27;[39m &amp#27;[90m{"using":"xpath","value":"android.widget.EditText[@index='5']"}&amp#27;[39m
&amp#27;[38;5;38m[9e22fe9b]&amp#27;[0m&amp#27;[38;5;28m[AndroidUiautomator2Driver@aa35 (9e22fe9b)]&amp#27;[0m Calling AppiumDriver.findElement() with args: ["xpath","android.widget.EditText[@index='5']","9e22fe9b-42ec-4c33-ac40-3323cd69a4eb"]
&amp#27;[38;5;38m[9e22fe9b]&amp#27;[0m&amp#27;[38;5;28m[AndroidUiautomator2Driver@aa35 (9e22fe9b)]&amp#27;[0m Valid locator strategies for this request: xpath, id, class name, accessibility id, css selector, -android uiautomator
&amp#27;[38;5;38m[9e22fe9b]&amp#27;[0m&amp#27;[38;5;28m[AndroidUiautomator2Driver@aa35 (9e22fe9b)]&amp#27;[0m Waiting up to 0 ms for condition
&amp#27;[38;5;38m[9e22fe9b]&amp#27;[0m&amp#27;[38;5;28m[AndroidUiautomator2Driver@aa35 (9e22fe9b)]&amp#27;[0m Matched '/element' to command name 'findElement'
&amp#27;[38;5;38m[9e22fe9b]&amp#27;[0m&amp#27;[38;5;28m[AndroidUiautomator2Driver@aa35 (9e22fe9b)]&amp#27;[0m Proxying [POST /element] to [POST http://127.0.0.1:8200/session/3871ac39-73da-4c2a-b072-918489c17f04/element] with body: {"strategy":"xpath","selector":"android.widget.EditText[@index='5']","context":"","multiple":false}
&amp#27;[38;5;38m[9e22fe9b]&amp#27;[0m&amp#27;[38;5;28m[AndroidUiautomator2Driver@aa35 (9e22fe9b)]&amp#27;[0m Got response with status 404: {"sessionId":"3871ac39-73da-4c2a-b072-918489c17f04","value":{"error":"no such element","message":"An element could not be located on the page using the given search parameters","stacktrace":"io.appium.uiautomator2.common.exceptions.ElementNotFoundException: An element could not be located on the page using the given search parameters\n\tat io.appium.uiautomator2.utils.ElementLocationHelpers.findElement(ElementLocationHelpers.java:156)\n\tat io.appium.uiautomator2.handler.FindElement.safeHandle(FindElement.java:60)\n\tat io.appium.uiautomator2.handler.request.SafeRequestHandler.handle(SafeRequestHandler.java:59)\n\tat io.appium.uiautomator2.server.AppiumServlet.handleRequest(AppiumServlet.java:259)\n\tat io.appium.uiautomator2.server.AppiumServlet.handleHttpRequest(AppiumServlet.java:253)\n\tat io.appium.uiautomator2.http.ServerHandler.channelRead(ServerHandler.java:77)\n\tat io.netty.channel.AbstractChannelHandlerContext.invokeChannelRead(AbstractChannelHandlerContext.java:366)\n\tat io.netty.channel.Abstr...
&amp#27;[38;5;38m[9e22fe9b]&amp#27;[0m&amp#27;[38;5;123m[W3C]&amp#27;[0m Matched W3C error code 'no such element' to NoSuchElementError
&amp#27;[38;5;38m[9e22fe9b]&amp#27;[0m&amp#27;[38;5;28m[AndroidUiautomator2Driver@aa35 (9e22fe9b)]&amp#27;[0m Encountered internal error running command: NoSuchElementError: An element could not be located on the page using the given search parameters.
&amp#27;[38;5;38m[9e22fe9b]&amp#27;[0m&amp#27;[38;5;28m[AndroidUiautomator2Driver@aa35 (9e22fe9b)]&amp#27;[0m     at AndroidUiautomator2Driver.findElOrEls (/Users/oadeoye/.appium/node_modules/appium-uiautomator2-driver/node_modules/appium-android-driver/lib/commands/find.ts:86:11)
&amp#27;[38;5;38m[9e22fe9b]&amp#27;[0m&amp#27;[38;5;28m[AndroidUiautomator2Driver@aa35 (9e22fe9b)]&amp#27;[0m     at processTicksAndRejections (node:internal/process/task_queues:95:5)
&amp#27;[38;5;38m[9e22fe9b]&amp#27;[0m&amp#27;[38;5;28m[AndroidUiautomator2Driver@aa35 (9e22fe9b)]&amp#27;[0m     at AndroidUiautomator2Driver.findElOrElsWithProcessing (/Users/oadeoye/node_modules/@appium/base-driver/lib/basedriver/commands/find.ts:60:12)
&amp#27;[38;5;38m[9e22fe9b]&amp#27;[0m&amp#27;[38;5;28m[AndroidUiautomator2Driver@aa35 (9e22fe9b)]&amp#27;[0m     at AndroidUiautomator2Driver.findElement (/Users/oadeoye/node_modules/@appium/base-driver/lib/basedriver/commands/find.ts:75:12)
&amp#27;[38;5;38m[9e22fe9b]&amp#27;[0m&amp#27;[38;5;86m[HTTP]&amp#27;[0m &amp#27;[37m<-- POST /wd/hub/session/9e22fe9b-42ec-4c33-ac40-3323cd69a4eb/element &amp#27;[39m&amp#27;[33m404&amp#27;[39m &amp#27;[90m565 ms - 772&amp#27;[39m &amp#27;[90m&amp#27;[39m
&amp#27;[38;5;38m[9e22fe9b]&amp#27;[0m&amp#27;[38;5;86m[HTTP]&amp#27;[0m &amp#27;[37m-->&amp#27;[39m &amp#27;[37mPOST&amp#27;[39m &amp#27;[37m/wd/hub/session/9e22fe9b-42ec-4c33-ac40-3323cd69a4eb/element&amp#27;[39m &amp#27;[90m{"using":"xpath","value":"android.widget.EditText[@index='5']"}&amp#27;[39m
&amp#27;[38;5;38m[9e22fe9b]&amp#27;[0m&amp#27;[38;5;28m[AndroidUiautomator2Driver@aa35 (9e22fe9b)]&amp#27;[0m Calling AppiumDriver.findElement() with args: ["xpath","android.widget.EditText[@index='5']","9e22fe9b-42ec-4c33-ac40-3323cd69a4eb"]
&amp#27;[38;5;38m[9e22fe9b]&amp#27;[0m&amp#27;[38;5;28m[AndroidUiautomator2Driver@aa35 (9e22fe9b)]&amp#27;[0m Valid locator strategies for this request: xpath, id, class name, accessibility id, css selector, -android uiautomator
&amp#27;[38;5;38m[9e22fe9b]&amp#27;[0m&amp#27;[38;5;28m[AndroidUiautomator2Driver@aa35 (9e22fe9b)]&amp#27;[0m Waiting up to 0 ms for condition
&amp#27;[38;5;38m[9e22fe9b]&amp#27;[0m&amp#27;[38;5;28m[AndroidUiautomator2Driver@aa35 (9e22fe9b)]&amp#27;[0m Matched '/element' to command name 'findElement'
&amp#27;[38;5;38m[9e22fe9b]&amp#27;[0m&amp#27;[38;5;28m[AndroidUiautomator2Driver@aa35 (9e22fe9b)]&amp#27;[0m Proxying [POST /element] to [POST http://127.0.0.1:8200/session/3871ac39-73da-4c2a-b072-918489c17f04/element] with body: {"strategy":"xpath","selector":"android.widget.EditText[@index='5']","context":"","multiple":false}
&amp#27;[38;5;38m[9e22fe9b]&amp#27;[0m&amp#27;[38;5;28m[AndroidUiautomator2Driver@aa35 (9e22fe9b)]&amp#27;[0m Got response with status 404: {"sessionId":"3871ac39-73da-4c2a-b072-918489c17f04","value":{"error":"no such element","message":"An element could not be located on the page using the given search parameters","stacktrace":"io.appium.uiautomator2.common.exceptions.ElementNotFoundException: An element could not be located on the page using the given search parameters\n\tat io.appium.uiautomator2.utils.ElementLocationHelpers.findElement(ElementLocationHelpers.java:156)\n\tat io.appium.uiautomator2.handler.FindElement.safeHandle(FindElement.java:60)\n\tat io.appium.uiautomator2.handler.request.SafeRequestHandler.handle(SafeRequestHandler.java:59)\n\tat io.appium.uiautomator2.server.AppiumServlet.handleRequest(AppiumServlet.java:259)\n\tat io.appium.uiautomator2.server.AppiumServlet.handleHttpRequest(AppiumServlet.java:253)\n\tat io.appium.uiautomator2.http.ServerHandler.channelRead(ServerHandler.java:77)\n\tat io.netty.channel.AbstractChannelHandlerContext.invokeChannelRead(AbstractChannelHandlerContext.java:366)\n\tat io.netty.channel.Abstr...
&amp#27;[38;5;38m[9e22fe9b]&amp#27;[0m&amp#27;[38;5;123m[W3C]&amp#27;[0m Matched W3C error code 'no such element' to NoSuchElementError
&amp#27;[38;5;38m[9e22fe9b]&amp#27;[0m&amp#27;[38;5;28m[AndroidUiautomator2Driver@aa35 (9e22fe9b)]&amp#27;[0m Encountered internal error running command: NoSuchElementError: An element could not be located on the page using the given search parameters.
&amp#27;[38;5;38m[9e22fe9b]&amp#27;[0m&amp#27;[38;5;28m[AndroidUiautomator2Driver@aa35 (9e22fe9b)]&amp#27;[0m     at AndroidUiautomator2Driver.findElOrEls (/Users/oadeoye/.appium/node_modules/appium-uiautomator2-driver/node_modules/appium-android-driver/lib/commands/find.ts:86:11)
&amp#27;[38;5;38m[9e22fe9b]&amp#27;[0m&amp#27;[38;5;28m[AndroidUiautomator2Driver@aa35 (9e22fe9b)]&amp#27;[0m     at processTicksAndRejections (node:internal/process/task_queues:95:5)
&amp#27;[38;5;38m[9e22fe9b]&amp#27;[0m&amp#27;[38;5;28m[AndroidUiautomator2Driver@aa35 (9e22fe9b)]&amp#27;[0m     at AndroidUiautomator2Driver.findElOrElsWithProcessing (/Users/oadeoye/node_modules/@appium/base-driver/lib/basedriver/commands/find.ts:60:12)
&amp#27;[38;5;38m[9e22fe9b]&amp#27;[0m&amp#27;[38;5;28m[AndroidUiautomator2Driver@aa35 (9e22fe9b)]&amp#27;[0m     at AndroidUiautomator2Driver.findElement (/Users/oadeoye/node_modules/@appium/base-driver/lib/basedriver/commands/find.ts:75:12)
&amp#27;[38;5;38m[9e22fe9b]&amp#27;[0m&amp#27;[38;5;86m[HTTP]&amp#27;[0m &amp#27;[37m<-- POST /wd/hub/session/9e22fe9b-42ec-4c33-ac40-3323cd69a4eb/element &amp#27;[39m&amp#27;[33m404&amp#27;[39m &amp#27;[90m80 ms - 772&amp#27;[39m &amp#27;[90m&amp#27;[39m
12:07:33.221 [main] ERROR org.utils.LoggerUtil - Error entering phone number: Can't locate an element by this strategy: By.xpath: android.widget.EditText[@index='5']
]]></system-out>
    <system-err><![CDATA[SLF4J: Failed to load class "org.slf4j.impl.StaticLoggerBinder".
SLF4J: Defaulting to no-operation (NOP) logger implementation
SLF4J: See http://www.slf4j.org/codes.html#StaticLoggerBinder for further details.
]]></system-err>
  </testcase>
  <testcase name="loginTest[12345, 1234, Login failed - Invalid phone number](2)" classname="org.base.tests.LoginTest" time="1.267">
    <failure message="Can&apos;t locate an element by this strategy: By.xpath: android.widget.EditText[@index=&apos;5&apos;]" type="org.openqa.selenium.NoSuchElementException"><![CDATA[org.openqa.selenium.NoSuchElementException: Can't locate an element by this strategy: By.xpath: android.widget.EditText[@index='5']
	at io.appium.java_client.pagefactory.AppiumElementLocator.findElement(AppiumElementLocator.java:166)
	at io.appium.java_client.pagefactory.interceptors.InterceptorOfASingleElement.call(InterceptorOfASingleElement.java:75)
	at io.appium.java_client.proxy.Interceptor.intercept(Interceptor.java:78)
	at org.openqa.selenium.remote.RemoteWebElement$ByteBuddy$f47DLCWW.sendKeys(Unknown Source)
	at org.pages.LoginPage.enterPhoneNumber(LoginPage.java:32)
	at org.base.tests.LoginTest.loginTest(LoginTest.java:26)
	at java.base/jdk.internal.reflect.DirectMethodHandleAccessor.invoke(DirectMethodHandleAccessor.java:103)
	at java.base/java.lang.reflect.Method.invoke(Method.java:580)
	at org.testng.internal.invokers.MethodInvocationHelper.invokeMethod(MethodInvocationHelper.java:141)
	at org.testng.internal.invokers.TestInvoker.invokeMethod(TestInvoker.java:686)
	at org.testng.internal.invokers.TestInvoker.invokeTestMethod(TestInvoker.java:230)
	at org.testng.internal.invokers.MethodRunner.runInSequence(MethodRunner.java:63)
	at org.testng.internal.invokers.TestInvoker$MethodInvocationAgent.invoke(TestInvoker.java:992)
	at org.testng.internal.invokers.TestInvoker.invokeTestMethods(TestInvoker.java:203)
	at org.testng.internal.invokers.TestMethodWorker.invokeTestMethods(TestMethodWorker.java:154)
	at org.testng.internal.invokers.TestMethodWorker.run(TestMethodWorker.java:134)
	at java.base/java.util.ArrayList.forEach(ArrayList.java:1597)
	at org.testng.TestRunner.privateRun(TestRunner.java:739)
	at org.testng.TestRunner.run(TestRunner.java:614)
	at org.testng.SuiteRunner.runTest(SuiteRunner.java:421)
	at org.testng.SuiteRunner.runSequentially(SuiteRunner.java:413)
	at org.testng.SuiteRunner.privateRun(SuiteRunner.java:373)
	at org.testng.SuiteRunner.run(SuiteRunner.java:312)
	at org.testng.SuiteRunnerWorker.runSuite(SuiteRunnerWorker.java:52)
	at org.testng.SuiteRunnerWorker.run(SuiteRunnerWorker.java:95)
	at org.testng.TestNG.runSuitesSequentially(TestNG.java:1274)
	at org.testng.TestNG.runSuitesLocally(TestNG.java:1208)
	at org.testng.TestNG.runSuites(TestNG.java:1112)
	at org.testng.TestNG.run(TestNG.java:1079)
	at org.apache.maven.surefire.testng.TestNGExecutor.run(TestNGExecutor.java:308)
	at org.apache.maven.surefire.testng.TestNGXmlTestSuite.execute(TestNGXmlTestSuite.java:71)
	at org.apache.maven.surefire.testng.TestNGProvider.invoke(TestNGProvider.java:113)
	at org.apache.maven.surefire.booter.ForkedBooter.runSuitesInProcess(ForkedBooter.java:385)
	at org.apache.maven.surefire.booter.ForkedBooter.execute(ForkedBooter.java:162)
	at org.apache.maven.surefire.booter.ForkedBooter.run(ForkedBooter.java:507)
	at org.apache.maven.surefire.booter.ForkedBooter.main(ForkedBooter.java:495)
Caused by: org.openqa.selenium.TimeoutException: Expected condition failed: waiting for io.appium.java_client.pagefactory.AppiumElementLocator$WaitingFunction@33feb805 (tried for 1 second(s) with 500 milliseconds interval)
	at org.openqa.selenium.support.ui.FluentWait.timeoutException(FluentWait.java:265)
	at org.openqa.selenium.support.ui.FluentWait.until(FluentWait.java:228)
	at io.appium.java_client.pagefactory.AppiumElementLocator.waitFor(AppiumElementLocator.java:135)
	at io.appium.java_client.pagefactory.AppiumElementLocator.findElement(AppiumElementLocator.java:160)
	... 35 more
Caused by: org.openqa.selenium.NoSuchElementException: An element could not be located on the page using the given search parameters.
For documentation on this error, please visit: https://www.selenium.dev/documentation/webdriver/troubleshooting/errors#no-such-element-exception
Build info: version: '4.23.1', revision: '656257d8e9'
System info: os.name: 'Mac OS X', os.arch: 'x86_64', os.version: '14.6.1', java.version: '22.0.2'
Driver info: io.appium.java_client.AppiumDriver
Command: [9e22fe9b-42ec-4c33-ac40-3323cd69a4eb, findElement {using=xpath, value=android.widget.EditText[@index='5']}]
Capabilities {appium:appActivity: com.lenddo.mobile.paylater...., appium:appPackage: com.lenddo.mobile.paylater...., appium:autoGrantPermissions: true, appium:automationName: UIAutomator2, appium:databaseEnabled: false, appium:desired: {appActivity: com.lenddo.mobile.paylater...., appPackage: com.lenddo.mobile.paylater...., autoGrantPermissions: true, automationName: UIAutomator2, deviceName: Android Emulator, noReset: true, platformName: ANDROID}, appium:deviceApiLevel: 34, appium:deviceManufacturer: Google, appium:deviceModel: sdk_gphone64_arm64, appium:deviceName: emulator-5554, appium:deviceScreenDensity: 420, appium:deviceScreenSize: 1080x2092, appium:deviceUDID: emulator-5554, appium:javascriptEnabled: true, appium:locationContextEnabled: false, appium:networkConnectionEnabled: true, appium:noReset: true, appium:pixelRatio: 2.625, appium:platformVersion: 14, appium:statBarHeight: 144, appium:takesScreenshot: true, appium:viewportRect: {height: 1948, left: 0, top: 144, width: 1080}, appium:warnings: {}, appium:webStorageEnabled: false, platformName: ANDROID}
Session ID: 9e22fe9b-42ec-4c33-ac40-3323cd69a4eb
	at java.base/jdk.internal.reflect.DirectConstructorHandleAccessor.newInstance(DirectConstructorHandleAccessor.java:62)
	at java.base/java.lang.reflect.Constructor.newInstanceWithCaller(Constructor.java:502)
	at java.base/java.lang.reflect.Constructor.newInstance(Constructor.java:486)
	at org.openqa.selenium.remote.ErrorCodec.decode(ErrorCodec.java:167)
	at org.openqa.selenium.remote.codec.w3c.W3CHttpResponseCodec.decode(W3CHttpResponseCodec.java:138)
	at org.openqa.selenium.remote.codec.w3c.W3CHttpResponseCodec.decode(W3CHttpResponseCodec.java:50)
	at org.openqa.selenium.remote.HttpCommandExecutor.execute(HttpCommandExecutor.java:190)
	at io.appium.java_client.remote.AppiumCommandExecutor.execute(AppiumCommandExecutor.java:237)
	at org.openqa.selenium.remote.RemoteWebDriver.execute(RemoteWebDriver.java:545)
	at org.openqa.selenium.remote.ElementLocation$ElementFinder$2.findElement(ElementLocation.java:165)
	at org.openqa.selenium.remote.ElementLocation.findElement(ElementLocation.java:59)
	at org.openqa.selenium.remote.RemoteWebDriver.findElement(RemoteWebDriver.java:368)
	at org.openqa.selenium.remote.RemoteWebDriver.findElement(RemoteWebDriver.java:362)
	at io.appium.java_client.pagefactory.bys.ContentMappedBy.findElement(ContentMappedBy.java:53)
	at org.openqa.selenium.remote.ElementLocation$ElementFinder$1.findElement(ElementLocation.java:139)
	at org.openqa.selenium.remote.ElementLocation.findElement(ElementLocation.java:59)
	at org.openqa.selenium.remote.RemoteWebDriver.findElement(RemoteWebDriver.java:368)
	at org.openqa.selenium.remote.RemoteWebDriver.findElement(RemoteWebDriver.java:362)
	at io.appium.java_client.pagefactory.AppiumElementLocator.lambda$findElement$1(AppiumElementLocator.java:160)
	at io.appium.java_client.pagefactory.AppiumElementLocator$WaitingFunction.apply(AppiumElementLocator.java:217)
	at io.appium.java_client.pagefactory.AppiumElementLocator$WaitingFunction.apply(AppiumElementLocator.java:210)
	at org.openqa.selenium.support.ui.FluentWait.until(FluentWait.java:203)
	... 37 more
]]></failure>
    <system-out><![CDATA[&amp#27;[38;5;38m[9e22fe9b]&amp#27;[0m&amp#27;[38;5;86m[HTTP]&amp#27;[0m &amp#27;[37m-->&amp#27;[39m &amp#27;[37mGET&amp#27;[39m &amp#27;[37m/wd/hub/session/9e22fe9b-42ec-4c33-ac40-3323cd69a4eb/screenshot&amp#27;[39m &amp#27;[90m{}&amp#27;[39m
&amp#27;[38;5;38m[9e22fe9b]&amp#27;[0m&amp#27;[38;5;28m[AndroidUiautomator2Driver@aa35 (9e22fe9b)]&amp#27;[0m Calling AppiumDriver.getScreenshot() with args: ["9e22fe9b-42ec-4c33-ac40-3323cd69a4eb"]
&amp#27;[38;5;38m[9e22fe9b]&amp#27;[0m&amp#27;[38;5;28m[AndroidUiautomator2Driver@aa35 (9e22fe9b)]&amp#27;[0m Matched '/screenshot' to command name 'getScreenshot'
&amp#27;[38;5;38m[9e22fe9b]&amp#27;[0m&amp#27;[38;5;28m[AndroidUiautomator2Driver@aa35 (9e22fe9b)]&amp#27;[0m Proxying [GET /screenshot] to [GET http://127.0.0.1:8200/session/3871ac39-73da-4c2a-b072-918489c17f04/screenshot] with no body
&amp#27;[38;5;38m[9e22fe9b]&amp#27;[0m&amp#27;[38;5;28m[AndroidUiautomator2Driver@aa35 (9e22fe9b)]&amp#27;[0m Got response with status 200: {"sessionId":"3871ac39-73da-4c2a-b072-918489c17f04","value":"iVBORw0KGgoAAAANSUhEUgAABDgAAAgsCAYAAACz90Z2AAAAAXNSR0IArs4c6QAAAARzQklUCAgICHwIZIgAACAASURBVHic7N1hlqs8joBhydTp7cyCesmzpLmx5odtMGADJpAAeZ8+96uqFCEESDUSsqz//Z//NXmTmoqIzh535ubLisblRUxMTG3+vZqIWFx3w3Zk657+Zti+Yd2mKlZ8PH+uz9/RbFmpvKaaihb2iamJydu7HAAAADejWro6DI+vPHPDMgNzVro0b1a6rDbV4rpHV7c6XD9rfzFvqxf2Le+x9Nz0zznXr2tYZ379fizV9J+T1n3EwSz4dESizoW4yYt48/J6veT1eon3Xpw4UXGzc6AUT9aOZe30Kq2hpnaWFEPMBW0xbNsR9pXHW7axZV8d98lpORKte2XfqwAAAAAAPuac5Ma5a97uCtuA51AV+fv2RgAAAADA0UbVAK2R9EUKrs3srcqWK1NREQ1V7yo6K4I56l3bgevC9ZHgWKXCxwIAAAC4tlIyoP+58VLerCXD8ewqi8OYjcdRaDw+/TCc8bslAsMeD0pw7B+n8531AgAAADiSmYl5E3Xa973re5/EZEdb8uLLHlS9YWYi5uWM2Gqp58Vz9iDWmF00wbGlKUutieeQkNjfDmXcNDRfx9CkqLXRzLC2G/1BBQAAAHbKbxOq6KQL4nB/3sREJSYkmq6xh1cwC7kAszh5gZg4daHhaIwNUl5Ds+txqzWsdBcJi9MbexAzGyWZVHUU/4XfWSXWi88phFTlaSXOrQQ5s5loq7Vt2Ru/ttPJ1zVO8gk83nWdJqOtnWkXkxtHKK3r/XUvfVABAACAJ6lfnWv23d7r48mQhhgjmUwCaKei6rLXUTk/3DzIDTaxRSkG19mx4Ibw/W09caefyfedWsExrVboM7PDA2+se7vll7HJ16VX2FIVEnOEWi5/o4ID...
&amp#27;[38;5;38m[9e22fe9b]&amp#27;[0m&amp#27;[38;5;28m[AndroidUiautomator2Driver@aa35 (9e22fe9b)]&amp#27;[0m Responding to client with driver.getScreenshot() result: "iVBORw0KGgoAAAANSUhEUgAABDgAAAgsCAYAAACz90Z2AAAAAXNSR0IArs4c6QAAAARzQklUCAgICHwIZIgAACAASURBVHic7N1hlqs8joBhydTp7cyCesmzpLmx5odtMGADJpAAeZ8+96uqFCEESDUSsqz//Z//NXmTmoqIzh535ubLisblRUxMTG3+vZqIWFx3w3Zk657+Zti+Yd2mKlZ8PH+uz9/RbFmpvKaaihb2iamJydu7HAAAADejWro6DI+vPHPDMgNzVro0b1a6rDbV4rpHV7c6XD9rfzFvqxf2Le+x9Nz0zznXr2tYZ379fizV9J+T1n3EwSz4dESizoW4yYt48/J6veT1eon3Xpw4UXGzc6AUT9aOZe30Kq2hpnaWFEPMBW0xbNsR9pXHW7axZV8d98lpORKte2XfqwAAAAAAPuac5Ma5a97uCtuA51AV+fv2RgAAAADA0UbVAK2R9EUKrs3srcqWK1NREQ1V7yo6K4I56l3bgevC9ZHgWKXCxwIAAAC4tlIyoP+58VLerCXD8ewqi8OYjcdRaDw+/TCc8bslAsMeD0pw7B+n8531AgAAADiSmYl5E3Xa973re5/EZEdb8uLLHlS9YWYi5uWM2Gqp58Vz9iDWmF00wbGlKUutieeQkNjfDmXcNDRfx9CkqLXRzLC2G/1BBQAAAHbKbxOq6KQL4nB/3sREJSYkmq6xh1cwC7kAszh5gZg4daHhaIwNUl5Ds+txqzWsdBcJi9MbexAzGyWZVHUU/4XfWSXWi88phFTlaSXOrQQ5s5loq7Vt2Ru/ttPJ1zVO8gk83nWdJqOtnWkXkxtHKK3r/XUvfVABAACAJ6lfnWv23d7r48mQhhgjmUwCaKei6rLXUTk/3DzIDTaxRSkG19mx4Ibw/W09caefyfedWsExrVboM7PDA2+se7vll7HJ16VX2FIVEnOEWi5/o4IDAAAATXR/9fDxrn0tGy6/y7f3QxVJ4Tlnb9RFffp9m1msMsiSW6qhWsZny+iQ...
&amp#27;[38;5;38m[9e22fe9b]&amp#27;[0m&amp#27;[38;5;86m[HTTP]&amp#27;[0m &amp#27;[37m<-- GET /wd/hub/session/9e22fe9b-42ec-4c33-ac40-3323cd69a4eb/screenshot &amp#27;[39m&amp#27;[32m200&amp#27;[39m &amp#27;[90m421 ms - 286732&amp#27;[39m &amp#27;[90m&amp#27;[39m
Exception while taking screenshot: /Users/oadeoye/IdeaProjects/Hello-Again-Mobile/Hello-Again-Mobile/resources/screenshots/loginTest.jpeg
12:07:33.716 [main] ERROR org.basetest.BaseTest - Test failed: Can't locate an element by this strategy: By.xpath: android.widget.EditText[@index='5']
&amp#27;[38;5;38m[9e22fe9b]&amp#27;[0m&amp#27;[38;5;86m[HTTP]&amp#27;[0m &amp#27;[37m-->&amp#27;[39m &amp#27;[37mPOST&amp#27;[39m &amp#27;[37m/wd/hub/session/9e22fe9b-42ec-4c33-ac40-3323cd69a4eb/element&amp#27;[39m &amp#27;[90m{"using":"xpath","value":"android.widget.EditText[@index='5']"}&amp#27;[39m
&amp#27;[38;5;38m[9e22fe9b]&amp#27;[0m&amp#27;[38;5;28m[AndroidUiautomator2Driver@aa35 (9e22fe9b)]&amp#27;[0m Calling AppiumDriver.findElement() with args: ["xpath","android.widget.EditText[@index='5']","9e22fe9b-42ec-4c33-ac40-3323cd69a4eb"]
&amp#27;[38;5;38m[9e22fe9b]&amp#27;[0m&amp#27;[38;5;28m[AndroidUiautomator2Driver@aa35 (9e22fe9b)]&amp#27;[0m Valid locator strategies for this request: xpath, id, class name, accessibility id, css selector, -android uiautomator
&amp#27;[38;5;38m[9e22fe9b]&amp#27;[0m&amp#27;[38;5;28m[AndroidUiautomator2Driver@aa35 (9e22fe9b)]&amp#27;[0m Waiting up to 0 ms for condition
&amp#27;[38;5;38m[9e22fe9b]&amp#27;[0m&amp#27;[38;5;28m[AndroidUiautomator2Driver@aa35 (9e22fe9b)]&amp#27;[0m Matched '/element' to command name 'findElement'
&amp#27;[38;5;38m[9e22fe9b]&amp#27;[0m&amp#27;[38;5;28m[AndroidUiautomator2Driver@aa35 (9e22fe9b)]&amp#27;[0m Proxying [POST /element] to [POST http://127.0.0.1:8200/session/3871ac39-73da-4c2a-b072-918489c17f04/element] with body: {"strategy":"xpath","selector":"android.widget.EditText[@index='5']","context":"","multiple":false}
&amp#27;[38;5;38m[9e22fe9b]&amp#27;[0m&amp#27;[38;5;28m[AndroidUiautomator2Driver@aa35 (9e22fe9b)]&amp#27;[0m Got response with status 404: {"sessionId":"3871ac39-73da-4c2a-b072-918489c17f04","value":{"error":"no such element","message":"An element could not be located on the page using the given search parameters","stacktrace":"io.appium.uiautomator2.common.exceptions.ElementNotFoundException: An element could not be located on the page using the given search parameters\n\tat io.appium.uiautomator2.utils.ElementLocationHelpers.findElement(ElementLocationHelpers.java:156)\n\tat io.appium.uiautomator2.handler.FindElement.safeHandle(FindElement.java:60)\n\tat io.appium.uiautomator2.handler.request.SafeRequestHandler.handle(SafeRequestHandler.java:59)\n\tat io.appium.uiautomator2.server.AppiumServlet.handleRequest(AppiumServlet.java:259)\n\tat io.appium.uiautomator2.server.AppiumServlet.handleHttpRequest(AppiumServlet.java:253)\n\tat io.appium.uiautomator2.http.ServerHandler.channelRead(ServerHandler.java:77)\n\tat io.netty.channel.AbstractChannelHandlerContext.invokeChannelRead(AbstractChannelHandlerContext.java:366)\n\tat io.netty.channel.Abstr...
&amp#27;[38;5;38m[9e22fe9b]&amp#27;[0m&amp#27;[38;5;123m[W3C]&amp#27;[0m Matched W3C error code 'no such element' to NoSuchElementError
&amp#27;[38;5;38m[9e22fe9b]&amp#27;[0m&amp#27;[38;5;28m[AndroidUiautomator2Driver@aa35 (9e22fe9b)]&amp#27;[0m Encountered internal error running command: NoSuchElementError: An element could not be located on the page using the given search parameters.
&amp#27;[38;5;38m[9e22fe9b]&amp#27;[0m&amp#27;[38;5;28m[AndroidUiautomator2Driver@aa35 (9e22fe9b)]&amp#27;[0m     at AndroidUiautomator2Driver.findElOrEls (/Users/oadeoye/.appium/node_modules/appium-uiautomator2-driver/node_modules/appium-android-driver/lib/commands/find.ts:86:11)
&amp#27;[38;5;38m[9e22fe9b]&amp#27;[0m&amp#27;[38;5;28m[AndroidUiautomator2Driver@aa35 (9e22fe9b)]&amp#27;[0m     at processTicksAndRejections (node:internal/process/task_queues:95:5)
&amp#27;[38;5;38m[9e22fe9b]&amp#27;[0m&amp#27;[38;5;28m[AndroidUiautomator2Driver@aa35 (9e22fe9b)]&amp#27;[0m     at AndroidUiautomator2Driver.findElOrElsWithProcessing (/Users/oadeoye/node_modules/@appium/base-driver/lib/basedriver/commands/find.ts:60:12)
&amp#27;[38;5;38m[9e22fe9b]&amp#27;[0m&amp#27;[38;5;28m[AndroidUiautomator2Driver@aa35 (9e22fe9b)]&amp#27;[0m     at AndroidUiautomator2Driver.findElement (/Users/oadeoye/node_modules/@appium/base-driver/lib/basedriver/commands/find.ts:75:12)
&amp#27;[38;5;38m[9e22fe9b]&amp#27;[0m&amp#27;[38;5;86m[HTTP]&amp#27;[0m &amp#27;[37m<-- POST /wd/hub/session/9e22fe9b-42ec-4c33-ac40-3323cd69a4eb/element &amp#27;[39m&amp#27;[33m404&amp#27;[39m &amp#27;[90m48 ms - 772&amp#27;[39m &amp#27;[90m&amp#27;[39m
&amp#27;[38;5;38m[9e22fe9b]&amp#27;[0m&amp#27;[38;5;86m[HTTP]&amp#27;[0m &amp#27;[37m-->&amp#27;[39m &amp#27;[37mPOST&amp#27;[39m &amp#27;[37m/wd/hub/session/9e22fe9b-42ec-4c33-ac40-3323cd69a4eb/element&amp#27;[39m &amp#27;[90m{"using":"xpath","value":"android.widget.EditText[@index='5']"}&amp#27;[39m
&amp#27;[38;5;38m[9e22fe9b]&amp#27;[0m&amp#27;[38;5;28m[AndroidUiautomator2Driver@aa35 (9e22fe9b)]&amp#27;[0m Calling AppiumDriver.findElement() with args: ["xpath","android.widget.EditText[@index='5']","9e22fe9b-42ec-4c33-ac40-3323cd69a4eb"]
&amp#27;[38;5;38m[9e22fe9b]&amp#27;[0m&amp#27;[38;5;28m[AndroidUiautomator2Driver@aa35 (9e22fe9b)]&amp#27;[0m Valid locator strategies for this request: xpath, id, class name, accessibility id, css selector, -android uiautomator
&amp#27;[38;5;38m[9e22fe9b]&amp#27;[0m&amp#27;[38;5;28m[AndroidUiautomator2Driver@aa35 (9e22fe9b)]&amp#27;[0m Waiting up to 0 ms for condition
&amp#27;[38;5;38m[9e22fe9b]&amp#27;[0m&amp#27;[38;5;28m[AndroidUiautomator2Driver@aa35 (9e22fe9b)]&amp#27;[0m Matched '/element' to command name 'findElement'
&amp#27;[38;5;38m[9e22fe9b]&amp#27;[0m&amp#27;[38;5;28m[AndroidUiautomator2Driver@aa35 (9e22fe9b)]&amp#27;[0m Proxying [POST /element] to [POST http://127.0.0.1:8200/session/3871ac39-73da-4c2a-b072-918489c17f04/element] with body: {"strategy":"xpath","selector":"android.widget.EditText[@index='5']","context":"","multiple":false}
&amp#27;[38;5;38m[9e22fe9b]&amp#27;[0m&amp#27;[38;5;28m[AndroidUiautomator2Driver@aa35 (9e22fe9b)]&amp#27;[0m Got response with status 404: {"sessionId":"3871ac39-73da-4c2a-b072-918489c17f04","value":{"error":"no such element","message":"An element could not be located on the page using the given search parameters","stacktrace":"io.appium.uiautomator2.common.exceptions.ElementNotFoundException: An element could not be located on the page using the given search parameters\n\tat io.appium.uiautomator2.utils.ElementLocationHelpers.findElement(ElementLocationHelpers.java:156)\n\tat io.appium.uiautomator2.handler.FindElement.safeHandle(FindElement.java:60)\n\tat io.appium.uiautomator2.handler.request.SafeRequestHandler.handle(SafeRequestHandler.java:59)\n\tat io.appium.uiautomator2.server.AppiumServlet.handleRequest(AppiumServlet.java:259)\n\tat io.appium.uiautomator2.server.AppiumServlet.handleHttpRequest(AppiumServlet.java:253)\n\tat io.appium.uiautomator2.http.ServerHandler.channelRead(ServerHandler.java:77)\n\tat io.netty.channel.AbstractChannelHandlerContext.invokeChannelRead(AbstractChannelHandlerContext.java:366)\n\tat io.netty.channel.Abstr...
&amp#27;[38;5;38m[9e22fe9b]&amp#27;[0m&amp#27;[38;5;123m[W3C]&amp#27;[0m Matched W3C error code 'no such element' to NoSuchElementError
&amp#27;[38;5;38m[9e22fe9b]&amp#27;[0m&amp#27;[38;5;28m[AndroidUiautomator2Driver@aa35 (9e22fe9b)]&amp#27;[0m Encountered internal error running command: NoSuchElementError: An element could not be located on the page using the given search parameters.
&amp#27;[38;5;38m[9e22fe9b]&amp#27;[0m&amp#27;[38;5;28m[AndroidUiautomator2Driver@aa35 (9e22fe9b)]&amp#27;[0m     at AndroidUiautomator2Driver.findElOrEls (/Users/oadeoye/.appium/node_modules/appium-uiautomator2-driver/node_modules/appium-android-driver/lib/commands/find.ts:86:11)
&amp#27;[38;5;38m[9e22fe9b]&amp#27;[0m&amp#27;[38;5;28m[AndroidUiautomator2Driver@aa35 (9e22fe9b)]&amp#27;[0m     at processTicksAndRejections (node:internal/process/task_queues:95:5)
&amp#27;[38;5;38m[9e22fe9b]&amp#27;[0m&amp#27;[38;5;28m[AndroidUiautomator2Driver@aa35 (9e22fe9b)]&amp#27;[0m     at AndroidUiautomator2Driver.findElOrElsWithProcessing (/Users/oadeoye/node_modules/@appium/base-driver/lib/basedriver/commands/find.ts:60:12)
&amp#27;[38;5;38m[9e22fe9b]&amp#27;[0m&amp#27;[38;5;28m[AndroidUiautomator2Driver@aa35 (9e22fe9b)]&amp#27;[0m     at AndroidUiautomator2Driver.findElement (/Users/oadeoye/node_modules/@appium/base-driver/lib/basedriver/commands/find.ts:75:12)
&amp#27;[38;5;38m[9e22fe9b]&amp#27;[0m&amp#27;[38;5;86m[HTTP]&amp#27;[0m &amp#27;[37m<-- POST /wd/hub/session/9e22fe9b-42ec-4c33-ac40-3323cd69a4eb/element &amp#27;[39m&amp#27;[33m404&amp#27;[39m &amp#27;[90m73 ms - 772&amp#27;[39m &amp#27;[90m&amp#27;[39m
&amp#27;[38;5;38m[9e22fe9b]&amp#27;[0m&amp#27;[38;5;86m[HTTP]&amp#27;[0m &amp#27;[37m-->&amp#27;[39m &amp#27;[37mPOST&amp#27;[39m &amp#27;[37m/wd/hub/session/9e22fe9b-42ec-4c33-ac40-3323cd69a4eb/element&amp#27;[39m &amp#27;[90m{"using":"xpath","value":"android.widget.EditText[@index='5']"}&amp#27;[39m
&amp#27;[38;5;38m[9e22fe9b]&amp#27;[0m&amp#27;[38;5;28m[AndroidUiautomator2Driver@aa35 (9e22fe9b)]&amp#27;[0m Calling AppiumDriver.findElement() with args: ["xpath","android.widget.EditText[@index='5']","9e22fe9b-42ec-4c33-ac40-3323cd69a4eb"]
&amp#27;[38;5;38m[9e22fe9b]&amp#27;[0m&amp#27;[38;5;28m[AndroidUiautomator2Driver@aa35 (9e22fe9b)]&amp#27;[0m Valid locator strategies for this request: xpath, id, class name, accessibility id, css selector, -android uiautomator
&amp#27;[38;5;38m[9e22fe9b]&amp#27;[0m&amp#27;[38;5;28m[AndroidUiautomator2Driver@aa35 (9e22fe9b)]&amp#27;[0m Waiting up to 0 ms for condition
&amp#27;[38;5;38m[9e22fe9b]&amp#27;[0m&amp#27;[38;5;28m[AndroidUiautomator2Driver@aa35 (9e22fe9b)]&amp#27;[0m Matched '/element' to command name 'findElement'
&amp#27;[38;5;38m[9e22fe9b]&amp#27;[0m&amp#27;[38;5;28m[AndroidUiautomator2Driver@aa35 (9e22fe9b)]&amp#27;[0m Proxying [POST /element] to [POST http://127.0.0.1:8200/session/3871ac39-73da-4c2a-b072-918489c17f04/element] with body: {"strategy":"xpath","selector":"android.widget.EditText[@index='5']","context":"","multiple":false}
&amp#27;[38;5;38m[9e22fe9b]&amp#27;[0m&amp#27;[38;5;28m[AndroidUiautomator2Driver@aa35 (9e22fe9b)]&amp#27;[0m Got response with status 404: {"sessionId":"3871ac39-73da-4c2a-b072-918489c17f04","value":{"error":"no such element","message":"An element could not be located on the page using the given search parameters","stacktrace":"io.appium.uiautomator2.common.exceptions.ElementNotFoundException: An element could not be located on the page using the given search parameters\n\tat io.appium.uiautomator2.utils.ElementLocationHelpers.findElement(ElementLocationHelpers.java:156)\n\tat io.appium.uiautomator2.handler.FindElement.safeHandle(FindElement.java:60)\n\tat io.appium.uiautomator2.handler.request.SafeRequestHandler.handle(SafeRequestHandler.java:59)\n\tat io.appium.uiautomator2.server.AppiumServlet.handleRequest(AppiumServlet.java:259)\n\tat io.appium.uiautomator2.server.AppiumServlet.handleHttpRequest(AppiumServlet.java:253)\n\tat io.appium.uiautomator2.http.ServerHandler.channelRead(ServerHandler.java:77)\n\tat io.netty.channel.AbstractChannelHandlerContext.invokeChannelRead(AbstractChannelHandlerContext.java:366)\n\tat io.netty.channel.Abstr...
&amp#27;[38;5;38m[9e22fe9b]&amp#27;[0m&amp#27;[38;5;123m[W3C]&amp#27;[0m Matched W3C error code 'no such element' to NoSuchElementError
&amp#27;[38;5;38m[9e22fe9b]&amp#27;[0m&amp#27;[38;5;28m[AndroidUiautomator2Driver@aa35 (9e22fe9b)]&amp#27;[0m Encountered internal error running command: NoSuchElementError: An element could not be located on the page using the given search parameters.
&amp#27;[38;5;38m[9e22fe9b]&amp#27;[0m&amp#27;[38;5;28m[AndroidUiautomator2Driver@aa35 (9e22fe9b)]&amp#27;[0m     at AndroidUiautomator2Driver.findElOrEls (/Users/oadeoye/.appium/node_modules/appium-uiautomator2-driver/node_modules/appium-android-driver/lib/commands/find.ts:86:11)
&amp#27;[38;5;38m[9e22fe9b]&amp#27;[0m&amp#27;[38;5;28m[AndroidUiautomator2Driver@aa35 (9e22fe9b)]&amp#27;[0m     at processTicksAndRejections (node:internal/process/task_queues:95:5)
&amp#27;[38;5;38m[9e22fe9b]&amp#27;[0m&amp#27;[38;5;28m[AndroidUiautomator2Driver@aa35 (9e22fe9b)]&amp#27;[0m     at AndroidUiautomator2Driver.findElOrElsWithProcessing (/Users/oadeoye/node_modules/@appium/base-driver/lib/basedriver/commands/find.ts:60:12)
&amp#27;[38;5;38m[9e22fe9b]&amp#27;[0m&amp#27;[38;5;28m[AndroidUiautomator2Driver@aa35 (9e22fe9b)]&amp#27;[0m     at AndroidUiautomator2Driver.findElement (/Users/oadeoye/node_modules/@appium/base-driver/lib/basedriver/commands/find.ts:75:12)
&amp#27;[38;5;38m[9e22fe9b]&amp#27;[0m&amp#27;[38;5;86m[HTTP]&amp#27;[0m &amp#27;[37m<-- POST /wd/hub/session/9e22fe9b-42ec-4c33-ac40-3323cd69a4eb/element &amp#27;[39m&amp#27;[33m404&amp#27;[39m &amp#27;[90m76 ms - 772&amp#27;[39m &amp#27;[90m&amp#27;[39m
12:07:34.978 [main] ERROR org.utils.LoggerUtil - Error entering phone number: Can't locate an element by this strategy: By.xpath: android.widget.EditText[@index='5']
]]></system-out>
  </testcase>
  <testcase name="loginTest[abc1234567, 1234, Login failed - Invalid phone number](3)" classname="org.base.tests.LoginTest" time="1.307">
    <failure message="Can&apos;t locate an element by this strategy: By.xpath: android.widget.EditText[@index=&apos;5&apos;]" type="org.openqa.selenium.NoSuchElementException"><![CDATA[org.openqa.selenium.NoSuchElementException: Can't locate an element by this strategy: By.xpath: android.widget.EditText[@index='5']
	at io.appium.java_client.pagefactory.AppiumElementLocator.findElement(AppiumElementLocator.java:166)
	at io.appium.java_client.pagefactory.interceptors.InterceptorOfASingleElement.call(InterceptorOfASingleElement.java:75)
	at io.appium.java_client.proxy.Interceptor.intercept(Interceptor.java:78)
	at org.openqa.selenium.remote.RemoteWebElement$ByteBuddy$f47DLCWW.sendKeys(Unknown Source)
	at org.pages.LoginPage.enterPhoneNumber(LoginPage.java:32)
	at org.base.tests.LoginTest.loginTest(LoginTest.java:26)
	at java.base/jdk.internal.reflect.DirectMethodHandleAccessor.invoke(DirectMethodHandleAccessor.java:103)
	at java.base/java.lang.reflect.Method.invoke(Method.java:580)
	at org.testng.internal.invokers.MethodInvocationHelper.invokeMethod(MethodInvocationHelper.java:141)
	at org.testng.internal.invokers.TestInvoker.invokeMethod(TestInvoker.java:686)
	at org.testng.internal.invokers.TestInvoker.invokeTestMethod(TestInvoker.java:230)
	at org.testng.internal.invokers.MethodRunner.runInSequence(MethodRunner.java:63)
	at org.testng.internal.invokers.TestInvoker$MethodInvocationAgent.invoke(TestInvoker.java:992)
	at org.testng.internal.invokers.TestInvoker.invokeTestMethods(TestInvoker.java:203)
	at org.testng.internal.invokers.TestMethodWorker.invokeTestMethods(TestMethodWorker.java:154)
	at org.testng.internal.invokers.TestMethodWorker.run(TestMethodWorker.java:134)
	at java.base/java.util.ArrayList.forEach(ArrayList.java:1597)
	at org.testng.TestRunner.privateRun(TestRunner.java:739)
	at org.testng.TestRunner.run(TestRunner.java:614)
	at org.testng.SuiteRunner.runTest(SuiteRunner.java:421)
	at org.testng.SuiteRunner.runSequentially(SuiteRunner.java:413)
	at org.testng.SuiteRunner.privateRun(SuiteRunner.java:373)
	at org.testng.SuiteRunner.run(SuiteRunner.java:312)
	at org.testng.SuiteRunnerWorker.runSuite(SuiteRunnerWorker.java:52)
	at org.testng.SuiteRunnerWorker.run(SuiteRunnerWorker.java:95)
	at org.testng.TestNG.runSuitesSequentially(TestNG.java:1274)
	at org.testng.TestNG.runSuitesLocally(TestNG.java:1208)
	at org.testng.TestNG.runSuites(TestNG.java:1112)
	at org.testng.TestNG.run(TestNG.java:1079)
	at org.apache.maven.surefire.testng.TestNGExecutor.run(TestNGExecutor.java:308)
	at org.apache.maven.surefire.testng.TestNGXmlTestSuite.execute(TestNGXmlTestSuite.java:71)
	at org.apache.maven.surefire.testng.TestNGProvider.invoke(TestNGProvider.java:113)
	at org.apache.maven.surefire.booter.ForkedBooter.runSuitesInProcess(ForkedBooter.java:385)
	at org.apache.maven.surefire.booter.ForkedBooter.execute(ForkedBooter.java:162)
	at org.apache.maven.surefire.booter.ForkedBooter.run(ForkedBooter.java:507)
	at org.apache.maven.surefire.booter.ForkedBooter.main(ForkedBooter.java:495)
Caused by: org.openqa.selenium.TimeoutException: Expected condition failed: waiting for io.appium.java_client.pagefactory.AppiumElementLocator$WaitingFunction@633fd91 (tried for 1 second(s) with 500 milliseconds interval)
	at org.openqa.selenium.support.ui.FluentWait.timeoutException(FluentWait.java:265)
	at org.openqa.selenium.support.ui.FluentWait.until(FluentWait.java:228)
	at io.appium.java_client.pagefactory.AppiumElementLocator.waitFor(AppiumElementLocator.java:135)
	at io.appium.java_client.pagefactory.AppiumElementLocator.findElement(AppiumElementLocator.java:160)
	... 35 more
Caused by: org.openqa.selenium.NoSuchElementException: An element could not be located on the page using the given search parameters.
For documentation on this error, please visit: https://www.selenium.dev/documentation/webdriver/troubleshooting/errors#no-such-element-exception
Build info: version: '4.23.1', revision: '656257d8e9'
System info: os.name: 'Mac OS X', os.arch: 'x86_64', os.version: '14.6.1', java.version: '22.0.2'
Driver info: io.appium.java_client.AppiumDriver
Command: [9e22fe9b-42ec-4c33-ac40-3323cd69a4eb, findElement {using=xpath, value=android.widget.EditText[@index='5']}]
Capabilities {appium:appActivity: com.lenddo.mobile.paylater...., appium:appPackage: com.lenddo.mobile.paylater...., appium:autoGrantPermissions: true, appium:automationName: UIAutomator2, appium:databaseEnabled: false, appium:desired: {appActivity: com.lenddo.mobile.paylater...., appPackage: com.lenddo.mobile.paylater...., autoGrantPermissions: true, automationName: UIAutomator2, deviceName: Android Emulator, noReset: true, platformName: ANDROID}, appium:deviceApiLevel: 34, appium:deviceManufacturer: Google, appium:deviceModel: sdk_gphone64_arm64, appium:deviceName: emulator-5554, appium:deviceScreenDensity: 420, appium:deviceScreenSize: 1080x2092, appium:deviceUDID: emulator-5554, appium:javascriptEnabled: true, appium:locationContextEnabled: false, appium:networkConnectionEnabled: true, appium:noReset: true, appium:pixelRatio: 2.625, appium:platformVersion: 14, appium:statBarHeight: 144, appium:takesScreenshot: true, appium:viewportRect: {height: 1948, left: 0, top: 144, width: 1080}, appium:warnings: {}, appium:webStorageEnabled: false, platformName: ANDROID}
Session ID: 9e22fe9b-42ec-4c33-ac40-3323cd69a4eb
	at java.base/jdk.internal.reflect.DirectConstructorHandleAccessor.newInstance(DirectConstructorHandleAccessor.java:62)
	at java.base/java.lang.reflect.Constructor.newInstanceWithCaller(Constructor.java:502)
	at java.base/java.lang.reflect.Constructor.newInstance(Constructor.java:486)
	at org.openqa.selenium.remote.ErrorCodec.decode(ErrorCodec.java:167)
	at org.openqa.selenium.remote.codec.w3c.W3CHttpResponseCodec.decode(W3CHttpResponseCodec.java:138)
	at org.openqa.selenium.remote.codec.w3c.W3CHttpResponseCodec.decode(W3CHttpResponseCodec.java:50)
	at org.openqa.selenium.remote.HttpCommandExecutor.execute(HttpCommandExecutor.java:190)
	at io.appium.java_client.remote.AppiumCommandExecutor.execute(AppiumCommandExecutor.java:237)
	at org.openqa.selenium.remote.RemoteWebDriver.execute(RemoteWebDriver.java:545)
	at org.openqa.selenium.remote.ElementLocation$ElementFinder$2.findElement(ElementLocation.java:165)
	at org.openqa.selenium.remote.ElementLocation.findElement(ElementLocation.java:59)
	at org.openqa.selenium.remote.RemoteWebDriver.findElement(RemoteWebDriver.java:368)
	at org.openqa.selenium.remote.RemoteWebDriver.findElement(RemoteWebDriver.java:362)
	at io.appium.java_client.pagefactory.bys.ContentMappedBy.findElement(ContentMappedBy.java:53)
	at org.openqa.selenium.remote.ElementLocation$ElementFinder$1.findElement(ElementLocation.java:139)
	at org.openqa.selenium.remote.ElementLocation.findElement(ElementLocation.java:59)
	at org.openqa.selenium.remote.RemoteWebDriver.findElement(RemoteWebDriver.java:368)
	at org.openqa.selenium.remote.RemoteWebDriver.findElement(RemoteWebDriver.java:362)
	at io.appium.java_client.pagefactory.AppiumElementLocator.lambda$findElement$1(AppiumElementLocator.java:160)
	at io.appium.java_client.pagefactory.AppiumElementLocator$WaitingFunction.apply(AppiumElementLocator.java:217)
	at io.appium.java_client.pagefactory.AppiumElementLocator$WaitingFunction.apply(AppiumElementLocator.java:210)
	at org.openqa.selenium.support.ui.FluentWait.until(FluentWait.java:203)
	... 37 more
]]></failure>
    <system-out><![CDATA[&amp#27;[38;5;38m[9e22fe9b]&amp#27;[0m&amp#27;[38;5;86m[HTTP]&amp#27;[0m &amp#27;[37m-->&amp#27;[39m &amp#27;[37mGET&amp#27;[39m &amp#27;[37m/wd/hub/session/9e22fe9b-42ec-4c33-ac40-3323cd69a4eb/screenshot&amp#27;[39m &amp#27;[90m{}&amp#27;[39m
&amp#27;[38;5;38m[9e22fe9b]&amp#27;[0m&amp#27;[38;5;28m[AndroidUiautomator2Driver@aa35 (9e22fe9b)]&amp#27;[0m Calling AppiumDriver.getScreenshot() with args: ["9e22fe9b-42ec-4c33-ac40-3323cd69a4eb"]
&amp#27;[38;5;38m[9e22fe9b]&amp#27;[0m&amp#27;[38;5;28m[AndroidUiautomator2Driver@aa35 (9e22fe9b)]&amp#27;[0m Matched '/screenshot' to command name 'getScreenshot'
&amp#27;[38;5;38m[9e22fe9b]&amp#27;[0m&amp#27;[38;5;28m[AndroidUiautomator2Driver@aa35 (9e22fe9b)]&amp#27;[0m Proxying [GET /screenshot] to [GET http://127.0.0.1:8200/session/3871ac39-73da-4c2a-b072-918489c17f04/screenshot] with no body
&amp#27;[38;5;38m[9e22fe9b]&amp#27;[0m&amp#27;[38;5;28m[AndroidUiautomator2Driver@aa35 (9e22fe9b)]&amp#27;[0m Got response with status 200: {"sessionId":"3871ac39-73da-4c2a-b072-918489c17f04","value":"iVBORw0KGgoAAAANSUhEUgAABDgAAAgsCAYAAACz90Z2AAAAAXNSR0IArs4c6QAAAARzQklUCAgICHwIZIgAACAASURBVHic7N1hlqs8joBhydTp7cyCesmzpLmx5odtMGADJpAAeZ8+96uqFCEESDUSsqz//Z//NXmTmoqIzh535ubLisblRUxMTG3+vZqIWFx3w3Zk657+Zti+Yd2mKlZ8PH+uz9/RbFmpvKaaihb2iamJydu7HAAAADejWro6DI+vPHPDMgNzVro0b1a6rDbV4rpHV7c6XD9rfzFvqxf2Le+x9Nz0zznXr2tYZ379fizV9J+T1n3EwSz4dESizoW4yYt48/J6veT1eon3Xpw4UXGzc6AUT9aOZe30Kq2hpnaWFEPMBW0xbNsR9pXHW7axZV8d98lpORKte2XfqwAAAAAAPuac5Ma5a97uCtuA51AV+fv2RgAAAADA0UbVAK2R9EUKrs3srcqWK1NREQ1V7yo6K4I56l3bgevC9ZHgWKXCxwIAAAC4tlIyoP+58VLerCXD8ewqi8OYjcdRaDw+/TCc8bslAsMeD0pw7B+n8531AgAAADiSmYl5E3Xa973re5/EZEdb8uLLHlS9YWYi5uWM2Gqp58Vz9iDWmF00wbGlKUutieeQkNjfDmXcNDRfx9CkqLXRzLC2G/1BBQAAAHbKbxOq6KQL4nB/3sREJSYkmq6xh1cwC7kAszh5gZg4daHhaIwNUl5Ds+txqzWsdBcJi9MbexAzGyWZVHUU/4XfWSXWi88phFTlaSXOrQQ5s5loq7Vt2Ru/ttPJ1zVO8gk83nWdJqOtnWkXkxtHKK3r/XUvfVABAACAJ6lfnWv23d7r48mQhhgjmUwCaKei6rLXUTk/3DzIDTaxRSkG19mx4Ibw/W09caefyfedWsExrVboM7PDA2+se7vll7HJ16VX2FIVEnOEWi5/o4ID...
&amp#27;[38;5;38m[9e22fe9b]&amp#27;[0m&amp#27;[38;5;28m[AndroidUiautomator2Driver@aa35 (9e22fe9b)]&amp#27;[0m Responding to client with driver.getScreenshot() result: "iVBORw0KGgoAAAANSUhEUgAABDgAAAgsCAYAAACz90Z2AAAAAXNSR0IArs4c6QAAAARzQklUCAgICHwIZIgAACAASURBVHic7N1hlqs8joBhydTp7cyCesmzpLmx5odtMGADJpAAeZ8+96uqFCEESDUSsqz//Z//NXmTmoqIzh535ubLisblRUxMTG3+vZqIWFx3w3Zk657+Zti+Yd2mKlZ8PH+uz9/RbFmpvKaaihb2iamJydu7HAAAADejWro6DI+vPHPDMgNzVro0b1a6rDbV4rpHV7c6XD9rfzFvqxf2Le+x9Nz0zznXr2tYZ379fizV9J+T1n3EwSz4dESizoW4yYt48/J6veT1eon3Xpw4UXGzc6AUT9aOZe30Kq2hpnaWFEPMBW0xbNsR9pXHW7axZV8d98lpORKte2XfqwAAAAAAPuac5Ma5a97uCtuA51AV+fv2RgAAAADA0UbVAK2R9EUKrs3srcqWK1NREQ1V7yo6K4I56l3bgevC9ZHgWKXCxwIAAAC4tlIyoP+58VLerCXD8ewqi8OYjcdRaDw+/TCc8bslAsMeD0pw7B+n8531AgAAADiSmYl5E3Xa973re5/EZEdb8uLLHlS9YWYi5uWM2Gqp58Vz9iDWmF00wbGlKUutieeQkNjfDmXcNDRfx9CkqLXRzLC2G/1BBQAAAHbKbxOq6KQL4nB/3sREJSYkmq6xh1cwC7kAszh5gZg4daHhaIwNUl5Ds+txqzWsdBcJi9MbexAzGyWZVHUU/4XfWSXWi88phFTlaSXOrQQ5s5loq7Vt2Ru/ttPJ1zVO8gk83nWdJqOtnWkXkxtHKK3r/XUvfVABAACAJ6lfnWv23d7r48mQhhgjmUwCaKei6rLXUTk/3DzIDTaxRSkG19mx4Ibw/W09caefyfedWsExrVboM7PDA2+se7vll7HJ16VX2FIVEnOEWi5/o4IDAAAATXR/9fDxrn0tGy6/y7f3QxVJ4Tlnb9RFffp9m1msMsiSW6qhWsZny+iQ...
&amp#27;[38;5;38m[9e22fe9b]&amp#27;[0m&amp#27;[38;5;86m[HTTP]&amp#27;[0m &amp#27;[37m<-- GET /wd/hub/session/9e22fe9b-42ec-4c33-ac40-3323cd69a4eb/screenshot &amp#27;[39m&amp#27;[32m200&amp#27;[39m &amp#27;[90m316 ms - 286732&amp#27;[39m &amp#27;[90m&amp#27;[39m
Exception while taking screenshot: /Users/oadeoye/IdeaProjects/Hello-Again-Mobile/Hello-Again-Mobile/resources/screenshots/loginTest.jpeg
12:07:35.333 [main] ERROR org.basetest.BaseTest - Test failed: Can't locate an element by this strategy: By.xpath: android.widget.EditText[@index='5']
&amp#27;[38;5;38m[9e22fe9b]&amp#27;[0m&amp#27;[38;5;86m[HTTP]&amp#27;[0m &amp#27;[37m-->&amp#27;[39m &amp#27;[37mPOST&amp#27;[39m &amp#27;[37m/wd/hub/session/9e22fe9b-42ec-4c33-ac40-3323cd69a4eb/element&amp#27;[39m &amp#27;[90m{"using":"xpath","value":"android.widget.EditText[@index='5']"}&amp#27;[39m
&amp#27;[38;5;38m[9e22fe9b]&amp#27;[0m&amp#27;[38;5;28m[AndroidUiautomator2Driver@aa35 (9e22fe9b)]&amp#27;[0m Calling AppiumDriver.findElement() with args: ["xpath","android.widget.EditText[@index='5']","9e22fe9b-42ec-4c33-ac40-3323cd69a4eb"]
&amp#27;[38;5;38m[9e22fe9b]&amp#27;[0m&amp#27;[38;5;28m[AndroidUiautomator2Driver@aa35 (9e22fe9b)]&amp#27;[0m Valid locator strategies for this request: xpath, id, class name, accessibility id, css selector, -android uiautomator
&amp#27;[38;5;38m[9e22fe9b]&amp#27;[0m&amp#27;[38;5;28m[AndroidUiautomator2Driver@aa35 (9e22fe9b)]&amp#27;[0m Waiting up to 0 ms for condition
&amp#27;[38;5;38m[9e22fe9b]&amp#27;[0m&amp#27;[38;5;28m[AndroidUiautomator2Driver@aa35 (9e22fe9b)]&amp#27;[0m Matched '/element' to command name 'findElement'
&amp#27;[38;5;38m[9e22fe9b]&amp#27;[0m&amp#27;[38;5;28m[AndroidUiautomator2Driver@aa35 (9e22fe9b)]&amp#27;[0m Proxying [POST /element] to [POST http://127.0.0.1:8200/session/3871ac39-73da-4c2a-b072-918489c17f04/element] with body: {"strategy":"xpath","selector":"android.widget.EditText[@index='5']","context":"","multiple":false}
&amp#27;[38;5;38m[9e22fe9b]&amp#27;[0m&amp#27;[38;5;28m[AndroidUiautomator2Driver@aa35 (9e22fe9b)]&amp#27;[0m Got response with status 404: {"sessionId":"3871ac39-73da-4c2a-b072-918489c17f04","value":{"error":"no such element","message":"An element could not be located on the page using the given search parameters","stacktrace":"io.appium.uiautomator2.common.exceptions.ElementNotFoundException: An element could not be located on the page using the given search parameters\n\tat io.appium.uiautomator2.utils.ElementLocationHelpers.findElement(ElementLocationHelpers.java:156)\n\tat io.appium.uiautomator2.handler.FindElement.safeHandle(FindElement.java:60)\n\tat io.appium.uiautomator2.handler.request.SafeRequestHandler.handle(SafeRequestHandler.java:59)\n\tat io.appium.uiautomator2.server.AppiumServlet.handleRequest(AppiumServlet.java:259)\n\tat io.appium.uiautomator2.server.AppiumServlet.handleHttpRequest(AppiumServlet.java:253)\n\tat io.appium.uiautomator2.http.ServerHandler.channelRead(ServerHandler.java:77)\n\tat io.netty.channel.AbstractChannelHandlerContext.invokeChannelRead(AbstractChannelHandlerContext.java:366)\n\tat io.netty.channel.Abstr...
&amp#27;[38;5;38m[9e22fe9b]&amp#27;[0m&amp#27;[38;5;123m[W3C]&amp#27;[0m Matched W3C error code 'no such element' to NoSuchElementError
&amp#27;[38;5;38m[9e22fe9b]&amp#27;[0m&amp#27;[38;5;28m[AndroidUiautomator2Driver@aa35 (9e22fe9b)]&amp#27;[0m Encountered internal error running command: NoSuchElementError: An element could not be located on the page using the given search parameters.
&amp#27;[38;5;38m[9e22fe9b]&amp#27;[0m&amp#27;[38;5;28m[AndroidUiautomator2Driver@aa35 (9e22fe9b)]&amp#27;[0m     at AndroidUiautomator2Driver.findElOrEls (/Users/oadeoye/.appium/node_modules/appium-uiautomator2-driver/node_modules/appium-android-driver/lib/commands/find.ts:86:11)
&amp#27;[38;5;38m[9e22fe9b]&amp#27;[0m&amp#27;[38;5;28m[AndroidUiautomator2Driver@aa35 (9e22fe9b)]&amp#27;[0m     at processTicksAndRejections (node:internal/process/task_queues:95:5)
&amp#27;[38;5;38m[9e22fe9b]&amp#27;[0m&amp#27;[38;5;28m[AndroidUiautomator2Driver@aa35 (9e22fe9b)]&amp#27;[0m     at AndroidUiautomator2Driver.findElOrElsWithProcessing (/Users/oadeoye/node_modules/@appium/base-driver/lib/basedriver/commands/find.ts:60:12)
&amp#27;[38;5;38m[9e22fe9b]&amp#27;[0m&amp#27;[38;5;28m[AndroidUiautomator2Driver@aa35 (9e22fe9b)]&amp#27;[0m     at AndroidUiautomator2Driver.findElement (/Users/oadeoye/node_modules/@appium/base-driver/lib/basedriver/commands/find.ts:75:12)
&amp#27;[38;5;38m[9e22fe9b]&amp#27;[0m&amp#27;[38;5;86m[HTTP]&amp#27;[0m &amp#27;[37m<-- POST /wd/hub/session/9e22fe9b-42ec-4c33-ac40-3323cd69a4eb/element &amp#27;[39m&amp#27;[33m404&amp#27;[39m &amp#27;[90m61 ms - 772&amp#27;[39m &amp#27;[90m&amp#27;[39m
&amp#27;[38;5;38m[9e22fe9b]&amp#27;[0m&amp#27;[38;5;86m[HTTP]&amp#27;[0m &amp#27;[37m-->&amp#27;[39m &amp#27;[37mPOST&amp#27;[39m &amp#27;[37m/wd/hub/session/9e22fe9b-42ec-4c33-ac40-3323cd69a4eb/element&amp#27;[39m &amp#27;[90m{"using":"xpath","value":"android.widget.EditText[@index='5']"}&amp#27;[39m
&amp#27;[38;5;38m[9e22fe9b]&amp#27;[0m&amp#27;[38;5;28m[AndroidUiautomator2Driver@aa35 (9e22fe9b)]&amp#27;[0m Calling AppiumDriver.findElement() with args: ["xpath","android.widget.EditText[@index='5']","9e22fe9b-42ec-4c33-ac40-3323cd69a4eb"]
&amp#27;[38;5;38m[9e22fe9b]&amp#27;[0m&amp#27;[38;5;28m[AndroidUiautomator2Driver@aa35 (9e22fe9b)]&amp#27;[0m Valid locator strategies for this request: xpath, id, class name, accessibility id, css selector, -android uiautomator
&amp#27;[38;5;38m[9e22fe9b]&amp#27;[0m&amp#27;[38;5;28m[AndroidUiautomator2Driver@aa35 (9e22fe9b)]&amp#27;[0m Waiting up to 0 ms for condition
&amp#27;[38;5;38m[9e22fe9b]&amp#27;[0m&amp#27;[38;5;28m[AndroidUiautomator2Driver@aa35 (9e22fe9b)]&amp#27;[0m Matched '/element' to command name 'findElement'
&amp#27;[38;5;38m[9e22fe9b]&amp#27;[0m&amp#27;[38;5;28m[AndroidUiautomator2Driver@aa35 (9e22fe9b)]&amp#27;[0m Proxying [POST /element] to [POST http://127.0.0.1:8200/session/3871ac39-73da-4c2a-b072-918489c17f04/element] with body: {"strategy":"xpath","selector":"android.widget.EditText[@index='5']","context":"","multiple":false}
&amp#27;[38;5;38m[9e22fe9b]&amp#27;[0m&amp#27;[38;5;28m[AndroidUiautomator2Driver@aa35 (9e22fe9b)]&amp#27;[0m Got response with status 404: {"sessionId":"3871ac39-73da-4c2a-b072-918489c17f04","value":{"error":"no such element","message":"An element could not be located on the page using the given search parameters","stacktrace":"io.appium.uiautomator2.common.exceptions.ElementNotFoundException: An element could not be located on the page using the given search parameters\n\tat io.appium.uiautomator2.utils.ElementLocationHelpers.findElement(ElementLocationHelpers.java:156)\n\tat io.appium.uiautomator2.handler.FindElement.safeHandle(FindElement.java:60)\n\tat io.appium.uiautomator2.handler.request.SafeRequestHandler.handle(SafeRequestHandler.java:59)\n\tat io.appium.uiautomator2.server.AppiumServlet.handleRequest(AppiumServlet.java:259)\n\tat io.appium.uiautomator2.server.AppiumServlet.handleHttpRequest(AppiumServlet.java:253)\n\tat io.appium.uiautomator2.http.ServerHandler.channelRead(ServerHandler.java:77)\n\tat io.netty.channel.AbstractChannelHandlerContext.invokeChannelRead(AbstractChannelHandlerContext.java:366)\n\tat io.netty.channel.Abstr...
&amp#27;[38;5;38m[9e22fe9b]&amp#27;[0m&amp#27;[38;5;123m[W3C]&amp#27;[0m Matched W3C error code 'no such element' to NoSuchElementError
&amp#27;[38;5;38m[9e22fe9b]&amp#27;[0m&amp#27;[38;5;28m[AndroidUiautomator2Driver@aa35 (9e22fe9b)]&amp#27;[0m Encountered internal error running command: NoSuchElementError: An element could not be located on the page using the given search parameters.
&amp#27;[38;5;38m[9e22fe9b]&amp#27;[0m&amp#27;[38;5;28m[AndroidUiautomator2Driver@aa35 (9e22fe9b)]&amp#27;[0m     at AndroidUiautomator2Driver.findElOrEls (/Users/oadeoye/.appium/node_modules/appium-uiautomator2-driver/node_modules/appium-android-driver/lib/commands/find.ts:86:11)
&amp#27;[38;5;38m[9e22fe9b]&amp#27;[0m&amp#27;[38;5;28m[AndroidUiautomator2Driver@aa35 (9e22fe9b)]&amp#27;[0m     at processTicksAndRejections (node:internal/process/task_queues:95:5)
&amp#27;[38;5;38m[9e22fe9b]&amp#27;[0m&amp#27;[38;5;28m[AndroidUiautomator2Driver@aa35 (9e22fe9b)]&amp#27;[0m     at AndroidUiautomator2Driver.findElOrElsWithProcessing (/Users/oadeoye/node_modules/@appium/base-driver/lib/basedriver/commands/find.ts:60:12)
&amp#27;[38;5;38m[9e22fe9b]&amp#27;[0m&amp#27;[38;5;28m[AndroidUiautomator2Driver@aa35 (9e22fe9b)]&amp#27;[0m     at AndroidUiautomator2Driver.findElement (/Users/oadeoye/node_modules/@appium/base-driver/lib/basedriver/commands/find.ts:75:12)
&amp#27;[38;5;38m[9e22fe9b]&amp#27;[0m&amp#27;[38;5;86m[HTTP]&amp#27;[0m &amp#27;[37m<-- POST /wd/hub/session/9e22fe9b-42ec-4c33-ac40-3323cd69a4eb/element &amp#27;[39m&amp#27;[33m404&amp#27;[39m &amp#27;[90m80 ms - 772&amp#27;[39m &amp#27;[90m&amp#27;[39m
&amp#27;[38;5;38m[9e22fe9b]&amp#27;[0m&amp#27;[38;5;86m[HTTP]&amp#27;[0m &amp#27;[37m-->&amp#27;[39m &amp#27;[37mPOST&amp#27;[39m &amp#27;[37m/wd/hub/session/9e22fe9b-42ec-4c33-ac40-3323cd69a4eb/element&amp#27;[39m &amp#27;[90m{"using":"xpath","value":"android.widget.EditText[@index='5']"}&amp#27;[39m
&amp#27;[38;5;38m[9e22fe9b]&amp#27;[0m&amp#27;[38;5;28m[AndroidUiautomator2Driver@aa35 (9e22fe9b)]&amp#27;[0m Calling AppiumDriver.findElement() with args: ["xpath","android.widget.EditText[@index='5']","9e22fe9b-42ec-4c33-ac40-3323cd69a4eb"]
&amp#27;[38;5;38m[9e22fe9b]&amp#27;[0m&amp#27;[38;5;28m[AndroidUiautomator2Driver@aa35 (9e22fe9b)]&amp#27;[0m Valid locator strategies for this request: xpath, id, class name, accessibility id, css selector, -android uiautomator
&amp#27;[38;5;38m[9e22fe9b]&amp#27;[0m&amp#27;[38;5;28m[AndroidUiautomator2Driver@aa35 (9e22fe9b)]&amp#27;[0m Waiting up to 0 ms for condition
&amp#27;[38;5;38m[9e22fe9b]&amp#27;[0m&amp#27;[38;5;28m[AndroidUiautomator2Driver@aa35 (9e22fe9b)]&amp#27;[0m Matched '/element' to command name 'findElement'
&amp#27;[38;5;38m[9e22fe9b]&amp#27;[0m&amp#27;[38;5;28m[AndroidUiautomator2Driver@aa35 (9e22fe9b)]&amp#27;[0m Proxying [POST /element] to [POST http://127.0.0.1:8200/session/3871ac39-73da-4c2a-b072-918489c17f04/element] with body: {"strategy":"xpath","selector":"android.widget.EditText[@index='5']","context":"","multiple":false}
&amp#27;[38;5;38m[9e22fe9b]&amp#27;[0m&amp#27;[38;5;28m[AndroidUiautomator2Driver@aa35 (9e22fe9b)]&amp#27;[0m Got response with status 404: {"sessionId":"3871ac39-73da-4c2a-b072-918489c17f04","value":{"error":"no such element","message":"An element could not be located on the page using the given search parameters","stacktrace":"io.appium.uiautomator2.common.exceptions.ElementNotFoundException: An element could not be located on the page using the given search parameters\n\tat io.appium.uiautomator2.utils.ElementLocationHelpers.findElement(ElementLocationHelpers.java:156)\n\tat io.appium.uiautomator2.handler.FindElement.safeHandle(FindElement.java:60)\n\tat io.appium.uiautomator2.handler.request.SafeRequestHandler.handle(SafeRequestHandler.java:59)\n\tat io.appium.uiautomator2.server.AppiumServlet.handleRequest(AppiumServlet.java:259)\n\tat io.appium.uiautomator2.server.AppiumServlet.handleHttpRequest(AppiumServlet.java:253)\n\tat io.appium.uiautomator2.http.ServerHandler.channelRead(ServerHandler.java:77)\n\tat io.netty.channel.AbstractChannelHandlerContext.invokeChannelRead(AbstractChannelHandlerContext.java:366)\n\tat io.netty.channel.Abstr...
&amp#27;[38;5;38m[9e22fe9b]&amp#27;[0m&amp#27;[38;5;123m[W3C]&amp#27;[0m Matched W3C error code 'no such element' to NoSuchElementError
&amp#27;[38;5;38m[9e22fe9b]&amp#27;[0m&amp#27;[38;5;28m[AndroidUiautomator2Driver@aa35 (9e22fe9b)]&amp#27;[0m Encountered internal error running command: NoSuchElementError: An element could not be located on the page using the given search parameters.
&amp#27;[38;5;38m[9e22fe9b]&amp#27;[0m&amp#27;[38;5;28m[AndroidUiautomator2Driver@aa35 (9e22fe9b)]&amp#27;[0m     at AndroidUiautomator2Driver.findElOrEls (/Users/oadeoye/.appium/node_modules/appium-uiautomator2-driver/node_modules/appium-android-driver/lib/commands/find.ts:86:11)
&amp#27;[38;5;38m[9e22fe9b]&amp#27;[0m&amp#27;[38;5;28m[AndroidUiautomator2Driver@aa35 (9e22fe9b)]&amp#27;[0m     at processTicksAndRejections (node:internal/process/task_queues:95:5)
&amp#27;[38;5;38m[9e22fe9b]&amp#27;[0m&amp#27;[38;5;28m[AndroidUiautomator2Driver@aa35 (9e22fe9b)]&amp#27;[0m     at AndroidUiautomator2Driver.findElOrElsWithProcessing (/Users/oadeoye/node_modules/@appium/base-driver/lib/basedriver/commands/find.ts:60:12)
&amp#27;[38;5;38m[9e22fe9b]&amp#27;[0m&amp#27;[38;5;28m[AndroidUiautomator2Driver@aa35 (9e22fe9b)]&amp#27;[0m     at AndroidUiautomator2Driver.findElement (/Users/oadeoye/node_modules/@appium/base-driver/lib/basedriver/commands/find.ts:75:12)
&amp#27;[38;5;38m[9e22fe9b]&amp#27;[0m&amp#27;[38;5;86m[HTTP]&amp#27;[0m &amp#27;[37m<-- POST /wd/hub/session/9e22fe9b-42ec-4c33-ac40-3323cd69a4eb/element &amp#27;[39m&amp#27;[33m404&amp#27;[39m &amp#27;[90m72 ms - 772&amp#27;[39m &amp#27;[90m&amp#27;[39m
12:07:36.634 [main] ERROR org.utils.LoggerUtil - Error entering phone number: Can't locate an element by this strategy: By.xpath: android.widget.EditText[@index='5']
]]></system-out>
  </testcase>
  <testcase name="loginTest[1234567890, 12, Login failed - Incorrect pin](4)" classname="org.base.tests.LoginTest" time="1.244">
    <failure message="Can&apos;t locate an element by this strategy: By.xpath: android.widget.EditText[@index=&apos;5&apos;]" type="org.openqa.selenium.NoSuchElementException"><![CDATA[org.openqa.selenium.NoSuchElementException: Can't locate an element by this strategy: By.xpath: android.widget.EditText[@index='5']
	at io.appium.java_client.pagefactory.AppiumElementLocator.findElement(AppiumElementLocator.java:166)
	at io.appium.java_client.pagefactory.interceptors.InterceptorOfASingleElement.call(InterceptorOfASingleElement.java:75)
	at io.appium.java_client.proxy.Interceptor.intercept(Interceptor.java:78)
	at org.openqa.selenium.remote.RemoteWebElement$ByteBuddy$f47DLCWW.sendKeys(Unknown Source)
	at org.pages.LoginPage.enterPhoneNumber(LoginPage.java:32)
	at org.base.tests.LoginTest.loginTest(LoginTest.java:26)
	at java.base/jdk.internal.reflect.DirectMethodHandleAccessor.invoke(DirectMethodHandleAccessor.java:103)
	at java.base/java.lang.reflect.Method.invoke(Method.java:580)
	at org.testng.internal.invokers.MethodInvocationHelper.invokeMethod(MethodInvocationHelper.java:141)
	at org.testng.internal.invokers.TestInvoker.invokeMethod(TestInvoker.java:686)
	at org.testng.internal.invokers.TestInvoker.invokeTestMethod(TestInvoker.java:230)
	at org.testng.internal.invokers.MethodRunner.runInSequence(MethodRunner.java:63)
	at org.testng.internal.invokers.TestInvoker$MethodInvocationAgent.invoke(TestInvoker.java:992)
	at org.testng.internal.invokers.TestInvoker.invokeTestMethods(TestInvoker.java:203)
	at org.testng.internal.invokers.TestMethodWorker.invokeTestMethods(TestMethodWorker.java:154)
	at org.testng.internal.invokers.TestMethodWorker.run(TestMethodWorker.java:134)
	at java.base/java.util.ArrayList.forEach(ArrayList.java:1597)
	at org.testng.TestRunner.privateRun(TestRunner.java:739)
	at org.testng.TestRunner.run(TestRunner.java:614)
	at org.testng.SuiteRunner.runTest(SuiteRunner.java:421)
	at org.testng.SuiteRunner.runSequentially(SuiteRunner.java:413)
	at org.testng.SuiteRunner.privateRun(SuiteRunner.java:373)
	at org.testng.SuiteRunner.run(SuiteRunner.java:312)
	at org.testng.SuiteRunnerWorker.runSuite(SuiteRunnerWorker.java:52)
	at org.testng.SuiteRunnerWorker.run(SuiteRunnerWorker.java:95)
	at org.testng.TestNG.runSuitesSequentially(TestNG.java:1274)
	at org.testng.TestNG.runSuitesLocally(TestNG.java:1208)
	at org.testng.TestNG.runSuites(TestNG.java:1112)
	at org.testng.TestNG.run(TestNG.java:1079)
	at org.apache.maven.surefire.testng.TestNGExecutor.run(TestNGExecutor.java:308)
	at org.apache.maven.surefire.testng.TestNGXmlTestSuite.execute(TestNGXmlTestSuite.java:71)
	at org.apache.maven.surefire.testng.TestNGProvider.invoke(TestNGProvider.java:113)
	at org.apache.maven.surefire.booter.ForkedBooter.runSuitesInProcess(ForkedBooter.java:385)
	at org.apache.maven.surefire.booter.ForkedBooter.execute(ForkedBooter.java:162)
	at org.apache.maven.surefire.booter.ForkedBooter.run(ForkedBooter.java:507)
	at org.apache.maven.surefire.booter.ForkedBooter.main(ForkedBooter.java:495)
Caused by: org.openqa.selenium.TimeoutException: Expected condition failed: waiting for io.appium.java_client.pagefactory.AppiumElementLocator$WaitingFunction@575b5f7d (tried for 1 second(s) with 500 milliseconds interval)
	at org.openqa.selenium.support.ui.FluentWait.timeoutException(FluentWait.java:265)
	at org.openqa.selenium.support.ui.FluentWait.until(FluentWait.java:228)
	at io.appium.java_client.pagefactory.AppiumElementLocator.waitFor(AppiumElementLocator.java:135)
	at io.appium.java_client.pagefactory.AppiumElementLocator.findElement(AppiumElementLocator.java:160)
	... 35 more
Caused by: org.openqa.selenium.NoSuchElementException: An element could not be located on the page using the given search parameters.
For documentation on this error, please visit: https://www.selenium.dev/documentation/webdriver/troubleshooting/errors#no-such-element-exception
Build info: version: '4.23.1', revision: '656257d8e9'
System info: os.name: 'Mac OS X', os.arch: 'x86_64', os.version: '14.6.1', java.version: '22.0.2'
Driver info: io.appium.java_client.AppiumDriver
Command: [9e22fe9b-42ec-4c33-ac40-3323cd69a4eb, findElement {using=xpath, value=android.widget.EditText[@index='5']}]
Capabilities {appium:appActivity: com.lenddo.mobile.paylater...., appium:appPackage: com.lenddo.mobile.paylater...., appium:autoGrantPermissions: true, appium:automationName: UIAutomator2, appium:databaseEnabled: false, appium:desired: {appActivity: com.lenddo.mobile.paylater...., appPackage: com.lenddo.mobile.paylater...., autoGrantPermissions: true, automationName: UIAutomator2, deviceName: Android Emulator, noReset: true, platformName: ANDROID}, appium:deviceApiLevel: 34, appium:deviceManufacturer: Google, appium:deviceModel: sdk_gphone64_arm64, appium:deviceName: emulator-5554, appium:deviceScreenDensity: 420, appium:deviceScreenSize: 1080x2092, appium:deviceUDID: emulator-5554, appium:javascriptEnabled: true, appium:locationContextEnabled: false, appium:networkConnectionEnabled: true, appium:noReset: true, appium:pixelRatio: 2.625, appium:platformVersion: 14, appium:statBarHeight: 144, appium:takesScreenshot: true, appium:viewportRect: {height: 1948, left: 0, top: 144, width: 1080}, appium:warnings: {}, appium:webStorageEnabled: false, platformName: ANDROID}
Session ID: 9e22fe9b-42ec-4c33-ac40-3323cd69a4eb
	at java.base/jdk.internal.reflect.DirectConstructorHandleAccessor.newInstance(DirectConstructorHandleAccessor.java:62)
	at java.base/java.lang.reflect.Constructor.newInstanceWithCaller(Constructor.java:502)
	at java.base/java.lang.reflect.Constructor.newInstance(Constructor.java:486)
	at org.openqa.selenium.remote.ErrorCodec.decode(ErrorCodec.java:167)
	at org.openqa.selenium.remote.codec.w3c.W3CHttpResponseCodec.decode(W3CHttpResponseCodec.java:138)
	at org.openqa.selenium.remote.codec.w3c.W3CHttpResponseCodec.decode(W3CHttpResponseCodec.java:50)
	at org.openqa.selenium.remote.HttpCommandExecutor.execute(HttpCommandExecutor.java:190)
	at io.appium.java_client.remote.AppiumCommandExecutor.execute(AppiumCommandExecutor.java:237)
	at org.openqa.selenium.remote.RemoteWebDriver.execute(RemoteWebDriver.java:545)
	at org.openqa.selenium.remote.ElementLocation$ElementFinder$2.findElement(ElementLocation.java:165)
	at org.openqa.selenium.remote.ElementLocation.findElement(ElementLocation.java:59)
	at org.openqa.selenium.remote.RemoteWebDriver.findElement(RemoteWebDriver.java:368)
	at org.openqa.selenium.remote.RemoteWebDriver.findElement(RemoteWebDriver.java:362)
	at io.appium.java_client.pagefactory.bys.ContentMappedBy.findElement(ContentMappedBy.java:53)
	at org.openqa.selenium.remote.ElementLocation$ElementFinder$1.findElement(ElementLocation.java:139)
	at org.openqa.selenium.remote.ElementLocation.findElement(ElementLocation.java:59)
	at org.openqa.selenium.remote.RemoteWebDriver.findElement(RemoteWebDriver.java:368)
	at org.openqa.selenium.remote.RemoteWebDriver.findElement(RemoteWebDriver.java:362)
	at io.appium.java_client.pagefactory.AppiumElementLocator.lambda$findElement$1(AppiumElementLocator.java:160)
	at io.appium.java_client.pagefactory.AppiumElementLocator$WaitingFunction.apply(AppiumElementLocator.java:217)
	at io.appium.java_client.pagefactory.AppiumElementLocator$WaitingFunction.apply(AppiumElementLocator.java:210)
	at org.openqa.selenium.support.ui.FluentWait.until(FluentWait.java:203)
	... 37 more
]]></failure>
    <system-out><![CDATA[&amp#27;[38;5;38m[9e22fe9b]&amp#27;[0m&amp#27;[38;5;86m[HTTP]&amp#27;[0m &amp#27;[37m-->&amp#27;[39m &amp#27;[37mGET&amp#27;[39m &amp#27;[37m/wd/hub/session/9e22fe9b-42ec-4c33-ac40-3323cd69a4eb/screenshot&amp#27;[39m &amp#27;[90m{}&amp#27;[39m
&amp#27;[38;5;38m[9e22fe9b]&amp#27;[0m&amp#27;[38;5;28m[AndroidUiautomator2Driver@aa35 (9e22fe9b)]&amp#27;[0m Calling AppiumDriver.getScreenshot() with args: ["9e22fe9b-42ec-4c33-ac40-3323cd69a4eb"]
&amp#27;[38;5;38m[9e22fe9b]&amp#27;[0m&amp#27;[38;5;28m[AndroidUiautomator2Driver@aa35 (9e22fe9b)]&amp#27;[0m Matched '/screenshot' to command name 'getScreenshot'
&amp#27;[38;5;38m[9e22fe9b]&amp#27;[0m&amp#27;[38;5;28m[AndroidUiautomator2Driver@aa35 (9e22fe9b)]&amp#27;[0m Proxying [GET /screenshot] to [GET http://127.0.0.1:8200/session/3871ac39-73da-4c2a-b072-918489c17f04/screenshot] with no body
&amp#27;[38;5;38m[9e22fe9b]&amp#27;[0m&amp#27;[38;5;28m[AndroidUiautomator2Driver@aa35 (9e22fe9b)]&amp#27;[0m Got response with status 200: {"sessionId":"3871ac39-73da-4c2a-b072-918489c17f04","value":"iVBORw0KGgoAAAANSUhEUgAABDgAAAgsCAYAAACz90Z2AAAAAXNSR0IArs4c6QAAAARzQklUCAgICHwIZIgAACAASURBVHic7N1hlqs8joBhydTp7cyCesmzpLmx5odtMGADJpAAeZ8+96uqFCEESDUSsqz//Z//NXmTmoqIzh535ubLisblRUxMTG3+vZqIWFx3w3Zk657+Zti+Yd2mKlZ8PH+uz9/RbFmpvKaaihb2iamJydu7HAAAADejWro6DI+vPHPDMgNzVro0b1a6rDbV4rpHV7c6XD9rfzFvqxf2Le+x9Nz0zznXr2tYZ379fizV9J+T1n3EwSz4dESizoW4yYt48/J6veT1eon3Xpw4UXGzc6AUT9aOZe30Kq2hpnaWFEPMBW0xbNsR9pXHW7axZV8d98lpORKte2XfqwAAAAAAPuac5Ma5a97uCtuA51AV+fv2RgAAAADA0UbVAK2R9EUKrs3srcqWK1NREQ1V7yo6K4I56l3bgevC9ZHgWKXCxwIAAAC4tlIyoP+58VLerCXD8ewqi8OYjcdRaDw+/TCc8bslAsMeD0pw7B+n8531AgAAADiSmYl5E3Xa973re5/EZEdb8uLLHlS9YWYi5uWM2Gqp58Vz9iDWmF00wbGlKUutieeQkNjfDmXcNDRfx9CkqLXRzLC2G/1BBQAAAHbKbxOq6KQL4nB/3sREJSYkmq6xh1cwC7kAszh5gZg4daHhaIwNUl5Ds+txqzWsdBcJi9MbexAzGyWZVHUU/4XfWSXWi88phFTlaSXOrQQ5s5loq7Vt2Ru/ttPJ1zVO8gk83nWdJqOtnWkXkxtHKK3r/XUvfVABAACAJ6lfnWv23d7r48mQhhgjmUwCaKei6rLXUTk/3DzIDTaxRSkG19mx4Ibw/W09caefyfedWsExrVboM7PDA2+se7vll7HJ16VX2FIVEnOEWi5/o4ID...
&amp#27;[38;5;38m[9e22fe9b]&amp#27;[0m&amp#27;[38;5;28m[AndroidUiautomator2Driver@aa35 (9e22fe9b)]&amp#27;[0m Responding to client with driver.getScreenshot() result: "iVBORw0KGgoAAAANSUhEUgAABDgAAAgsCAYAAACz90Z2AAAAAXNSR0IArs4c6QAAAARzQklUCAgICHwIZIgAACAASURBVHic7N1hlqs8joBhydTp7cyCesmzpLmx5odtMGADJpAAeZ8+96uqFCEESDUSsqz//Z//NXmTmoqIzh535ubLisblRUxMTG3+vZqIWFx3w3Zk657+Zti+Yd2mKlZ8PH+uz9/RbFmpvKaaihb2iamJydu7HAAAADejWro6DI+vPHPDMgNzVro0b1a6rDbV4rpHV7c6XD9rfzFvqxf2Le+x9Nz0zznXr2tYZ379fizV9J+T1n3EwSz4dESizoW4yYt48/J6veT1eon3Xpw4UXGzc6AUT9aOZe30Kq2hpnaWFEPMBW0xbNsR9pXHW7axZV8d98lpORKte2XfqwAAAAAAPuac5Ma5a97uCtuA51AV+fv2RgAAAADA0UbVAK2R9EUKrs3srcqWK1NREQ1V7yo6K4I56l3bgevC9ZHgWKXCxwIAAAC4tlIyoP+58VLerCXD8ewqi8OYjcdRaDw+/TCc8bslAsMeD0pw7B+n8531AgAAADiSmYl5E3Xa973re5/EZEdb8uLLHlS9YWYi5uWM2Gqp58Vz9iDWmF00wbGlKUutieeQkNjfDmXcNDRfx9CkqLXRzLC2G/1BBQAAAHbKbxOq6KQL4nB/3sREJSYkmq6xh1cwC7kAszh5gZg4daHhaIwNUl5Ds+txqzWsdBcJi9MbexAzGyWZVHUU/4XfWSXWi88phFTlaSXOrQQ5s5loq7Vt2Ru/ttPJ1zVO8gk83nWdJqOtnWkXkxtHKK3r/XUvfVABAACAJ6lfnWv23d7r48mQhhgjmUwCaKei6rLXUTk/3DzIDTaxRSkG19mx4Ibw/W09caefyfedWsExrVboM7PDA2+se7vll7HJ16VX2FIVEnOEWi5/o4IDAAAATXR/9fDxrn0tGy6/y7f3QxVJ4Tlnb9RFffp9m1msMsiSW6qhWsZny+iQ...
&amp#27;[38;5;38m[9e22fe9b]&amp#27;[0m&amp#27;[38;5;86m[HTTP]&amp#27;[0m &amp#27;[37m<-- GET /wd/hub/session/9e22fe9b-42ec-4c33-ac40-3323cd69a4eb/screenshot &amp#27;[39m&amp#27;[32m200&amp#27;[39m &amp#27;[90m287 ms - 286732&amp#27;[39m &amp#27;[90m&amp#27;[39m
Exception while taking screenshot: /Users/oadeoye/IdeaProjects/Hello-Again-Mobile/Hello-Again-Mobile/resources/screenshots/loginTest.jpeg
12:07:36.964 [main] ERROR org.basetest.BaseTest - Test failed: Can't locate an element by this strategy: By.xpath: android.widget.EditText[@index='5']
&amp#27;[38;5;38m[9e22fe9b]&amp#27;[0m&amp#27;[38;5;86m[HTTP]&amp#27;[0m &amp#27;[37m-->&amp#27;[39m &amp#27;[37mPOST&amp#27;[39m &amp#27;[37m/wd/hub/session/9e22fe9b-42ec-4c33-ac40-3323cd69a4eb/element&amp#27;[39m &amp#27;[90m{"using":"xpath","value":"android.widget.EditText[@index='5']"}&amp#27;[39m
&amp#27;[38;5;38m[9e22fe9b]&amp#27;[0m&amp#27;[38;5;28m[AndroidUiautomator2Driver@aa35 (9e22fe9b)]&amp#27;[0m Calling AppiumDriver.findElement() with args: ["xpath","android.widget.EditText[@index='5']","9e22fe9b-42ec-4c33-ac40-3323cd69a4eb"]
&amp#27;[38;5;38m[9e22fe9b]&amp#27;[0m&amp#27;[38;5;28m[AndroidUiautomator2Driver@aa35 (9e22fe9b)]&amp#27;[0m Valid locator strategies for this request: xpath, id, class name, accessibility id, css selector, -android uiautomator
&amp#27;[38;5;38m[9e22fe9b]&amp#27;[0m&amp#27;[38;5;28m[AndroidUiautomator2Driver@aa35 (9e22fe9b)]&amp#27;[0m Waiting up to 0 ms for condition
&amp#27;[38;5;38m[9e22fe9b]&amp#27;[0m&amp#27;[38;5;28m[AndroidUiautomator2Driver@aa35 (9e22fe9b)]&amp#27;[0m Matched '/element' to command name 'findElement'
&amp#27;[38;5;38m[9e22fe9b]&amp#27;[0m&amp#27;[38;5;28m[AndroidUiautomator2Driver@aa35 (9e22fe9b)]&amp#27;[0m Proxying [POST /element] to [POST http://127.0.0.1:8200/session/3871ac39-73da-4c2a-b072-918489c17f04/element] with body: {"strategy":"xpath","selector":"android.widget.EditText[@index='5']","context":"","multiple":false}
&amp#27;[38;5;38m[9e22fe9b]&amp#27;[0m&amp#27;[38;5;28m[AndroidUiautomator2Driver@aa35 (9e22fe9b)]&amp#27;[0m Got response with status 404: {"sessionId":"3871ac39-73da-4c2a-b072-918489c17f04","value":{"error":"no such element","message":"An element could not be located on the page using the given search parameters","stacktrace":"io.appium.uiautomator2.common.exceptions.ElementNotFoundException: An element could not be located on the page using the given search parameters\n\tat io.appium.uiautomator2.utils.ElementLocationHelpers.findElement(ElementLocationHelpers.java:156)\n\tat io.appium.uiautomator2.handler.FindElement.safeHandle(FindElement.java:60)\n\tat io.appium.uiautomator2.handler.request.SafeRequestHandler.handle(SafeRequestHandler.java:59)\n\tat io.appium.uiautomator2.server.AppiumServlet.handleRequest(AppiumServlet.java:259)\n\tat io.appium.uiautomator2.server.AppiumServlet.handleHttpRequest(AppiumServlet.java:253)\n\tat io.appium.uiautomator2.http.ServerHandler.channelRead(ServerHandler.java:77)\n\tat io.netty.channel.AbstractChannelHandlerContext.invokeChannelRead(AbstractChannelHandlerContext.java:366)\n\tat io.netty.channel.Abstr...
&amp#27;[38;5;38m[9e22fe9b]&amp#27;[0m&amp#27;[38;5;123m[W3C]&amp#27;[0m Matched W3C error code 'no such element' to NoSuchElementError
&amp#27;[38;5;38m[9e22fe9b]&amp#27;[0m&amp#27;[38;5;28m[AndroidUiautomator2Driver@aa35 (9e22fe9b)]&amp#27;[0m Encountered internal error running command: NoSuchElementError: An element could not be located on the page using the given search parameters.
&amp#27;[38;5;38m[9e22fe9b]&amp#27;[0m&amp#27;[38;5;28m[AndroidUiautomator2Driver@aa35 (9e22fe9b)]&amp#27;[0m     at AndroidUiautomator2Driver.findElOrEls (/Users/oadeoye/.appium/node_modules/appium-uiautomator2-driver/node_modules/appium-android-driver/lib/commands/find.ts:86:11)
&amp#27;[38;5;38m[9e22fe9b]&amp#27;[0m&amp#27;[38;5;28m[AndroidUiautomator2Driver@aa35 (9e22fe9b)]&amp#27;[0m     at processTicksAndRejections (node:internal/process/task_queues:95:5)
&amp#27;[38;5;38m[9e22fe9b]&amp#27;[0m&amp#27;[38;5;28m[AndroidUiautomator2Driver@aa35 (9e22fe9b)]&amp#27;[0m     at AndroidUiautomator2Driver.findElOrElsWithProcessing (/Users/oadeoye/node_modules/@appium/base-driver/lib/basedriver/commands/find.ts:60:12)
&amp#27;[38;5;38m[9e22fe9b]&amp#27;[0m&amp#27;[38;5;28m[AndroidUiautomator2Driver@aa35 (9e22fe9b)]&amp#27;[0m     at AndroidUiautomator2Driver.findElement (/Users/oadeoye/node_modules/@appium/base-driver/lib/basedriver/commands/find.ts:75:12)
&amp#27;[38;5;38m[9e22fe9b]&amp#27;[0m&amp#27;[38;5;86m[HTTP]&amp#27;[0m &amp#27;[37m<-- POST /wd/hub/session/9e22fe9b-42ec-4c33-ac40-3323cd69a4eb/element &amp#27;[39m&amp#27;[33m404&amp#27;[39m &amp#27;[90m42 ms - 772&amp#27;[39m &amp#27;[90m&amp#27;[39m
&amp#27;[38;5;38m[9e22fe9b]&amp#27;[0m&amp#27;[38;5;86m[HTTP]&amp#27;[0m &amp#27;[37m-->&amp#27;[39m &amp#27;[37mPOST&amp#27;[39m &amp#27;[37m/wd/hub/session/9e22fe9b-42ec-4c33-ac40-3323cd69a4eb/element&amp#27;[39m &amp#27;[90m{"using":"xpath","value":"android.widget.EditText[@index='5']"}&amp#27;[39m
&amp#27;[38;5;38m[9e22fe9b]&amp#27;[0m&amp#27;[38;5;28m[AndroidUiautomator2Driver@aa35 (9e22fe9b)]&amp#27;[0m Calling AppiumDriver.findElement() with args: ["xpath","android.widget.EditText[@index='5']","9e22fe9b-42ec-4c33-ac40-3323cd69a4eb"]
&amp#27;[38;5;38m[9e22fe9b]&amp#27;[0m&amp#27;[38;5;28m[AndroidUiautomator2Driver@aa35 (9e22fe9b)]&amp#27;[0m Valid locator strategies for this request: xpath, id, class name, accessibility id, css selector, -android uiautomator
&amp#27;[38;5;38m[9e22fe9b]&amp#27;[0m&amp#27;[38;5;28m[AndroidUiautomator2Driver@aa35 (9e22fe9b)]&amp#27;[0m Waiting up to 0 ms for condition
&amp#27;[38;5;38m[9e22fe9b]&amp#27;[0m&amp#27;[38;5;28m[AndroidUiautomator2Driver@aa35 (9e22fe9b)]&amp#27;[0m Matched '/element' to command name 'findElement'
&amp#27;[38;5;38m[9e22fe9b]&amp#27;[0m&amp#27;[38;5;28m[AndroidUiautomator2Driver@aa35 (9e22fe9b)]&amp#27;[0m Proxying [POST /element] to [POST http://127.0.0.1:8200/session/3871ac39-73da-4c2a-b072-918489c17f04/element] with body: {"strategy":"xpath","selector":"android.widget.EditText[@index='5']","context":"","multiple":false}
&amp#27;[38;5;38m[9e22fe9b]&amp#27;[0m&amp#27;[38;5;28m[AndroidUiautomator2Driver@aa35 (9e22fe9b)]&amp#27;[0m Got response with status 404: {"sessionId":"3871ac39-73da-4c2a-b072-918489c17f04","value":{"error":"no such element","message":"An element could not be located on the page using the given search parameters","stacktrace":"io.appium.uiautomator2.common.exceptions.ElementNotFoundException: An element could not be located on the page using the given search parameters\n\tat io.appium.uiautomator2.utils.ElementLocationHelpers.findElement(ElementLocationHelpers.java:156)\n\tat io.appium.uiautomator2.handler.FindElement.safeHandle(FindElement.java:60)\n\tat io.appium.uiautomator2.handler.request.SafeRequestHandler.handle(SafeRequestHandler.java:59)\n\tat io.appium.uiautomator2.server.AppiumServlet.handleRequest(AppiumServlet.java:259)\n\tat io.appium.uiautomator2.server.AppiumServlet.handleHttpRequest(AppiumServlet.java:253)\n\tat io.appium.uiautomator2.http.ServerHandler.channelRead(ServerHandler.java:77)\n\tat io.netty.channel.AbstractChannelHandlerContext.invokeChannelRead(AbstractChannelHandlerContext.java:366)\n\tat io.netty.channel.Abstr...
&amp#27;[38;5;38m[9e22fe9b]&amp#27;[0m&amp#27;[38;5;123m[W3C]&amp#27;[0m Matched W3C error code 'no such element' to NoSuchElementError
&amp#27;[38;5;38m[9e22fe9b]&amp#27;[0m&amp#27;[38;5;28m[AndroidUiautomator2Driver@aa35 (9e22fe9b)]&amp#27;[0m Encountered internal error running command: NoSuchElementError: An element could not be located on the page using the given search parameters.
&amp#27;[38;5;38m[9e22fe9b]&amp#27;[0m&amp#27;[38;5;28m[AndroidUiautomator2Driver@aa35 (9e22fe9b)]&amp#27;[0m     at AndroidUiautomator2Driver.findElOrEls (/Users/oadeoye/.appium/node_modules/appium-uiautomator2-driver/node_modules/appium-android-driver/lib/commands/find.ts:86:11)
&amp#27;[38;5;38m[9e22fe9b]&amp#27;[0m&amp#27;[38;5;28m[AndroidUiautomator2Driver@aa35 (9e22fe9b)]&amp#27;[0m     at processTicksAndRejections (node:internal/process/task_queues:95:5)
&amp#27;[38;5;38m[9e22fe9b]&amp#27;[0m&amp#27;[38;5;28m[AndroidUiautomator2Driver@aa35 (9e22fe9b)]&amp#27;[0m     at AndroidUiautomator2Driver.findElOrElsWithProcessing (/Users/oadeoye/node_modules/@appium/base-driver/lib/basedriver/commands/find.ts:60:12)
&amp#27;[38;5;38m[9e22fe9b]&amp#27;[0m&amp#27;[38;5;28m[AndroidUiautomator2Driver@aa35 (9e22fe9b)]&amp#27;[0m     at AndroidUiautomator2Driver.findElement (/Users/oadeoye/node_modules/@appium/base-driver/lib/basedriver/commands/find.ts:75:12)
&amp#27;[38;5;38m[9e22fe9b]&amp#27;[0m&amp#27;[38;5;86m[HTTP]&amp#27;[0m &amp#27;[37m<-- POST /wd/hub/session/9e22fe9b-42ec-4c33-ac40-3323cd69a4eb/element &amp#27;[39m&amp#27;[33m404&amp#27;[39m &amp#27;[90m66 ms - 772&amp#27;[39m &amp#27;[90m&amp#27;[39m
&amp#27;[38;5;38m[9e22fe9b]&amp#27;[0m&amp#27;[38;5;86m[HTTP]&amp#27;[0m &amp#27;[37m-->&amp#27;[39m &amp#27;[37mPOST&amp#27;[39m &amp#27;[37m/wd/hub/session/9e22fe9b-42ec-4c33-ac40-3323cd69a4eb/element&amp#27;[39m &amp#27;[90m{"using":"xpath","value":"android.widget.EditText[@index='5']"}&amp#27;[39m
&amp#27;[38;5;38m[9e22fe9b]&amp#27;[0m&amp#27;[38;5;28m[AndroidUiautomator2Driver@aa35 (9e22fe9b)]&amp#27;[0m Calling AppiumDriver.findElement() with args: ["xpath","android.widget.EditText[@index='5']","9e22fe9b-42ec-4c33-ac40-3323cd69a4eb"]
&amp#27;[38;5;38m[9e22fe9b]&amp#27;[0m&amp#27;[38;5;28m[AndroidUiautomator2Driver@aa35 (9e22fe9b)]&amp#27;[0m Valid locator strategies for this request: xpath, id, class name, accessibility id, css selector, -android uiautomator
&amp#27;[38;5;38m[9e22fe9b]&amp#27;[0m&amp#27;[38;5;28m[AndroidUiautomator2Driver@aa35 (9e22fe9b)]&amp#27;[0m Waiting up to 0 ms for condition
&amp#27;[38;5;38m[9e22fe9b]&amp#27;[0m&amp#27;[38;5;28m[AndroidUiautomator2Driver@aa35 (9e22fe9b)]&amp#27;[0m Matched '/element' to command name 'findElement'
&amp#27;[38;5;38m[9e22fe9b]&amp#27;[0m&amp#27;[38;5;28m[AndroidUiautomator2Driver@aa35 (9e22fe9b)]&amp#27;[0m Proxying [POST /element] to [POST http://127.0.0.1:8200/session/3871ac39-73da-4c2a-b072-918489c17f04/element] with body: {"strategy":"xpath","selector":"android.widget.EditText[@index='5']","context":"","multiple":false}
&amp#27;[38;5;38m[9e22fe9b]&amp#27;[0m&amp#27;[38;5;28m[AndroidUiautomator2Driver@aa35 (9e22fe9b)]&amp#27;[0m Got response with status 404: {"sessionId":"3871ac39-73da-4c2a-b072-918489c17f04","value":{"error":"no such element","message":"An element could not be located on the page using the given search parameters","stacktrace":"io.appium.uiautomator2.common.exceptions.ElementNotFoundException: An element could not be located on the page using the given search parameters\n\tat io.appium.uiautomator2.utils.ElementLocationHelpers.findElement(ElementLocationHelpers.java:156)\n\tat io.appium.uiautomator2.handler.FindElement.safeHandle(FindElement.java:60)\n\tat io.appium.uiautomator2.handler.request.SafeRequestHandler.handle(SafeRequestHandler.java:59)\n\tat io.appium.uiautomator2.server.AppiumServlet.handleRequest(AppiumServlet.java:259)\n\tat io.appium.uiautomator2.server.AppiumServlet.handleHttpRequest(AppiumServlet.java:253)\n\tat io.appium.uiautomator2.http.ServerHandler.channelRead(ServerHandler.java:77)\n\tat io.netty.channel.AbstractChannelHandlerContext.invokeChannelRead(AbstractChannelHandlerContext.java:366)\n\tat io.netty.channel.Abstr...
&amp#27;[38;5;38m[9e22fe9b]&amp#27;[0m&amp#27;[38;5;123m[W3C]&amp#27;[0m Matched W3C error code 'no such element' to NoSuchElementError
&amp#27;[38;5;38m[9e22fe9b]&amp#27;[0m&amp#27;[38;5;28m[AndroidUiautomator2Driver@aa35 (9e22fe9b)]&amp#27;[0m Encountered internal error running command: NoSuchElementError: An element could not be located on the page using the given search parameters.
&amp#27;[38;5;38m[9e22fe9b]&amp#27;[0m&amp#27;[38;5;28m[AndroidUiautomator2Driver@aa35 (9e22fe9b)]&amp#27;[0m     at AndroidUiautomator2Driver.findElOrEls (/Users/oadeoye/.appium/node_modules/appium-uiautomator2-driver/node_modules/appium-android-driver/lib/commands/find.ts:86:11)
&amp#27;[38;5;38m[9e22fe9b]&amp#27;[0m&amp#27;[38;5;28m[AndroidUiautomator2Driver@aa35 (9e22fe9b)]&amp#27;[0m     at processTicksAndRejections (node:internal/process/task_queues:95:5)
&amp#27;[38;5;38m[9e22fe9b]&amp#27;[0m&amp#27;[38;5;28m[AndroidUiautomator2Driver@aa35 (9e22fe9b)]&amp#27;[0m     at AndroidUiautomator2Driver.findElOrElsWithProcessing (/Users/oadeoye/node_modules/@appium/base-driver/lib/basedriver/commands/find.ts:60:12)
&amp#27;[38;5;38m[9e22fe9b]&amp#27;[0m&amp#27;[38;5;28m[AndroidUiautomator2Driver@aa35 (9e22fe9b)]&amp#27;[0m     at AndroidUiautomator2Driver.findElement (/Users/oadeoye/node_modules/@appium/base-driver/lib/basedriver/commands/find.ts:75:12)
&amp#27;[38;5;38m[9e22fe9b]&amp#27;[0m&amp#27;[38;5;86m[HTTP]&amp#27;[0m &amp#27;[37m<-- POST /wd/hub/session/9e22fe9b-42ec-4c33-ac40-3323cd69a4eb/element &amp#27;[39m&amp#27;[33m404&amp#27;[39m &amp#27;[90m72 ms - 772&amp#27;[39m &amp#27;[90m&amp#27;[39m
12:07:38.203 [main] ERROR org.utils.LoggerUtil - Error entering phone number: Can't locate an element by this strategy: By.xpath: android.widget.EditText[@index='5']
]]></system-out>
  </testcase>
  <testcase name="loginTest[1234567890, abcd, Login failed - Incorrect pin](5)" classname="org.base.tests.LoginTest" time="1.274">
    <failure message="Can&apos;t locate an element by this strategy: By.xpath: android.widget.EditText[@index=&apos;5&apos;]" type="org.openqa.selenium.NoSuchElementException"><![CDATA[org.openqa.selenium.NoSuchElementException: Can't locate an element by this strategy: By.xpath: android.widget.EditText[@index='5']
	at io.appium.java_client.pagefactory.AppiumElementLocator.findElement(AppiumElementLocator.java:166)
	at io.appium.java_client.pagefactory.interceptors.InterceptorOfASingleElement.call(InterceptorOfASingleElement.java:75)
	at io.appium.java_client.proxy.Interceptor.intercept(Interceptor.java:78)
	at org.openqa.selenium.remote.RemoteWebElement$ByteBuddy$f47DLCWW.sendKeys(Unknown Source)
	at org.pages.LoginPage.enterPhoneNumber(LoginPage.java:32)
	at org.base.tests.LoginTest.loginTest(LoginTest.java:26)
	at java.base/jdk.internal.reflect.DirectMethodHandleAccessor.invoke(DirectMethodHandleAccessor.java:103)
	at java.base/java.lang.reflect.Method.invoke(Method.java:580)
	at org.testng.internal.invokers.MethodInvocationHelper.invokeMethod(MethodInvocationHelper.java:141)
	at org.testng.internal.invokers.TestInvoker.invokeMethod(TestInvoker.java:686)
	at org.testng.internal.invokers.TestInvoker.invokeTestMethod(TestInvoker.java:230)
	at org.testng.internal.invokers.MethodRunner.runInSequence(MethodRunner.java:63)
	at org.testng.internal.invokers.TestInvoker$MethodInvocationAgent.invoke(TestInvoker.java:992)
	at org.testng.internal.invokers.TestInvoker.invokeTestMethods(TestInvoker.java:203)
	at org.testng.internal.invokers.TestMethodWorker.invokeTestMethods(TestMethodWorker.java:154)
	at org.testng.internal.invokers.TestMethodWorker.run(TestMethodWorker.java:134)
	at java.base/java.util.ArrayList.forEach(ArrayList.java:1597)
	at org.testng.TestRunner.privateRun(TestRunner.java:739)
	at org.testng.TestRunner.run(TestRunner.java:614)
	at org.testng.SuiteRunner.runTest(SuiteRunner.java:421)
	at org.testng.SuiteRunner.runSequentially(SuiteRunner.java:413)
	at org.testng.SuiteRunner.privateRun(SuiteRunner.java:373)
	at org.testng.SuiteRunner.run(SuiteRunner.java:312)
	at org.testng.SuiteRunnerWorker.runSuite(SuiteRunnerWorker.java:52)
	at org.testng.SuiteRunnerWorker.run(SuiteRunnerWorker.java:95)
	at org.testng.TestNG.runSuitesSequentially(TestNG.java:1274)
	at org.testng.TestNG.runSuitesLocally(TestNG.java:1208)
	at org.testng.TestNG.runSuites(TestNG.java:1112)
	at org.testng.TestNG.run(TestNG.java:1079)
	at org.apache.maven.surefire.testng.TestNGExecutor.run(TestNGExecutor.java:308)
	at org.apache.maven.surefire.testng.TestNGXmlTestSuite.execute(TestNGXmlTestSuite.java:71)
	at org.apache.maven.surefire.testng.TestNGProvider.invoke(TestNGProvider.java:113)
	at org.apache.maven.surefire.booter.ForkedBooter.runSuitesInProcess(ForkedBooter.java:385)
	at org.apache.maven.surefire.booter.ForkedBooter.execute(ForkedBooter.java:162)
	at org.apache.maven.surefire.booter.ForkedBooter.run(ForkedBooter.java:507)
	at org.apache.maven.surefire.booter.ForkedBooter.main(ForkedBooter.java:495)
Caused by: org.openqa.selenium.TimeoutException: Expected condition failed: waiting for io.appium.java_client.pagefactory.AppiumElementLocator$WaitingFunction@326e0b8e (tried for 1 second(s) with 500 milliseconds interval)
	at org.openqa.selenium.support.ui.FluentWait.timeoutException(FluentWait.java:265)
	at org.openqa.selenium.support.ui.FluentWait.until(FluentWait.java:228)
	at io.appium.java_client.pagefactory.AppiumElementLocator.waitFor(AppiumElementLocator.java:135)
	at io.appium.java_client.pagefactory.AppiumElementLocator.findElement(AppiumElementLocator.java:160)
	... 35 more
Caused by: org.openqa.selenium.NoSuchElementException: An element could not be located on the page using the given search parameters.
For documentation on this error, please visit: https://www.selenium.dev/documentation/webdriver/troubleshooting/errors#no-such-element-exception
Build info: version: '4.23.1', revision: '656257d8e9'
System info: os.name: 'Mac OS X', os.arch: 'x86_64', os.version: '14.6.1', java.version: '22.0.2'
Driver info: io.appium.java_client.AppiumDriver
Command: [9e22fe9b-42ec-4c33-ac40-3323cd69a4eb, findElement {using=xpath, value=android.widget.EditText[@index='5']}]
Capabilities {appium:appActivity: com.lenddo.mobile.paylater...., appium:appPackage: com.lenddo.mobile.paylater...., appium:autoGrantPermissions: true, appium:automationName: UIAutomator2, appium:databaseEnabled: false, appium:desired: {appActivity: com.lenddo.mobile.paylater...., appPackage: com.lenddo.mobile.paylater...., autoGrantPermissions: true, automationName: UIAutomator2, deviceName: Android Emulator, noReset: true, platformName: ANDROID}, appium:deviceApiLevel: 34, appium:deviceManufacturer: Google, appium:deviceModel: sdk_gphone64_arm64, appium:deviceName: emulator-5554, appium:deviceScreenDensity: 420, appium:deviceScreenSize: 1080x2092, appium:deviceUDID: emulator-5554, appium:javascriptEnabled: true, appium:locationContextEnabled: false, appium:networkConnectionEnabled: true, appium:noReset: true, appium:pixelRatio: 2.625, appium:platformVersion: 14, appium:statBarHeight: 144, appium:takesScreenshot: true, appium:viewportRect: {height: 1948, left: 0, top: 144, width: 1080}, appium:warnings: {}, appium:webStorageEnabled: false, platformName: ANDROID}
Session ID: 9e22fe9b-42ec-4c33-ac40-3323cd69a4eb
	at java.base/jdk.internal.reflect.DirectConstructorHandleAccessor.newInstance(DirectConstructorHandleAccessor.java:62)
	at java.base/java.lang.reflect.Constructor.newInstanceWithCaller(Constructor.java:502)
	at java.base/java.lang.reflect.Constructor.newInstance(Constructor.java:486)
	at org.openqa.selenium.remote.ErrorCodec.decode(ErrorCodec.java:167)
	at org.openqa.selenium.remote.codec.w3c.W3CHttpResponseCodec.decode(W3CHttpResponseCodec.java:138)
	at org.openqa.selenium.remote.codec.w3c.W3CHttpResponseCodec.decode(W3CHttpResponseCodec.java:50)
	at org.openqa.selenium.remote.HttpCommandExecutor.execute(HttpCommandExecutor.java:190)
	at io.appium.java_client.remote.AppiumCommandExecutor.execute(AppiumCommandExecutor.java:237)
	at org.openqa.selenium.remote.RemoteWebDriver.execute(RemoteWebDriver.java:545)
	at org.openqa.selenium.remote.ElementLocation$ElementFinder$2.findElement(ElementLocation.java:165)
	at org.openqa.selenium.remote.ElementLocation.findElement(ElementLocation.java:59)
	at org.openqa.selenium.remote.RemoteWebDriver.findElement(RemoteWebDriver.java:368)
	at org.openqa.selenium.remote.RemoteWebDriver.findElement(RemoteWebDriver.java:362)
	at io.appium.java_client.pagefactory.bys.ContentMappedBy.findElement(ContentMappedBy.java:53)
	at org.openqa.selenium.remote.ElementLocation$ElementFinder$1.findElement(ElementLocation.java:139)
	at org.openqa.selenium.remote.ElementLocation.findElement(ElementLocation.java:59)
	at org.openqa.selenium.remote.RemoteWebDriver.findElement(RemoteWebDriver.java:368)
	at org.openqa.selenium.remote.RemoteWebDriver.findElement(RemoteWebDriver.java:362)
	at io.appium.java_client.pagefactory.AppiumElementLocator.lambda$findElement$1(AppiumElementLocator.java:160)
	at io.appium.java_client.pagefactory.AppiumElementLocator$WaitingFunction.apply(AppiumElementLocator.java:217)
	at io.appium.java_client.pagefactory.AppiumElementLocator$WaitingFunction.apply(AppiumElementLocator.java:210)
	at org.openqa.selenium.support.ui.FluentWait.until(FluentWait.java:203)
	... 37 more
]]></failure>
    <system-out><![CDATA[&amp#27;[38;5;38m[9e22fe9b]&amp#27;[0m&amp#27;[38;5;86m[HTTP]&amp#27;[0m &amp#27;[37m-->&amp#27;[39m &amp#27;[37mGET&amp#27;[39m &amp#27;[37m/wd/hub/session/9e22fe9b-42ec-4c33-ac40-3323cd69a4eb/screenshot&amp#27;[39m &amp#27;[90m{}&amp#27;[39m
&amp#27;[38;5;38m[9e22fe9b]&amp#27;[0m&amp#27;[38;5;28m[AndroidUiautomator2Driver@aa35 (9e22fe9b)]&amp#27;[0m Calling AppiumDriver.getScreenshot() with args: ["9e22fe9b-42ec-4c33-ac40-3323cd69a4eb"]
&amp#27;[38;5;38m[9e22fe9b]&amp#27;[0m&amp#27;[38;5;28m[AndroidUiautomator2Driver@aa35 (9e22fe9b)]&amp#27;[0m Matched '/screenshot' to command name 'getScreenshot'
&amp#27;[38;5;38m[9e22fe9b]&amp#27;[0m&amp#27;[38;5;28m[AndroidUiautomator2Driver@aa35 (9e22fe9b)]&amp#27;[0m Proxying [GET /screenshot] to [GET http://127.0.0.1:8200/session/3871ac39-73da-4c2a-b072-918489c17f04/screenshot] with no body
&amp#27;[38;5;38m[9e22fe9b]&amp#27;[0m&amp#27;[38;5;28m[AndroidUiautomator2Driver@aa35 (9e22fe9b)]&amp#27;[0m Got response with status 200: {"sessionId":"3871ac39-73da-4c2a-b072-918489c17f04","value":"iVBORw0KGgoAAAANSUhEUgAABDgAAAgsCAYAAACz90Z2AAAAAXNSR0IArs4c6QAAAARzQklUCAgICHwIZIgAACAASURBVHic7N1hlqs8joBhydTp7cyCesmzpLmx5odtMGADJpAAeZ8+96uqFCEESDUSsqz//Z//NXmTmoqIzh535ubLisblRUxMTG3+vZqIWFx3w3Zk657+Zti+Yd2mKlZ8PH+uz9/RbFmpvKaaihb2iamJydu7HAAAADejWro6DI+vPHPDMgNzVro0b1a6rDbV4rpHV7c6XD9rfzFvqxf2Le+x9Nz0zznXr2tYZ379fizV9J+T1n3EwSz4dESizoW4yYt48/J6veT1eon3Xpw4UXGzc6AUT9aOZe30Kq2hpnaWFEPMBW0xbNsR9pXHW7axZV8d98lpORKte2XfqwAAAAAAPuac5Ma5a97uCtuA51AV+fv2RgAAAADA0UbVAK2R9EUKrs3srcqWK1NREQ1V7yo6K4I56l3bgevC9ZHgWKXCxwIAAAC4tlIyoP+58VLerCXD8ewqi8OYjcdRaDw+/TCc8bslAsMeD0pw7B+n8531AgAAADiSmYl5E3Xa973re5/EZEdb8uLLHlS9YWYi5uWM2Gqp58Vz9iDWmF00wbGlKUutieeQkNjfDmXcNDRfx9CkqLXRzLC2G/1BBQAAAHbKbxOq6KQL4nB/3sREJSYkmq6xh1cwC7kAszh5gZg4daHhaIwNUl5Ds+txqzWsdBcJi9MbexAzGyWZVHUU/4XfWSXWi88phFTlaSXOrQQ5s5loq7Vt2Ru/ttPJ1zVO8gk83nWdJqOtnWkXkxtHKK3r/XUvfVABAACAJ6lfnWv23d7r48mQhhgjmUwCaKei6rLXUTk/3DzIDTaxRSkG19mx4Ibw/W09caefyfedWsExrVboM7PDA2+se7vll7HJ16VX2FIVEnOEWi5/o4ID...
&amp#27;[38;5;38m[9e22fe9b]&amp#27;[0m&amp#27;[38;5;28m[AndroidUiautomator2Driver@aa35 (9e22fe9b)]&amp#27;[0m Responding to client with driver.getScreenshot() result: "iVBORw0KGgoAAAANSUhEUgAABDgAAAgsCAYAAACz90Z2AAAAAXNSR0IArs4c6QAAAARzQklUCAgICHwIZIgAACAASURBVHic7N1hlqs8joBhydTp7cyCesmzpLmx5odtMGADJpAAeZ8+96uqFCEESDUSsqz//Z//NXmTmoqIzh535ubLisblRUxMTG3+vZqIWFx3w3Zk657+Zti+Yd2mKlZ8PH+uz9/RbFmpvKaaihb2iamJydu7HAAAADejWro6DI+vPHPDMgNzVro0b1a6rDbV4rpHV7c6XD9rfzFvqxf2Le+x9Nz0zznXr2tYZ379fizV9J+T1n3EwSz4dESizoW4yYt48/J6veT1eon3Xpw4UXGzc6AUT9aOZe30Kq2hpnaWFEPMBW0xbNsR9pXHW7axZV8d98lpORKte2XfqwAAAAAAPuac5Ma5a97uCtuA51AV+fv2RgAAAADA0UbVAK2R9EUKrs3srcqWK1NREQ1V7yo6K4I56l3bgevC9ZHgWKXCxwIAAAC4tlIyoP+58VLerCXD8ewqi8OYjcdRaDw+/TCc8bslAsMeD0pw7B+n8531AgAAADiSmYl5E3Xa973re5/EZEdb8uLLHlS9YWYi5uWM2Gqp58Vz9iDWmF00wbGlKUutieeQkNjfDmXcNDRfx9CkqLXRzLC2G/1BBQAAAHbKbxOq6KQL4nB/3sREJSYkmq6xh1cwC7kAszh5gZg4daHhaIwNUl5Ds+txqzWsdBcJi9MbexAzGyWZVHUU/4XfWSXWi88phFTlaSXOrQQ5s5loq7Vt2Ru/ttPJ1zVO8gk83nWdJqOtnWkXkxtHKK3r/XUvfVABAACAJ6lfnWv23d7r48mQhhgjmUwCaKei6rLXUTk/3DzIDTaxRSkG19mx4Ibw/W09caefyfedWsExrVboM7PDA2+se7vll7HJ16VX2FIVEnOEWi5/o4IDAAAATXR/9fDxrn0tGy6/y7f3QxVJ4Tlnb9RFffp9m1msMsiSW6qhWsZny+iQ...
&amp#27;[38;5;38m[9e22fe9b]&amp#27;[0m&amp#27;[38;5;86m[HTTP]&amp#27;[0m &amp#27;[37m<-- GET /wd/hub/session/9e22fe9b-42ec-4c33-ac40-3323cd69a4eb/screenshot &amp#27;[39m&amp#27;[32m200&amp#27;[39m &amp#27;[90m291 ms - 286732&amp#27;[39m &amp#27;[90m&amp#27;[39m
Exception while taking screenshot: /Users/oadeoye/IdeaProjects/Hello-Again-Mobile/Hello-Again-Mobile/resources/screenshots/loginTest.jpeg
12:07:38.535 [main] ERROR org.basetest.BaseTest - Test failed: Can't locate an element by this strategy: By.xpath: android.widget.EditText[@index='5']
&amp#27;[38;5;38m[9e22fe9b]&amp#27;[0m&amp#27;[38;5;86m[HTTP]&amp#27;[0m &amp#27;[37m-->&amp#27;[39m &amp#27;[37mPOST&amp#27;[39m &amp#27;[37m/wd/hub/session/9e22fe9b-42ec-4c33-ac40-3323cd69a4eb/element&amp#27;[39m &amp#27;[90m{"using":"xpath","value":"android.widget.EditText[@index='5']"}&amp#27;[39m
&amp#27;[38;5;38m[9e22fe9b]&amp#27;[0m&amp#27;[38;5;28m[AndroidUiautomator2Driver@aa35 (9e22fe9b)]&amp#27;[0m Calling AppiumDriver.findElement() with args: ["xpath","android.widget.EditText[@index='5']","9e22fe9b-42ec-4c33-ac40-3323cd69a4eb"]
&amp#27;[38;5;38m[9e22fe9b]&amp#27;[0m&amp#27;[38;5;28m[AndroidUiautomator2Driver@aa35 (9e22fe9b)]&amp#27;[0m Valid locator strategies for this request: xpath, id, class name, accessibility id, css selector, -android uiautomator
&amp#27;[38;5;38m[9e22fe9b]&amp#27;[0m&amp#27;[38;5;28m[AndroidUiautomator2Driver@aa35 (9e22fe9b)]&amp#27;[0m Waiting up to 0 ms for condition
&amp#27;[38;5;38m[9e22fe9b]&amp#27;[0m&amp#27;[38;5;28m[AndroidUiautomator2Driver@aa35 (9e22fe9b)]&amp#27;[0m Matched '/element' to command name 'findElement'
&amp#27;[38;5;38m[9e22fe9b]&amp#27;[0m&amp#27;[38;5;28m[AndroidUiautomator2Driver@aa35 (9e22fe9b)]&amp#27;[0m Proxying [POST /element] to [POST http://127.0.0.1:8200/session/3871ac39-73da-4c2a-b072-918489c17f04/element] with body: {"strategy":"xpath","selector":"android.widget.EditText[@index='5']","context":"","multiple":false}
&amp#27;[38;5;38m[9e22fe9b]&amp#27;[0m&amp#27;[38;5;28m[AndroidUiautomator2Driver@aa35 (9e22fe9b)]&amp#27;[0m Got response with status 404: {"sessionId":"3871ac39-73da-4c2a-b072-918489c17f04","value":{"error":"no such element","message":"An element could not be located on the page using the given search parameters","stacktrace":"io.appium.uiautomator2.common.exceptions.ElementNotFoundException: An element could not be located on the page using the given search parameters\n\tat io.appium.uiautomator2.utils.ElementLocationHelpers.findElement(ElementLocationHelpers.java:156)\n\tat io.appium.uiautomator2.handler.FindElement.safeHandle(FindElement.java:60)\n\tat io.appium.uiautomator2.handler.request.SafeRequestHandler.handle(SafeRequestHandler.java:59)\n\tat io.appium.uiautomator2.server.AppiumServlet.handleRequest(AppiumServlet.java:259)\n\tat io.appium.uiautomator2.server.AppiumServlet.handleHttpRequest(AppiumServlet.java:253)\n\tat io.appium.uiautomator2.http.ServerHandler.channelRead(ServerHandler.java:77)\n\tat io.netty.channel.AbstractChannelHandlerContext.invokeChannelRead(AbstractChannelHandlerContext.java:366)\n\tat io.netty.channel.Abstr...
&amp#27;[38;5;38m[9e22fe9b]&amp#27;[0m&amp#27;[38;5;123m[W3C]&amp#27;[0m Matched W3C error code 'no such element' to NoSuchElementError
&amp#27;[38;5;38m[9e22fe9b]&amp#27;[0m&amp#27;[38;5;28m[AndroidUiautomator2Driver@aa35 (9e22fe9b)]&amp#27;[0m Encountered internal error running command: NoSuchElementError: An element could not be located on the page using the given search parameters.
&amp#27;[38;5;38m[9e22fe9b]&amp#27;[0m&amp#27;[38;5;28m[AndroidUiautomator2Driver@aa35 (9e22fe9b)]&amp#27;[0m     at AndroidUiautomator2Driver.findElOrEls (/Users/oadeoye/.appium/node_modules/appium-uiautomator2-driver/node_modules/appium-android-driver/lib/commands/find.ts:86:11)
&amp#27;[38;5;38m[9e22fe9b]&amp#27;[0m&amp#27;[38;5;28m[AndroidUiautomator2Driver@aa35 (9e22fe9b)]&amp#27;[0m     at processTicksAndRejections (node:internal/process/task_queues:95:5)
&amp#27;[38;5;38m[9e22fe9b]&amp#27;[0m&amp#27;[38;5;28m[AndroidUiautomator2Driver@aa35 (9e22fe9b)]&amp#27;[0m     at AndroidUiautomator2Driver.findElOrElsWithProcessing (/Users/oadeoye/node_modules/@appium/base-driver/lib/basedriver/commands/find.ts:60:12)
&amp#27;[38;5;38m[9e22fe9b]&amp#27;[0m&amp#27;[38;5;28m[AndroidUiautomator2Driver@aa35 (9e22fe9b)]&amp#27;[0m     at AndroidUiautomator2Driver.findElement (/Users/oadeoye/node_modules/@appium/base-driver/lib/basedriver/commands/find.ts:75:12)
&amp#27;[38;5;38m[9e22fe9b]&amp#27;[0m&amp#27;[38;5;86m[HTTP]&amp#27;[0m &amp#27;[37m<-- POST /wd/hub/session/9e22fe9b-42ec-4c33-ac40-3323cd69a4eb/element &amp#27;[39m&amp#27;[33m404&amp#27;[39m &amp#27;[90m47 ms - 772&amp#27;[39m &amp#27;[90m&amp#27;[39m
&amp#27;[38;5;38m[9e22fe9b]&amp#27;[0m&amp#27;[38;5;86m[HTTP]&amp#27;[0m &amp#27;[37m-->&amp#27;[39m &amp#27;[37mPOST&amp#27;[39m &amp#27;[37m/wd/hub/session/9e22fe9b-42ec-4c33-ac40-3323cd69a4eb/element&amp#27;[39m &amp#27;[90m{"using":"xpath","value":"android.widget.EditText[@index='5']"}&amp#27;[39m
&amp#27;[38;5;38m[9e22fe9b]&amp#27;[0m&amp#27;[38;5;28m[AndroidUiautomator2Driver@aa35 (9e22fe9b)]&amp#27;[0m Calling AppiumDriver.findElement() with args: ["xpath","android.widget.EditText[@index='5']","9e22fe9b-42ec-4c33-ac40-3323cd69a4eb"]
&amp#27;[38;5;38m[9e22fe9b]&amp#27;[0m&amp#27;[38;5;28m[AndroidUiautomator2Driver@aa35 (9e22fe9b)]&amp#27;[0m Valid locator strategies for this request: xpath, id, class name, accessibility id, css selector, -android uiautomator
&amp#27;[38;5;38m[9e22fe9b]&amp#27;[0m&amp#27;[38;5;28m[AndroidUiautomator2Driver@aa35 (9e22fe9b)]&amp#27;[0m Waiting up to 0 ms for condition
&amp#27;[38;5;38m[9e22fe9b]&amp#27;[0m&amp#27;[38;5;28m[AndroidUiautomator2Driver@aa35 (9e22fe9b)]&amp#27;[0m Matched '/element' to command name 'findElement'
&amp#27;[38;5;38m[9e22fe9b]&amp#27;[0m&amp#27;[38;5;28m[AndroidUiautomator2Driver@aa35 (9e22fe9b)]&amp#27;[0m Proxying [POST /element] to [POST http://127.0.0.1:8200/session/3871ac39-73da-4c2a-b072-918489c17f04/element] with body: {"strategy":"xpath","selector":"android.widget.EditText[@index='5']","context":"","multiple":false}
&amp#27;[38;5;38m[9e22fe9b]&amp#27;[0m&amp#27;[38;5;28m[AndroidUiautomator2Driver@aa35 (9e22fe9b)]&amp#27;[0m Got response with status 404: {"sessionId":"3871ac39-73da-4c2a-b072-918489c17f04","value":{"error":"no such element","message":"An element could not be located on the page using the given search parameters","stacktrace":"io.appium.uiautomator2.common.exceptions.ElementNotFoundException: An element could not be located on the page using the given search parameters\n\tat io.appium.uiautomator2.utils.ElementLocationHelpers.findElement(ElementLocationHelpers.java:156)\n\tat io.appium.uiautomator2.handler.FindElement.safeHandle(FindElement.java:60)\n\tat io.appium.uiautomator2.handler.request.SafeRequestHandler.handle(SafeRequestHandler.java:59)\n\tat io.appium.uiautomator2.server.AppiumServlet.handleRequest(AppiumServlet.java:259)\n\tat io.appium.uiautomator2.server.AppiumServlet.handleHttpRequest(AppiumServlet.java:253)\n\tat io.appium.uiautomator2.http.ServerHandler.channelRead(ServerHandler.java:77)\n\tat io.netty.channel.AbstractChannelHandlerContext.invokeChannelRead(AbstractChannelHandlerContext.java:366)\n\tat io.netty.channel.Abstr...
&amp#27;[38;5;38m[9e22fe9b]&amp#27;[0m&amp#27;[38;5;123m[W3C]&amp#27;[0m Matched W3C error code 'no such element' to NoSuchElementError
&amp#27;[38;5;38m[9e22fe9b]&amp#27;[0m&amp#27;[38;5;28m[AndroidUiautomator2Driver@aa35 (9e22fe9b)]&amp#27;[0m Encountered internal error running command: NoSuchElementError: An element could not be located on the page using the given search parameters.
&amp#27;[38;5;38m[9e22fe9b]&amp#27;[0m&amp#27;[38;5;28m[AndroidUiautomator2Driver@aa35 (9e22fe9b)]&amp#27;[0m     at AndroidUiautomator2Driver.findElOrEls (/Users/oadeoye/.appium/node_modules/appium-uiautomator2-driver/node_modules/appium-android-driver/lib/commands/find.ts:86:11)
&amp#27;[38;5;38m[9e22fe9b]&amp#27;[0m&amp#27;[38;5;28m[AndroidUiautomator2Driver@aa35 (9e22fe9b)]&amp#27;[0m     at processTicksAndRejections (node:internal/process/task_queues:95:5)
&amp#27;[38;5;38m[9e22fe9b]&amp#27;[0m&amp#27;[38;5;28m[AndroidUiautomator2Driver@aa35 (9e22fe9b)]&amp#27;[0m     at AndroidUiautomator2Driver.findElOrElsWithProcessing (/Users/oadeoye/node_modules/@appium/base-driver/lib/basedriver/commands/find.ts:60:12)
&amp#27;[38;5;38m[9e22fe9b]&amp#27;[0m&amp#27;[38;5;28m[AndroidUiautomator2Driver@aa35 (9e22fe9b)]&amp#27;[0m     at AndroidUiautomator2Driver.findElement (/Users/oadeoye/node_modules/@appium/base-driver/lib/basedriver/commands/find.ts:75:12)
&amp#27;[38;5;38m[9e22fe9b]&amp#27;[0m&amp#27;[38;5;86m[HTTP]&amp#27;[0m &amp#27;[37m<-- POST /wd/hub/session/9e22fe9b-42ec-4c33-ac40-3323cd69a4eb/element &amp#27;[39m&amp#27;[33m404&amp#27;[39m &amp#27;[90m55 ms - 772&amp#27;[39m &amp#27;[90m&amp#27;[39m
&amp#27;[38;5;38m[9e22fe9b]&amp#27;[0m&amp#27;[38;5;86m[HTTP]&amp#27;[0m &amp#27;[37m-->&amp#27;[39m &amp#27;[37mPOST&amp#27;[39m &amp#27;[37m/wd/hub/session/9e22fe9b-42ec-4c33-ac40-3323cd69a4eb/element&amp#27;[39m &amp#27;[90m{"using":"xpath","value":"android.widget.EditText[@index='5']"}&amp#27;[39m
&amp#27;[38;5;38m[9e22fe9b]&amp#27;[0m&amp#27;[38;5;28m[AndroidUiautomator2Driver@aa35 (9e22fe9b)]&amp#27;[0m Calling AppiumDriver.findElement() with args: ["xpath","android.widget.EditText[@index='5']","9e22fe9b-42ec-4c33-ac40-3323cd69a4eb"]
&amp#27;[38;5;38m[9e22fe9b]&amp#27;[0m&amp#27;[38;5;28m[AndroidUiautomator2Driver@aa35 (9e22fe9b)]&amp#27;[0m Valid locator strategies for this request: xpath, id, class name, accessibility id, css selector, -android uiautomator
&amp#27;[38;5;38m[9e22fe9b]&amp#27;[0m&amp#27;[38;5;28m[AndroidUiautomator2Driver@aa35 (9e22fe9b)]&amp#27;[0m Waiting up to 0 ms for condition
&amp#27;[38;5;38m[9e22fe9b]&amp#27;[0m&amp#27;[38;5;28m[AndroidUiautomator2Driver@aa35 (9e22fe9b)]&amp#27;[0m Matched '/element' to command name 'findElement'
&amp#27;[38;5;38m[9e22fe9b]&amp#27;[0m&amp#27;[38;5;28m[AndroidUiautomator2Driver@aa35 (9e22fe9b)]&amp#27;[0m Proxying [POST /element] to [POST http://127.0.0.1:8200/session/3871ac39-73da-4c2a-b072-918489c17f04/element] with body: {"strategy":"xpath","selector":"android.widget.EditText[@index='5']","context":"","multiple":false}
&amp#27;[38;5;38m[9e22fe9b]&amp#27;[0m&amp#27;[38;5;28m[AndroidUiautomator2Driver@aa35 (9e22fe9b)]&amp#27;[0m Got response with status 404: {"sessionId":"3871ac39-73da-4c2a-b072-918489c17f04","value":{"error":"no such element","message":"An element could not be located on the page using the given search parameters","stacktrace":"io.appium.uiautomator2.common.exceptions.ElementNotFoundException: An element could not be located on the page using the given search parameters\n\tat io.appium.uiautomator2.utils.ElementLocationHelpers.findElement(ElementLocationHelpers.java:156)\n\tat io.appium.uiautomator2.handler.FindElement.safeHandle(FindElement.java:60)\n\tat io.appium.uiautomator2.handler.request.SafeRequestHandler.handle(SafeRequestHandler.java:59)\n\tat io.appium.uiautomator2.server.AppiumServlet.handleRequest(AppiumServlet.java:259)\n\tat io.appium.uiautomator2.server.AppiumServlet.handleHttpRequest(AppiumServlet.java:253)\n\tat io.appium.uiautomator2.http.ServerHandler.channelRead(ServerHandler.java:77)\n\tat io.netty.channel.AbstractChannelHandlerContext.invokeChannelRead(AbstractChannelHandlerContext.java:366)\n\tat io.netty.channel.Abstr...
&amp#27;[38;5;38m[9e22fe9b]&amp#27;[0m&amp#27;[38;5;123m[W3C]&amp#27;[0m Matched W3C error code 'no such element' to NoSuchElementError
&amp#27;[38;5;38m[9e22fe9b]&amp#27;[0m&amp#27;[38;5;28m[AndroidUiautomator2Driver@aa35 (9e22fe9b)]&amp#27;[0m Encountered internal error running command: NoSuchElementError: An element could not be located on the page using the given search parameters.
&amp#27;[38;5;38m[9e22fe9b]&amp#27;[0m&amp#27;[38;5;28m[AndroidUiautomator2Driver@aa35 (9e22fe9b)]&amp#27;[0m     at AndroidUiautomator2Driver.findElOrEls (/Users/oadeoye/.appium/node_modules/appium-uiautomator2-driver/node_modules/appium-android-driver/lib/commands/find.ts:86:11)
&amp#27;[38;5;38m[9e22fe9b]&amp#27;[0m&amp#27;[38;5;28m[AndroidUiautomator2Driver@aa35 (9e22fe9b)]&amp#27;[0m     at processTicksAndRejections (node:internal/process/task_queues:95:5)
&amp#27;[38;5;38m[9e22fe9b]&amp#27;[0m&amp#27;[38;5;28m[AndroidUiautomator2Driver@aa35 (9e22fe9b)]&amp#27;[0m     at AndroidUiautomator2Driver.findElOrElsWithProcessing (/Users/oadeoye/node_modules/@appium/base-driver/lib/basedriver/commands/find.ts:60:12)
&amp#27;[38;5;38m[9e22fe9b]&amp#27;[0m&amp#27;[38;5;28m[AndroidUiautomator2Driver@aa35 (9e22fe9b)]&amp#27;[0m     at AndroidUiautomator2Driver.findElement (/Users/oadeoye/node_modules/@appium/base-driver/lib/basedriver/commands/find.ts:75:12)
&amp#27;[38;5;38m[9e22fe9b]&amp#27;[0m&amp#27;[38;5;86m[HTTP]&amp#27;[0m &amp#27;[37m<-- POST /wd/hub/session/9e22fe9b-42ec-4c33-ac40-3323cd69a4eb/element &amp#27;[39m&amp#27;[33m404&amp#27;[39m &amp#27;[90m81 ms - 772&amp#27;[39m &amp#27;[90m&amp#27;[39m
12:07:39.809 [main] ERROR org.utils.LoggerUtil - Error entering phone number: Can't locate an element by this strategy: By.xpath: android.widget.EditText[@index='5']
]]></system-out>
  </testcase>
  <testcase name="loginTest[, 1234, Login failed - Phone number is required](6)" classname="org.base.tests.LoginTest" time="1.242">
    <failure message="Can&apos;t locate an element by this strategy: By.xpath: android.widget.EditText[@index=&apos;5&apos;]" type="org.openqa.selenium.NoSuchElementException"><![CDATA[org.openqa.selenium.NoSuchElementException: Can't locate an element by this strategy: By.xpath: android.widget.EditText[@index='5']
	at io.appium.java_client.pagefactory.AppiumElementLocator.findElement(AppiumElementLocator.java:166)
	at io.appium.java_client.pagefactory.interceptors.InterceptorOfASingleElement.call(InterceptorOfASingleElement.java:75)
	at io.appium.java_client.proxy.Interceptor.intercept(Interceptor.java:78)
	at org.openqa.selenium.remote.RemoteWebElement$ByteBuddy$f47DLCWW.sendKeys(Unknown Source)
	at org.pages.LoginPage.enterPhoneNumber(LoginPage.java:32)
	at org.base.tests.LoginTest.loginTest(LoginTest.java:26)
	at java.base/jdk.internal.reflect.DirectMethodHandleAccessor.invoke(DirectMethodHandleAccessor.java:103)
	at java.base/java.lang.reflect.Method.invoke(Method.java:580)
	at org.testng.internal.invokers.MethodInvocationHelper.invokeMethod(MethodInvocationHelper.java:141)
	at org.testng.internal.invokers.TestInvoker.invokeMethod(TestInvoker.java:686)
	at org.testng.internal.invokers.TestInvoker.invokeTestMethod(TestInvoker.java:230)
	at org.testng.internal.invokers.MethodRunner.runInSequence(MethodRunner.java:63)
	at org.testng.internal.invokers.TestInvoker$MethodInvocationAgent.invoke(TestInvoker.java:992)
	at org.testng.internal.invokers.TestInvoker.invokeTestMethods(TestInvoker.java:203)
	at org.testng.internal.invokers.TestMethodWorker.invokeTestMethods(TestMethodWorker.java:154)
	at org.testng.internal.invokers.TestMethodWorker.run(TestMethodWorker.java:134)
	at java.base/java.util.ArrayList.forEach(ArrayList.java:1597)
	at org.testng.TestRunner.privateRun(TestRunner.java:739)
	at org.testng.TestRunner.run(TestRunner.java:614)
	at org.testng.SuiteRunner.runTest(SuiteRunner.java:421)
	at org.testng.SuiteRunner.runSequentially(SuiteRunner.java:413)
	at org.testng.SuiteRunner.privateRun(SuiteRunner.java:373)
	at org.testng.SuiteRunner.run(SuiteRunner.java:312)
	at org.testng.SuiteRunnerWorker.runSuite(SuiteRunnerWorker.java:52)
	at org.testng.SuiteRunnerWorker.run(SuiteRunnerWorker.java:95)
	at org.testng.TestNG.runSuitesSequentially(TestNG.java:1274)
	at org.testng.TestNG.runSuitesLocally(TestNG.java:1208)
	at org.testng.TestNG.runSuites(TestNG.java:1112)
	at org.testng.TestNG.run(TestNG.java:1079)
	at org.apache.maven.surefire.testng.TestNGExecutor.run(TestNGExecutor.java:308)
	at org.apache.maven.surefire.testng.TestNGXmlTestSuite.execute(TestNGXmlTestSuite.java:71)
	at org.apache.maven.surefire.testng.TestNGProvider.invoke(TestNGProvider.java:113)
	at org.apache.maven.surefire.booter.ForkedBooter.runSuitesInProcess(ForkedBooter.java:385)
	at org.apache.maven.surefire.booter.ForkedBooter.execute(ForkedBooter.java:162)
	at org.apache.maven.surefire.booter.ForkedBooter.run(ForkedBooter.java:507)
	at org.apache.maven.surefire.booter.ForkedBooter.main(ForkedBooter.java:495)
Caused by: org.openqa.selenium.TimeoutException: Expected condition failed: waiting for io.appium.java_client.pagefactory.AppiumElementLocator$WaitingFunction@b0a1231 (tried for 1 second(s) with 500 milliseconds interval)
	at org.openqa.selenium.support.ui.FluentWait.timeoutException(FluentWait.java:265)
	at org.openqa.selenium.support.ui.FluentWait.until(FluentWait.java:228)
	at io.appium.java_client.pagefactory.AppiumElementLocator.waitFor(AppiumElementLocator.java:135)
	at io.appium.java_client.pagefactory.AppiumElementLocator.findElement(AppiumElementLocator.java:160)
	... 35 more
Caused by: org.openqa.selenium.NoSuchElementException: An element could not be located on the page using the given search parameters.
For documentation on this error, please visit: https://www.selenium.dev/documentation/webdriver/troubleshooting/errors#no-such-element-exception
Build info: version: '4.23.1', revision: '656257d8e9'
System info: os.name: 'Mac OS X', os.arch: 'x86_64', os.version: '14.6.1', java.version: '22.0.2'
Driver info: io.appium.java_client.AppiumDriver
Command: [9e22fe9b-42ec-4c33-ac40-3323cd69a4eb, findElement {using=xpath, value=android.widget.EditText[@index='5']}]
Capabilities {appium:appActivity: com.lenddo.mobile.paylater...., appium:appPackage: com.lenddo.mobile.paylater...., appium:autoGrantPermissions: true, appium:automationName: UIAutomator2, appium:databaseEnabled: false, appium:desired: {appActivity: com.lenddo.mobile.paylater...., appPackage: com.lenddo.mobile.paylater...., autoGrantPermissions: true, automationName: UIAutomator2, deviceName: Android Emulator, noReset: true, platformName: ANDROID}, appium:deviceApiLevel: 34, appium:deviceManufacturer: Google, appium:deviceModel: sdk_gphone64_arm64, appium:deviceName: emulator-5554, appium:deviceScreenDensity: 420, appium:deviceScreenSize: 1080x2092, appium:deviceUDID: emulator-5554, appium:javascriptEnabled: true, appium:locationContextEnabled: false, appium:networkConnectionEnabled: true, appium:noReset: true, appium:pixelRatio: 2.625, appium:platformVersion: 14, appium:statBarHeight: 144, appium:takesScreenshot: true, appium:viewportRect: {height: 1948, left: 0, top: 144, width: 1080}, appium:warnings: {}, appium:webStorageEnabled: false, platformName: ANDROID}
Session ID: 9e22fe9b-42ec-4c33-ac40-3323cd69a4eb
	at java.base/jdk.internal.reflect.DirectConstructorHandleAccessor.newInstance(DirectConstructorHandleAccessor.java:62)
	at java.base/java.lang.reflect.Constructor.newInstanceWithCaller(Constructor.java:502)
	at java.base/java.lang.reflect.Constructor.newInstance(Constructor.java:486)
	at org.openqa.selenium.remote.ErrorCodec.decode(ErrorCodec.java:167)
	at org.openqa.selenium.remote.codec.w3c.W3CHttpResponseCodec.decode(W3CHttpResponseCodec.java:138)
	at org.openqa.selenium.remote.codec.w3c.W3CHttpResponseCodec.decode(W3CHttpResponseCodec.java:50)
	at org.openqa.selenium.remote.HttpCommandExecutor.execute(HttpCommandExecutor.java:190)
	at io.appium.java_client.remote.AppiumCommandExecutor.execute(AppiumCommandExecutor.java:237)
	at org.openqa.selenium.remote.RemoteWebDriver.execute(RemoteWebDriver.java:545)
	at org.openqa.selenium.remote.ElementLocation$ElementFinder$2.findElement(ElementLocation.java:165)
	at org.openqa.selenium.remote.ElementLocation.findElement(ElementLocation.java:59)
	at org.openqa.selenium.remote.RemoteWebDriver.findElement(RemoteWebDriver.java:368)
	at org.openqa.selenium.remote.RemoteWebDriver.findElement(RemoteWebDriver.java:362)
	at io.appium.java_client.pagefactory.bys.ContentMappedBy.findElement(ContentMappedBy.java:53)
	at org.openqa.selenium.remote.ElementLocation$ElementFinder$1.findElement(ElementLocation.java:139)
	at org.openqa.selenium.remote.ElementLocation.findElement(ElementLocation.java:59)
	at org.openqa.selenium.remote.RemoteWebDriver.findElement(RemoteWebDriver.java:368)
	at org.openqa.selenium.remote.RemoteWebDriver.findElement(RemoteWebDriver.java:362)
	at io.appium.java_client.pagefactory.AppiumElementLocator.lambda$findElement$1(AppiumElementLocator.java:160)
	at io.appium.java_client.pagefactory.AppiumElementLocator$WaitingFunction.apply(AppiumElementLocator.java:217)
	at io.appium.java_client.pagefactory.AppiumElementLocator$WaitingFunction.apply(AppiumElementLocator.java:210)
	at org.openqa.selenium.support.ui.FluentWait.until(FluentWait.java:203)
	... 37 more
]]></failure>
    <system-out><![CDATA[&amp#27;[38;5;38m[9e22fe9b]&amp#27;[0m&amp#27;[38;5;86m[HTTP]&amp#27;[0m &amp#27;[37m-->&amp#27;[39m &amp#27;[37mGET&amp#27;[39m &amp#27;[37m/wd/hub/session/9e22fe9b-42ec-4c33-ac40-3323cd69a4eb/screenshot&amp#27;[39m &amp#27;[90m{}&amp#27;[39m
&amp#27;[38;5;38m[9e22fe9b]&amp#27;[0m&amp#27;[38;5;28m[AndroidUiautomator2Driver@aa35 (9e22fe9b)]&amp#27;[0m Calling AppiumDriver.getScreenshot() with args: ["9e22fe9b-42ec-4c33-ac40-3323cd69a4eb"]
&amp#27;[38;5;38m[9e22fe9b]&amp#27;[0m&amp#27;[38;5;28m[AndroidUiautomator2Driver@aa35 (9e22fe9b)]&amp#27;[0m Matched '/screenshot' to command name 'getScreenshot'
&amp#27;[38;5;38m[9e22fe9b]&amp#27;[0m&amp#27;[38;5;28m[AndroidUiautomator2Driver@aa35 (9e22fe9b)]&amp#27;[0m Proxying [GET /screenshot] to [GET http://127.0.0.1:8200/session/3871ac39-73da-4c2a-b072-918489c17f04/screenshot] with no body
&amp#27;[38;5;38m[9e22fe9b]&amp#27;[0m&amp#27;[38;5;28m[AndroidUiautomator2Driver@aa35 (9e22fe9b)]&amp#27;[0m Got response with status 200: {"sessionId":"3871ac39-73da-4c2a-b072-918489c17f04","value":"iVBORw0KGgoAAAANSUhEUgAABDgAAAgsCAYAAACz90Z2AAAAAXNSR0IArs4c6QAAAARzQklUCAgICHwIZIgAACAASURBVHic7N1hlqs8joBhydTp7cyCesmzpLmx5odtMGADJpAAeZ8+96uqFCEESDUSsqz//Z//NXmTmoqIzh535ubLisblRUxMTG3+vZqIWFx3w3Zk657+Zti+Yd2mKlZ8PH+uz9/RbFmpvKaaihb2iamJydu7HAAAADejWro6DI+vPHPDMgNzVro0b1a6rDbV4rpHV7c6XD9rfzFvqxf2Le+x9Nz0zznXr2tYZ379fizV9J+T1n3EwSz4dESizoW4yYt48/J6veT1eon3Xpw4UXGzc6AUT9aOZe30Kq2hpnaWFEPMBW0xbNsR9pXHW7axZV8d98lpORKte2XfqwAAAAAAPuac5Ma5a97uCtuA51AV+fv2RgAAAADA0UbVAK2R9EUKrs3srcqWK1NREQ1V7yo6K4I56l3bgevC9ZHgWKXCxwIAAAC4tlIyoP+58VLerCXD8ewqi8OYjcdRaDw+/TCc8bslAsMeD0pw7B+n8531AgAAADiSmYl5E3Xa973re5/EZEdb8uLLHlS9YWYi5uWM2Gqp58Vz9iDWmF00wbGlKUutieeQkNjfDmXcNDRfx9CkqLXRzLC2G/1BBQAAAHbKbxOq6KQL4nB/3sREJSYkmq6xh1cwC7kAszh5gZg4daHhaIwNUl5Ds+txqzWsdBcJi9MbexAzGyWZVHUU/4XfWSXWi88phFTlaSXOrQQ5s5loq7Vt2Ru/ttPJ1zVO8gk83nWdJqOtnWkXkxtHKK3r/XUvfVABAACAJ6lfnWv23d7r48mQhhgjmUwCaKei6rLXUTk/3DzIDTaxRSkG19mx4Ibw/W09caefyfedWsExrVboM7PDA2+se7vll7HJ16VX2FIVEnOEWi5/o4ID...
&amp#27;[38;5;38m[9e22fe9b]&amp#27;[0m&amp#27;[38;5;28m[AndroidUiautomator2Driver@aa35 (9e22fe9b)]&amp#27;[0m Responding to client with driver.getScreenshot() result: "iVBORw0KGgoAAAANSUhEUgAABDgAAAgsCAYAAACz90Z2AAAAAXNSR0IArs4c6QAAAARzQklUCAgICHwIZIgAACAASURBVHic7N1hlqs8joBhydTp7cyCesmzpLmx5odtMGADJpAAeZ8+96uqFCEESDUSsqz//Z//NXmTmoqIzh535ubLisblRUxMTG3+vZqIWFx3w3Zk657+Zti+Yd2mKlZ8PH+uz9/RbFmpvKaaihb2iamJydu7HAAAADejWro6DI+vPHPDMgNzVro0b1a6rDbV4rpHV7c6XD9rfzFvqxf2Le+x9Nz0zznXr2tYZ379fizV9J+T1n3EwSz4dESizoW4yYt48/J6veT1eon3Xpw4UXGzc6AUT9aOZe30Kq2hpnaWFEPMBW0xbNsR9pXHW7axZV8d98lpORKte2XfqwAAAAAAPuac5Ma5a97uCtuA51AV+fv2RgAAAADA0UbVAK2R9EUKrs3srcqWK1NREQ1V7yo6K4I56l3bgevC9ZHgWKXCxwIAAAC4tlIyoP+58VLerCXD8ewqi8OYjcdRaDw+/TCc8bslAsMeD0pw7B+n8531AgAAADiSmYl5E3Xa973re5/EZEdb8uLLHlS9YWYi5uWM2Gqp58Vz9iDWmF00wbGlKUutieeQkNjfDmXcNDRfx9CkqLXRzLC2G/1BBQAAAHbKbxOq6KQL4nB/3sREJSYkmq6xh1cwC7kAszh5gZg4daHhaIwNUl5Ds+txqzWsdBcJi9MbexAzGyWZVHUU/4XfWSXWi88phFTlaSXOrQQ5s5loq7Vt2Ru/ttPJ1zVO8gk83nWdJqOtnWkXkxtHKK3r/XUvfVABAACAJ6lfnWv23d7r48mQhhgjmUwCaKei6rLXUTk/3DzIDTaxRSkG19mx4Ibw/W09caefyfedWsExrVboM7PDA2+se7vll7HJ16VX2FIVEnOEWi5/o4IDAAAATXR/9fDxrn0tGy6/y7f3QxVJ4Tlnb9RFffp9m1msMsiSW6qhWsZny+iQ...
&amp#27;[38;5;38m[9e22fe9b]&amp#27;[0m&amp#27;[38;5;86m[HTTP]&amp#27;[0m &amp#27;[37m<-- GET /wd/hub/session/9e22fe9b-42ec-4c33-ac40-3323cd69a4eb/screenshot &amp#27;[39m&amp#27;[32m200&amp#27;[39m &amp#27;[90m283 ms - 286732&amp#27;[39m &amp#27;[90m&amp#27;[39m
Exception while taking screenshot: /Users/oadeoye/IdeaProjects/Hello-Again-Mobile/Hello-Again-Mobile/resources/screenshots/loginTest.jpeg
12:07:40.130 [main] ERROR org.basetest.BaseTest - Test failed: Can't locate an element by this strategy: By.xpath: android.widget.EditText[@index='5']
&amp#27;[38;5;38m[9e22fe9b]&amp#27;[0m&amp#27;[38;5;86m[HTTP]&amp#27;[0m &amp#27;[37m-->&amp#27;[39m &amp#27;[37mPOST&amp#27;[39m &amp#27;[37m/wd/hub/session/9e22fe9b-42ec-4c33-ac40-3323cd69a4eb/element&amp#27;[39m &amp#27;[90m{"using":"xpath","value":"android.widget.EditText[@index='5']"}&amp#27;[39m
&amp#27;[38;5;38m[9e22fe9b]&amp#27;[0m&amp#27;[38;5;28m[AndroidUiautomator2Driver@aa35 (9e22fe9b)]&amp#27;[0m Calling AppiumDriver.findElement() with args: ["xpath","android.widget.EditText[@index='5']","9e22fe9b-42ec-4c33-ac40-3323cd69a4eb"]
&amp#27;[38;5;38m[9e22fe9b]&amp#27;[0m&amp#27;[38;5;28m[AndroidUiautomator2Driver@aa35 (9e22fe9b)]&amp#27;[0m Valid locator strategies for this request: xpath, id, class name, accessibility id, css selector, -android uiautomator
&amp#27;[38;5;38m[9e22fe9b]&amp#27;[0m&amp#27;[38;5;28m[AndroidUiautomator2Driver@aa35 (9e22fe9b)]&amp#27;[0m Waiting up to 0 ms for condition
&amp#27;[38;5;38m[9e22fe9b]&amp#27;[0m&amp#27;[38;5;28m[AndroidUiautomator2Driver@aa35 (9e22fe9b)]&amp#27;[0m Matched '/element' to command name 'findElement'
&amp#27;[38;5;38m[9e22fe9b]&amp#27;[0m&amp#27;[38;5;28m[AndroidUiautomator2Driver@aa35 (9e22fe9b)]&amp#27;[0m Proxying [POST /element] to [POST http://127.0.0.1:8200/session/3871ac39-73da-4c2a-b072-918489c17f04/element] with body: {"strategy":"xpath","selector":"android.widget.EditText[@index='5']","context":"","multiple":false}
&amp#27;[38;5;38m[9e22fe9b]&amp#27;[0m&amp#27;[38;5;28m[AndroidUiautomator2Driver@aa35 (9e22fe9b)]&amp#27;[0m Got response with status 404: {"sessionId":"3871ac39-73da-4c2a-b072-918489c17f04","value":{"error":"no such element","message":"An element could not be located on the page using the given search parameters","stacktrace":"io.appium.uiautomator2.common.exceptions.ElementNotFoundException: An element could not be located on the page using the given search parameters\n\tat io.appium.uiautomator2.utils.ElementLocationHelpers.findElement(ElementLocationHelpers.java:156)\n\tat io.appium.uiautomator2.handler.FindElement.safeHandle(FindElement.java:60)\n\tat io.appium.uiautomator2.handler.request.SafeRequestHandler.handle(SafeRequestHandler.java:59)\n\tat io.appium.uiautomator2.server.AppiumServlet.handleRequest(AppiumServlet.java:259)\n\tat io.appium.uiautomator2.server.AppiumServlet.handleHttpRequest(AppiumServlet.java:253)\n\tat io.appium.uiautomator2.http.ServerHandler.channelRead(ServerHandler.java:77)\n\tat io.netty.channel.AbstractChannelHandlerContext.invokeChannelRead(AbstractChannelHandlerContext.java:366)\n\tat io.netty.channel.Abstr...
&amp#27;[38;5;38m[9e22fe9b]&amp#27;[0m&amp#27;[38;5;123m[W3C]&amp#27;[0m Matched W3C error code 'no such element' to NoSuchElementError
&amp#27;[38;5;38m[9e22fe9b]&amp#27;[0m&amp#27;[38;5;28m[AndroidUiautomator2Driver@aa35 (9e22fe9b)]&amp#27;[0m Encountered internal error running command: NoSuchElementError: An element could not be located on the page using the given search parameters.
&amp#27;[38;5;38m[9e22fe9b]&amp#27;[0m&amp#27;[38;5;28m[AndroidUiautomator2Driver@aa35 (9e22fe9b)]&amp#27;[0m     at AndroidUiautomator2Driver.findElOrEls (/Users/oadeoye/.appium/node_modules/appium-uiautomator2-driver/node_modules/appium-android-driver/lib/commands/find.ts:86:11)
&amp#27;[38;5;38m[9e22fe9b]&amp#27;[0m&amp#27;[38;5;28m[AndroidUiautomator2Driver@aa35 (9e22fe9b)]&amp#27;[0m     at processTicksAndRejections (node:internal/process/task_queues:95:5)
&amp#27;[38;5;38m[9e22fe9b]&amp#27;[0m&amp#27;[38;5;28m[AndroidUiautomator2Driver@aa35 (9e22fe9b)]&amp#27;[0m     at AndroidUiautomator2Driver.findElOrElsWithProcessing (/Users/oadeoye/node_modules/@appium/base-driver/lib/basedriver/commands/find.ts:60:12)
&amp#27;[38;5;38m[9e22fe9b]&amp#27;[0m&amp#27;[38;5;28m[AndroidUiautomator2Driver@aa35 (9e22fe9b)]&amp#27;[0m     at AndroidUiautomator2Driver.findElement (/Users/oadeoye/node_modules/@appium/base-driver/lib/basedriver/commands/find.ts:75:12)
&amp#27;[38;5;38m[9e22fe9b]&amp#27;[0m&amp#27;[38;5;86m[HTTP]&amp#27;[0m &amp#27;[37m<-- POST /wd/hub/session/9e22fe9b-42ec-4c33-ac40-3323cd69a4eb/element &amp#27;[39m&amp#27;[33m404&amp#27;[39m &amp#27;[90m43 ms - 772&amp#27;[39m &amp#27;[90m&amp#27;[39m
&amp#27;[38;5;38m[9e22fe9b]&amp#27;[0m&amp#27;[38;5;86m[HTTP]&amp#27;[0m &amp#27;[37m-->&amp#27;[39m &amp#27;[37mPOST&amp#27;[39m &amp#27;[37m/wd/hub/session/9e22fe9b-42ec-4c33-ac40-3323cd69a4eb/element&amp#27;[39m &amp#27;[90m{"using":"xpath","value":"android.widget.EditText[@index='5']"}&amp#27;[39m
&amp#27;[38;5;38m[9e22fe9b]&amp#27;[0m&amp#27;[38;5;28m[AndroidUiautomator2Driver@aa35 (9e22fe9b)]&amp#27;[0m Calling AppiumDriver.findElement() with args: ["xpath","android.widget.EditText[@index='5']","9e22fe9b-42ec-4c33-ac40-3323cd69a4eb"]
&amp#27;[38;5;38m[9e22fe9b]&amp#27;[0m&amp#27;[38;5;28m[AndroidUiautomator2Driver@aa35 (9e22fe9b)]&amp#27;[0m Valid locator strategies for this request: xpath, id, class name, accessibility id, css selector, -android uiautomator
&amp#27;[38;5;38m[9e22fe9b]&amp#27;[0m&amp#27;[38;5;28m[AndroidUiautomator2Driver@aa35 (9e22fe9b)]&amp#27;[0m Waiting up to 0 ms for condition
&amp#27;[38;5;38m[9e22fe9b]&amp#27;[0m&amp#27;[38;5;28m[AndroidUiautomator2Driver@aa35 (9e22fe9b)]&amp#27;[0m Matched '/element' to command name 'findElement'
&amp#27;[38;5;38m[9e22fe9b]&amp#27;[0m&amp#27;[38;5;28m[AndroidUiautomator2Driver@aa35 (9e22fe9b)]&amp#27;[0m Proxying [POST /element] to [POST http://127.0.0.1:8200/session/3871ac39-73da-4c2a-b072-918489c17f04/element] with body: {"strategy":"xpath","selector":"android.widget.EditText[@index='5']","context":"","multiple":false}
&amp#27;[38;5;38m[9e22fe9b]&amp#27;[0m&amp#27;[38;5;28m[AndroidUiautomator2Driver@aa35 (9e22fe9b)]&amp#27;[0m Got response with status 404: {"sessionId":"3871ac39-73da-4c2a-b072-918489c17f04","value":{"error":"no such element","message":"An element could not be located on the page using the given search parameters","stacktrace":"io.appium.uiautomator2.common.exceptions.ElementNotFoundException: An element could not be located on the page using the given search parameters\n\tat io.appium.uiautomator2.utils.ElementLocationHelpers.findElement(ElementLocationHelpers.java:156)\n\tat io.appium.uiautomator2.handler.FindElement.safeHandle(FindElement.java:60)\n\tat io.appium.uiautomator2.handler.request.SafeRequestHandler.handle(SafeRequestHandler.java:59)\n\tat io.appium.uiautomator2.server.AppiumServlet.handleRequest(AppiumServlet.java:259)\n\tat io.appium.uiautomator2.server.AppiumServlet.handleHttpRequest(AppiumServlet.java:253)\n\tat io.appium.uiautomator2.http.ServerHandler.channelRead(ServerHandler.java:77)\n\tat io.netty.channel.AbstractChannelHandlerContext.invokeChannelRead(AbstractChannelHandlerContext.java:366)\n\tat io.netty.channel.Abstr...
&amp#27;[38;5;38m[9e22fe9b]&amp#27;[0m&amp#27;[38;5;123m[W3C]&amp#27;[0m Matched W3C error code 'no such element' to NoSuchElementError
&amp#27;[38;5;38m[9e22fe9b]&amp#27;[0m&amp#27;[38;5;28m[AndroidUiautomator2Driver@aa35 (9e22fe9b)]&amp#27;[0m Encountered internal error running command: NoSuchElementError: An element could not be located on the page using the given search parameters.
&amp#27;[38;5;38m[9e22fe9b]&amp#27;[0m&amp#27;[38;5;28m[AndroidUiautomator2Driver@aa35 (9e22fe9b)]&amp#27;[0m     at AndroidUiautomator2Driver.findElOrEls (/Users/oadeoye/.appium/node_modules/appium-uiautomator2-driver/node_modules/appium-android-driver/lib/commands/find.ts:86:11)
&amp#27;[38;5;38m[9e22fe9b]&amp#27;[0m&amp#27;[38;5;28m[AndroidUiautomator2Driver@aa35 (9e22fe9b)]&amp#27;[0m     at processTicksAndRejections (node:internal/process/task_queues:95:5)
&amp#27;[38;5;38m[9e22fe9b]&amp#27;[0m&amp#27;[38;5;28m[AndroidUiautomator2Driver@aa35 (9e22fe9b)]&amp#27;[0m     at AndroidUiautomator2Driver.findElOrElsWithProcessing (/Users/oadeoye/node_modules/@appium/base-driver/lib/basedriver/commands/find.ts:60:12)
&amp#27;[38;5;38m[9e22fe9b]&amp#27;[0m&amp#27;[38;5;28m[AndroidUiautomator2Driver@aa35 (9e22fe9b)]&amp#27;[0m     at AndroidUiautomator2Driver.findElement (/Users/oadeoye/node_modules/@appium/base-driver/lib/basedriver/commands/find.ts:75:12)
&amp#27;[38;5;38m[9e22fe9b]&amp#27;[0m&amp#27;[38;5;86m[HTTP]&amp#27;[0m &amp#27;[37m<-- POST /wd/hub/session/9e22fe9b-42ec-4c33-ac40-3323cd69a4eb/element &amp#27;[39m&amp#27;[33m404&amp#27;[39m &amp#27;[90m65 ms - 772&amp#27;[39m &amp#27;[90m&amp#27;[39m
&amp#27;[38;5;38m[9e22fe9b]&amp#27;[0m&amp#27;[38;5;86m[HTTP]&amp#27;[0m &amp#27;[37m-->&amp#27;[39m &amp#27;[37mPOST&amp#27;[39m &amp#27;[37m/wd/hub/session/9e22fe9b-42ec-4c33-ac40-3323cd69a4eb/element&amp#27;[39m &amp#27;[90m{"using":"xpath","value":"android.widget.EditText[@index='5']"}&amp#27;[39m
&amp#27;[38;5;38m[9e22fe9b]&amp#27;[0m&amp#27;[38;5;28m[AndroidUiautomator2Driver@aa35 (9e22fe9b)]&amp#27;[0m Calling AppiumDriver.findElement() with args: ["xpath","android.widget.EditText[@index='5']","9e22fe9b-42ec-4c33-ac40-3323cd69a4eb"]
&amp#27;[38;5;38m[9e22fe9b]&amp#27;[0m&amp#27;[38;5;28m[AndroidUiautomator2Driver@aa35 (9e22fe9b)]&amp#27;[0m Valid locator strategies for this request: xpath, id, class name, accessibility id, css selector, -android uiautomator
&amp#27;[38;5;38m[9e22fe9b]&amp#27;[0m&amp#27;[38;5;28m[AndroidUiautomator2Driver@aa35 (9e22fe9b)]&amp#27;[0m Waiting up to 0 ms for condition
&amp#27;[38;5;38m[9e22fe9b]&amp#27;[0m&amp#27;[38;5;28m[AndroidUiautomator2Driver@aa35 (9e22fe9b)]&amp#27;[0m Matched '/element' to command name 'findElement'
&amp#27;[38;5;38m[9e22fe9b]&amp#27;[0m&amp#27;[38;5;28m[AndroidUiautomator2Driver@aa35 (9e22fe9b)]&amp#27;[0m Proxying [POST /element] to [POST http://127.0.0.1:8200/session/3871ac39-73da-4c2a-b072-918489c17f04/element] with body: {"strategy":"xpath","selector":"android.widget.EditText[@index='5']","context":"","multiple":false}
&amp#27;[38;5;38m[9e22fe9b]&amp#27;[0m&amp#27;[38;5;28m[AndroidUiautomator2Driver@aa35 (9e22fe9b)]&amp#27;[0m Got response with status 404: {"sessionId":"3871ac39-73da-4c2a-b072-918489c17f04","value":{"error":"no such element","message":"An element could not be located on the page using the given search parameters","stacktrace":"io.appium.uiautomator2.common.exceptions.ElementNotFoundException: An element could not be located on the page using the given search parameters\n\tat io.appium.uiautomator2.utils.ElementLocationHelpers.findElement(ElementLocationHelpers.java:156)\n\tat io.appium.uiautomator2.handler.FindElement.safeHandle(FindElement.java:60)\n\tat io.appium.uiautomator2.handler.request.SafeRequestHandler.handle(SafeRequestHandler.java:59)\n\tat io.appium.uiautomator2.server.AppiumServlet.handleRequest(AppiumServlet.java:259)\n\tat io.appium.uiautomator2.server.AppiumServlet.handleHttpRequest(AppiumServlet.java:253)\n\tat io.appium.uiautomator2.http.ServerHandler.channelRead(ServerHandler.java:77)\n\tat io.netty.channel.AbstractChannelHandlerContext.invokeChannelRead(AbstractChannelHandlerContext.java:366)\n\tat io.netty.channel.Abstr...
&amp#27;[38;5;38m[9e22fe9b]&amp#27;[0m&amp#27;[38;5;123m[W3C]&amp#27;[0m Matched W3C error code 'no such element' to NoSuchElementError
&amp#27;[38;5;38m[9e22fe9b]&amp#27;[0m&amp#27;[38;5;28m[AndroidUiautomator2Driver@aa35 (9e22fe9b)]&amp#27;[0m Encountered internal error running command: NoSuchElementError: An element could not be located on the page using the given search parameters.
&amp#27;[38;5;38m[9e22fe9b]&amp#27;[0m&amp#27;[38;5;28m[AndroidUiautomator2Driver@aa35 (9e22fe9b)]&amp#27;[0m     at AndroidUiautomator2Driver.findElOrEls (/Users/oadeoye/.appium/node_modules/appium-uiautomator2-driver/node_modules/appium-android-driver/lib/commands/find.ts:86:11)
&amp#27;[38;5;38m[9e22fe9b]&amp#27;[0m&amp#27;[38;5;28m[AndroidUiautomator2Driver@aa35 (9e22fe9b)]&amp#27;[0m     at processTicksAndRejections (node:internal/process/task_queues:95:5)
&amp#27;[38;5;38m[9e22fe9b]&amp#27;[0m&amp#27;[38;5;28m[AndroidUiautomator2Driver@aa35 (9e22fe9b)]&amp#27;[0m     at AndroidUiautomator2Driver.findElOrElsWithProcessing (/Users/oadeoye/node_modules/@appium/base-driver/lib/basedriver/commands/find.ts:60:12)
&amp#27;[38;5;38m[9e22fe9b]&amp#27;[0m&amp#27;[38;5;28m[AndroidUiautomator2Driver@aa35 (9e22fe9b)]&amp#27;[0m     at AndroidUiautomator2Driver.findElement (/Users/oadeoye/node_modules/@appium/base-driver/lib/basedriver/commands/find.ts:75:12)
&amp#27;[38;5;38m[9e22fe9b]&amp#27;[0m&amp#27;[38;5;86m[HTTP]&amp#27;[0m &amp#27;[37m<-- POST /wd/hub/session/9e22fe9b-42ec-4c33-ac40-3323cd69a4eb/element &amp#27;[39m&amp#27;[33m404&amp#27;[39m &amp#27;[90m74 ms - 772&amp#27;[39m &amp#27;[90m&amp#27;[39m
12:07:41.376 [main] ERROR org.utils.LoggerUtil - Error entering phone number: Can't locate an element by this strategy: By.xpath: android.widget.EditText[@index='5']
]]></system-out>
  </testcase>
  <testcase name="loginTest[1234567890, , Login failed - Pin is required](7)" classname="org.base.tests.LoginTest" time="1.247">
    <failure message="Can&apos;t locate an element by this strategy: By.xpath: android.widget.EditText[@index=&apos;5&apos;]" type="org.openqa.selenium.NoSuchElementException"><![CDATA[org.openqa.selenium.NoSuchElementException: Can't locate an element by this strategy: By.xpath: android.widget.EditText[@index='5']
	at io.appium.java_client.pagefactory.AppiumElementLocator.findElement(AppiumElementLocator.java:166)
	at io.appium.java_client.pagefactory.interceptors.InterceptorOfASingleElement.call(InterceptorOfASingleElement.java:75)
	at io.appium.java_client.proxy.Interceptor.intercept(Interceptor.java:78)
	at org.openqa.selenium.remote.RemoteWebElement$ByteBuddy$f47DLCWW.sendKeys(Unknown Source)
	at org.pages.LoginPage.enterPhoneNumber(LoginPage.java:32)
	at org.base.tests.LoginTest.loginTest(LoginTest.java:26)
	at java.base/jdk.internal.reflect.DirectMethodHandleAccessor.invoke(DirectMethodHandleAccessor.java:103)
	at java.base/java.lang.reflect.Method.invoke(Method.java:580)
	at org.testng.internal.invokers.MethodInvocationHelper.invokeMethod(MethodInvocationHelper.java:141)
	at org.testng.internal.invokers.TestInvoker.invokeMethod(TestInvoker.java:686)
	at org.testng.internal.invokers.TestInvoker.invokeTestMethod(TestInvoker.java:230)
	at org.testng.internal.invokers.MethodRunner.runInSequence(MethodRunner.java:63)
	at org.testng.internal.invokers.TestInvoker$MethodInvocationAgent.invoke(TestInvoker.java:992)
	at org.testng.internal.invokers.TestInvoker.invokeTestMethods(TestInvoker.java:203)
	at org.testng.internal.invokers.TestMethodWorker.invokeTestMethods(TestMethodWorker.java:154)
	at org.testng.internal.invokers.TestMethodWorker.run(TestMethodWorker.java:134)
	at java.base/java.util.ArrayList.forEach(ArrayList.java:1597)
	at org.testng.TestRunner.privateRun(TestRunner.java:739)
	at org.testng.TestRunner.run(TestRunner.java:614)
	at org.testng.SuiteRunner.runTest(SuiteRunner.java:421)
	at org.testng.SuiteRunner.runSequentially(SuiteRunner.java:413)
	at org.testng.SuiteRunner.privateRun(SuiteRunner.java:373)
	at org.testng.SuiteRunner.run(SuiteRunner.java:312)
	at org.testng.SuiteRunnerWorker.runSuite(SuiteRunnerWorker.java:52)
	at org.testng.SuiteRunnerWorker.run(SuiteRunnerWorker.java:95)
	at org.testng.TestNG.runSuitesSequentially(TestNG.java:1274)
	at org.testng.TestNG.runSuitesLocally(TestNG.java:1208)
	at org.testng.TestNG.runSuites(TestNG.java:1112)
	at org.testng.TestNG.run(TestNG.java:1079)
	at org.apache.maven.surefire.testng.TestNGExecutor.run(TestNGExecutor.java:308)
	at org.apache.maven.surefire.testng.TestNGXmlTestSuite.execute(TestNGXmlTestSuite.java:71)
	at org.apache.maven.surefire.testng.TestNGProvider.invoke(TestNGProvider.java:113)
	at org.apache.maven.surefire.booter.ForkedBooter.runSuitesInProcess(ForkedBooter.java:385)
	at org.apache.maven.surefire.booter.ForkedBooter.execute(ForkedBooter.java:162)
	at org.apache.maven.surefire.booter.ForkedBooter.run(ForkedBooter.java:507)
	at org.apache.maven.surefire.booter.ForkedBooter.main(ForkedBooter.java:495)
Caused by: org.openqa.selenium.TimeoutException: Expected condition failed: waiting for io.appium.java_client.pagefactory.AppiumElementLocator$WaitingFunction@21eee94f (tried for 1 second(s) with 500 milliseconds interval)
	at org.openqa.selenium.support.ui.FluentWait.timeoutException(FluentWait.java:265)
	at org.openqa.selenium.support.ui.FluentWait.until(FluentWait.java:228)
	at io.appium.java_client.pagefactory.AppiumElementLocator.waitFor(AppiumElementLocator.java:135)
	at io.appium.java_client.pagefactory.AppiumElementLocator.findElement(AppiumElementLocator.java:160)
	... 35 more
Caused by: org.openqa.selenium.NoSuchElementException: An element could not be located on the page using the given search parameters.
For documentation on this error, please visit: https://www.selenium.dev/documentation/webdriver/troubleshooting/errors#no-such-element-exception
Build info: version: '4.23.1', revision: '656257d8e9'
System info: os.name: 'Mac OS X', os.arch: 'x86_64', os.version: '14.6.1', java.version: '22.0.2'
Driver info: io.appium.java_client.AppiumDriver
Command: [9e22fe9b-42ec-4c33-ac40-3323cd69a4eb, findElement {using=xpath, value=android.widget.EditText[@index='5']}]
Capabilities {appium:appActivity: com.lenddo.mobile.paylater...., appium:appPackage: com.lenddo.mobile.paylater...., appium:autoGrantPermissions: true, appium:automationName: UIAutomator2, appium:databaseEnabled: false, appium:desired: {appActivity: com.lenddo.mobile.paylater...., appPackage: com.lenddo.mobile.paylater...., autoGrantPermissions: true, automationName: UIAutomator2, deviceName: Android Emulator, noReset: true, platformName: ANDROID}, appium:deviceApiLevel: 34, appium:deviceManufacturer: Google, appium:deviceModel: sdk_gphone64_arm64, appium:deviceName: emulator-5554, appium:deviceScreenDensity: 420, appium:deviceScreenSize: 1080x2092, appium:deviceUDID: emulator-5554, appium:javascriptEnabled: true, appium:locationContextEnabled: false, appium:networkConnectionEnabled: true, appium:noReset: true, appium:pixelRatio: 2.625, appium:platformVersion: 14, appium:statBarHeight: 144, appium:takesScreenshot: true, appium:viewportRect: {height: 1948, left: 0, top: 144, width: 1080}, appium:warnings: {}, appium:webStorageEnabled: false, platformName: ANDROID}
Session ID: 9e22fe9b-42ec-4c33-ac40-3323cd69a4eb
	at java.base/jdk.internal.reflect.DirectConstructorHandleAccessor.newInstance(DirectConstructorHandleAccessor.java:62)
	at java.base/java.lang.reflect.Constructor.newInstanceWithCaller(Constructor.java:502)
	at java.base/java.lang.reflect.Constructor.newInstance(Constructor.java:486)
	at org.openqa.selenium.remote.ErrorCodec.decode(ErrorCodec.java:167)
	at org.openqa.selenium.remote.codec.w3c.W3CHttpResponseCodec.decode(W3CHttpResponseCodec.java:138)
	at org.openqa.selenium.remote.codec.w3c.W3CHttpResponseCodec.decode(W3CHttpResponseCodec.java:50)
	at org.openqa.selenium.remote.HttpCommandExecutor.execute(HttpCommandExecutor.java:190)
	at io.appium.java_client.remote.AppiumCommandExecutor.execute(AppiumCommandExecutor.java:237)
	at org.openqa.selenium.remote.RemoteWebDriver.execute(RemoteWebDriver.java:545)
	at org.openqa.selenium.remote.ElementLocation$ElementFinder$2.findElement(ElementLocation.java:165)
	at org.openqa.selenium.remote.ElementLocation.findElement(ElementLocation.java:59)
	at org.openqa.selenium.remote.RemoteWebDriver.findElement(RemoteWebDriver.java:368)
	at org.openqa.selenium.remote.RemoteWebDriver.findElement(RemoteWebDriver.java:362)
	at io.appium.java_client.pagefactory.bys.ContentMappedBy.findElement(ContentMappedBy.java:53)
	at org.openqa.selenium.remote.ElementLocation$ElementFinder$1.findElement(ElementLocation.java:139)
	at org.openqa.selenium.remote.ElementLocation.findElement(ElementLocation.java:59)
	at org.openqa.selenium.remote.RemoteWebDriver.findElement(RemoteWebDriver.java:368)
	at org.openqa.selenium.remote.RemoteWebDriver.findElement(RemoteWebDriver.java:362)
	at io.appium.java_client.pagefactory.AppiumElementLocator.lambda$findElement$1(AppiumElementLocator.java:160)
	at io.appium.java_client.pagefactory.AppiumElementLocator$WaitingFunction.apply(AppiumElementLocator.java:217)
	at io.appium.java_client.pagefactory.AppiumElementLocator$WaitingFunction.apply(AppiumElementLocator.java:210)
	at org.openqa.selenium.support.ui.FluentWait.until(FluentWait.java:203)
	... 37 more
]]></failure>
    <system-out><![CDATA[&amp#27;[38;5;38m[9e22fe9b]&amp#27;[0m&amp#27;[38;5;86m[HTTP]&amp#27;[0m &amp#27;[37m-->&amp#27;[39m &amp#27;[37mGET&amp#27;[39m &amp#27;[37m/wd/hub/session/9e22fe9b-42ec-4c33-ac40-3323cd69a4eb/screenshot&amp#27;[39m &amp#27;[90m{}&amp#27;[39m
&amp#27;[38;5;38m[9e22fe9b]&amp#27;[0m&amp#27;[38;5;28m[AndroidUiautomator2Driver@aa35 (9e22fe9b)]&amp#27;[0m Calling AppiumDriver.getScreenshot() with args: ["9e22fe9b-42ec-4c33-ac40-3323cd69a4eb"]
&amp#27;[38;5;38m[9e22fe9b]&amp#27;[0m&amp#27;[38;5;28m[AndroidUiautomator2Driver@aa35 (9e22fe9b)]&amp#27;[0m Matched '/screenshot' to command name 'getScreenshot'
&amp#27;[38;5;38m[9e22fe9b]&amp#27;[0m&amp#27;[38;5;28m[AndroidUiautomator2Driver@aa35 (9e22fe9b)]&amp#27;[0m Proxying [GET /screenshot] to [GET http://127.0.0.1:8200/session/3871ac39-73da-4c2a-b072-918489c17f04/screenshot] with no body
&amp#27;[38;5;38m[9e22fe9b]&amp#27;[0m&amp#27;[38;5;28m[AndroidUiautomator2Driver@aa35 (9e22fe9b)]&amp#27;[0m Got response with status 200: {"sessionId":"3871ac39-73da-4c2a-b072-918489c17f04","value":"iVBORw0KGgoAAAANSUhEUgAABDgAAAgsCAYAAACz90Z2AAAAAXNSR0IArs4c6QAAAARzQklUCAgICHwIZIgAACAASURBVHic7N1hlqs8joBhydTp7cyCesmzpLmx5odtMGADJpAAeZ8+96uqFCEESDUSsqz//Z//NXmTmoqIzh535ubLisblRUxMTG3+vZqIWFx3w3Zk657+Zti+Yd2mKlZ8PH+uz9/RbFmpvKaaihb2iamJydu7HAAAADejWro6DI+vPHPDMgNzVro0b1a6rDbV4rpHV7c6XD9rfzFvqxf2Le+x9Nz0zznXr2tYZ379fizV9J+T1n3EwSz4dESizoW4yYt48/J6veT1eon3Xpw4UXGzc6AUT9aOZe30Kq2hpnaWFEPMBW0xbNsR9pXHW7axZV8d98lpORKte2XfqwAAAAAAPuac5Ma5a97uCtuA51AV+fv2RgAAAADA0UbVAK2R9EUKrs3srcqWK1NREQ1V7yo6K4I56l3bgevC9ZHgWKXCxwIAAAC4tlIyoP+58VLerCXD8ewqi8OYjcdRaDw+/TCc8bslAsMeD0pw7B+n8531AgAAADiSmYl5E3Xa973re5/EZEdb8uLLHlS9YWYi5uWM2Gqp58Vz9iDWmF00wbGlKUutieeQkNjfDmXcNDRfx9CkqLXRzLC2G/1BBQAAAHbKbxOq6KQL4nB/3sREJSYkmq6xh1cwC7kAszh5gZg4daHhaIwNUl5Ds+txqzWsdBcJi9MbexAzGyWZVHUU/4XfWSXWi88phFTlaSXOrQQ5s5loq7Vt2Ru/ttPJ1zVO8gk83nWdJqOtnWkXkxtHKK3r/XUvfVABAACAJ6lfnWv23d7r48mQhhgjmUwCaKei6rLXUTk/3DzIDTaxRSkG19mx4Ibw/W09caefyfedWsExrVboM7PDA2+se7vll7HJ16VX2FIVEnOEWi5/o4ID...
&amp#27;[38;5;38m[9e22fe9b]&amp#27;[0m&amp#27;[38;5;28m[AndroidUiautomator2Driver@aa35 (9e22fe9b)]&amp#27;[0m Responding to client with driver.getScreenshot() result: "iVBORw0KGgoAAAANSUhEUgAABDgAAAgsCAYAAACz90Z2AAAAAXNSR0IArs4c6QAAAARzQklUCAgICHwIZIgAACAASURBVHic7N1hlqs8joBhydTp7cyCesmzpLmx5odtMGADJpAAeZ8+96uqFCEESDUSsqz//Z//NXmTmoqIzh535ubLisblRUxMTG3+vZqIWFx3w3Zk657+Zti+Yd2mKlZ8PH+uz9/RbFmpvKaaihb2iamJydu7HAAAADejWro6DI+vPHPDMgNzVro0b1a6rDbV4rpHV7c6XD9rfzFvqxf2Le+x9Nz0zznXr2tYZ379fizV9J+T1n3EwSz4dESizoW4yYt48/J6veT1eon3Xpw4UXGzc6AUT9aOZe30Kq2hpnaWFEPMBW0xbNsR9pXHW7axZV8d98lpORKte2XfqwAAAAAAPuac5Ma5a97uCtuA51AV+fv2RgAAAADA0UbVAK2R9EUKrs3srcqWK1NREQ1V7yo6K4I56l3bgevC9ZHgWKXCxwIAAAC4tlIyoP+58VLerCXD8ewqi8OYjcdRaDw+/TCc8bslAsMeD0pw7B+n8531AgAAADiSmYl5E3Xa973re5/EZEdb8uLLHlS9YWYi5uWM2Gqp58Vz9iDWmF00wbGlKUutieeQkNjfDmXcNDRfx9CkqLXRzLC2G/1BBQAAAHbKbxOq6KQL4nB/3sREJSYkmq6xh1cwC7kAszh5gZg4daHhaIwNUl5Ds+txqzWsdBcJi9MbexAzGyWZVHUU/4XfWSXWi88phFTlaSXOrQQ5s5loq7Vt2Ru/ttPJ1zVO8gk83nWdJqOtnWkXkxtHKK3r/XUvfVABAACAJ6lfnWv23d7r48mQhhgjmUwCaKei6rLXUTk/3DzIDTaxRSkG19mx4Ibw/W09caefyfedWsExrVboM7PDA2+se7vll7HJ16VX2FIVEnOEWi5/o4IDAAAATXR/9fDxrn0tGy6/y7f3QxVJ4Tlnb9RFffp9m1msMsiSW6qhWsZny+iQ...
&amp#27;[38;5;38m[9e22fe9b]&amp#27;[0m&amp#27;[38;5;86m[HTTP]&amp#27;[0m &amp#27;[37m<-- GET /wd/hub/session/9e22fe9b-42ec-4c33-ac40-3323cd69a4eb/screenshot &amp#27;[39m&amp#27;[32m200&amp#27;[39m &amp#27;[90m280 ms - 286732&amp#27;[39m &amp#27;[90m&amp#27;[39m
Exception while taking screenshot: /Users/oadeoye/IdeaProjects/Hello-Again-Mobile/Hello-Again-Mobile/resources/screenshots/loginTest.jpeg
12:07:41.689 [main] ERROR org.basetest.BaseTest - Test failed: Can't locate an element by this strategy: By.xpath: android.widget.EditText[@index='5']
&amp#27;[38;5;38m[9e22fe9b]&amp#27;[0m&amp#27;[38;5;86m[HTTP]&amp#27;[0m &amp#27;[37m-->&amp#27;[39m &amp#27;[37mPOST&amp#27;[39m &amp#27;[37m/wd/hub/session/9e22fe9b-42ec-4c33-ac40-3323cd69a4eb/element&amp#27;[39m &amp#27;[90m{"using":"xpath","value":"android.widget.EditText[@index='5']"}&amp#27;[39m
&amp#27;[38;5;38m[9e22fe9b]&amp#27;[0m&amp#27;[38;5;28m[AndroidUiautomator2Driver@aa35 (9e22fe9b)]&amp#27;[0m Calling AppiumDriver.findElement() with args: ["xpath","android.widget.EditText[@index='5']","9e22fe9b-42ec-4c33-ac40-3323cd69a4eb"]
&amp#27;[38;5;38m[9e22fe9b]&amp#27;[0m&amp#27;[38;5;28m[AndroidUiautomator2Driver@aa35 (9e22fe9b)]&amp#27;[0m Valid locator strategies for this request: xpath, id, class name, accessibility id, css selector, -android uiautomator
&amp#27;[38;5;38m[9e22fe9b]&amp#27;[0m&amp#27;[38;5;28m[AndroidUiautomator2Driver@aa35 (9e22fe9b)]&amp#27;[0m Waiting up to 0 ms for condition
&amp#27;[38;5;38m[9e22fe9b]&amp#27;[0m&amp#27;[38;5;28m[AndroidUiautomator2Driver@aa35 (9e22fe9b)]&amp#27;[0m Matched '/element' to command name 'findElement'
&amp#27;[38;5;38m[9e22fe9b]&amp#27;[0m&amp#27;[38;5;28m[AndroidUiautomator2Driver@aa35 (9e22fe9b)]&amp#27;[0m Proxying [POST /element] to [POST http://127.0.0.1:8200/session/3871ac39-73da-4c2a-b072-918489c17f04/element] with body: {"strategy":"xpath","selector":"android.widget.EditText[@index='5']","context":"","multiple":false}
&amp#27;[38;5;38m[9e22fe9b]&amp#27;[0m&amp#27;[38;5;28m[AndroidUiautomator2Driver@aa35 (9e22fe9b)]&amp#27;[0m Got response with status 404: {"sessionId":"3871ac39-73da-4c2a-b072-918489c17f04","value":{"error":"no such element","message":"An element could not be located on the page using the given search parameters","stacktrace":"io.appium.uiautomator2.common.exceptions.ElementNotFoundException: An element could not be located on the page using the given search parameters\n\tat io.appium.uiautomator2.utils.ElementLocationHelpers.findElement(ElementLocationHelpers.java:156)\n\tat io.appium.uiautomator2.handler.FindElement.safeHandle(FindElement.java:60)\n\tat io.appium.uiautomator2.handler.request.SafeRequestHandler.handle(SafeRequestHandler.java:59)\n\tat io.appium.uiautomator2.server.AppiumServlet.handleRequest(AppiumServlet.java:259)\n\tat io.appium.uiautomator2.server.AppiumServlet.handleHttpRequest(AppiumServlet.java:253)\n\tat io.appium.uiautomator2.http.ServerHandler.channelRead(ServerHandler.java:77)\n\tat io.netty.channel.AbstractChannelHandlerContext.invokeChannelRead(AbstractChannelHandlerContext.java:366)\n\tat io.netty.channel.Abstr...
&amp#27;[38;5;38m[9e22fe9b]&amp#27;[0m&amp#27;[38;5;123m[W3C]&amp#27;[0m Matched W3C error code 'no such element' to NoSuchElementError
&amp#27;[38;5;38m[9e22fe9b]&amp#27;[0m&amp#27;[38;5;28m[AndroidUiautomator2Driver@aa35 (9e22fe9b)]&amp#27;[0m Encountered internal error running command: NoSuchElementError: An element could not be located on the page using the given search parameters.
&amp#27;[38;5;38m[9e22fe9b]&amp#27;[0m&amp#27;[38;5;28m[AndroidUiautomator2Driver@aa35 (9e22fe9b)]&amp#27;[0m     at AndroidUiautomator2Driver.findElOrEls (/Users/oadeoye/.appium/node_modules/appium-uiautomator2-driver/node_modules/appium-android-driver/lib/commands/find.ts:86:11)
&amp#27;[38;5;38m[9e22fe9b]&amp#27;[0m&amp#27;[38;5;28m[AndroidUiautomator2Driver@aa35 (9e22fe9b)]&amp#27;[0m     at processTicksAndRejections (node:internal/process/task_queues:95:5)
&amp#27;[38;5;38m[9e22fe9b]&amp#27;[0m&amp#27;[38;5;28m[AndroidUiautomator2Driver@aa35 (9e22fe9b)]&amp#27;[0m     at AndroidUiautomator2Driver.findElOrElsWithProcessing (/Users/oadeoye/node_modules/@appium/base-driver/lib/basedriver/commands/find.ts:60:12)
&amp#27;[38;5;38m[9e22fe9b]&amp#27;[0m&amp#27;[38;5;28m[AndroidUiautomator2Driver@aa35 (9e22fe9b)]&amp#27;[0m     at AndroidUiautomator2Driver.findElement (/Users/oadeoye/node_modules/@appium/base-driver/lib/basedriver/commands/find.ts:75:12)
&amp#27;[38;5;38m[9e22fe9b]&amp#27;[0m&amp#27;[38;5;86m[HTTP]&amp#27;[0m &amp#27;[37m<-- POST /wd/hub/session/9e22fe9b-42ec-4c33-ac40-3323cd69a4eb/element &amp#27;[39m&amp#27;[33m404&amp#27;[39m &amp#27;[90m41 ms - 772&amp#27;[39m &amp#27;[90m&amp#27;[39m
&amp#27;[38;5;38m[9e22fe9b]&amp#27;[0m&amp#27;[38;5;86m[HTTP]&amp#27;[0m &amp#27;[37m-->&amp#27;[39m &amp#27;[37mPOST&amp#27;[39m &amp#27;[37m/wd/hub/session/9e22fe9b-42ec-4c33-ac40-3323cd69a4eb/element&amp#27;[39m &amp#27;[90m{"using":"xpath","value":"android.widget.EditText[@index='5']"}&amp#27;[39m
&amp#27;[38;5;38m[9e22fe9b]&amp#27;[0m&amp#27;[38;5;28m[AndroidUiautomator2Driver@aa35 (9e22fe9b)]&amp#27;[0m Calling AppiumDriver.findElement() with args: ["xpath","android.widget.EditText[@index='5']","9e22fe9b-42ec-4c33-ac40-3323cd69a4eb"]
&amp#27;[38;5;38m[9e22fe9b]&amp#27;[0m&amp#27;[38;5;28m[AndroidUiautomator2Driver@aa35 (9e22fe9b)]&amp#27;[0m Valid locator strategies for this request: xpath, id, class name, accessibility id, css selector, -android uiautomator
&amp#27;[38;5;38m[9e22fe9b]&amp#27;[0m&amp#27;[38;5;28m[AndroidUiautomator2Driver@aa35 (9e22fe9b)]&amp#27;[0m Waiting up to 0 ms for condition
&amp#27;[38;5;38m[9e22fe9b]&amp#27;[0m&amp#27;[38;5;28m[AndroidUiautomator2Driver@aa35 (9e22fe9b)]&amp#27;[0m Matched '/element' to command name 'findElement'
&amp#27;[38;5;38m[9e22fe9b]&amp#27;[0m&amp#27;[38;5;28m[AndroidUiautomator2Driver@aa35 (9e22fe9b)]&amp#27;[0m Proxying [POST /element] to [POST http://127.0.0.1:8200/session/3871ac39-73da-4c2a-b072-918489c17f04/element] with body: {"strategy":"xpath","selector":"android.widget.EditText[@index='5']","context":"","multiple":false}
&amp#27;[38;5;38m[9e22fe9b]&amp#27;[0m&amp#27;[38;5;28m[AndroidUiautomator2Driver@aa35 (9e22fe9b)]&amp#27;[0m Got response with status 404: {"sessionId":"3871ac39-73da-4c2a-b072-918489c17f04","value":{"error":"no such element","message":"An element could not be located on the page using the given search parameters","stacktrace":"io.appium.uiautomator2.common.exceptions.ElementNotFoundException: An element could not be located on the page using the given search parameters\n\tat io.appium.uiautomator2.utils.ElementLocationHelpers.findElement(ElementLocationHelpers.java:156)\n\tat io.appium.uiautomator2.handler.FindElement.safeHandle(FindElement.java:60)\n\tat io.appium.uiautomator2.handler.request.SafeRequestHandler.handle(SafeRequestHandler.java:59)\n\tat io.appium.uiautomator2.server.AppiumServlet.handleRequest(AppiumServlet.java:259)\n\tat io.appium.uiautomator2.server.AppiumServlet.handleHttpRequest(AppiumServlet.java:253)\n\tat io.appium.uiautomator2.http.ServerHandler.channelRead(ServerHandler.java:77)\n\tat io.netty.channel.AbstractChannelHandlerContext.invokeChannelRead(AbstractChannelHandlerContext.java:366)\n\tat io.netty.channel.Abstr...
&amp#27;[38;5;38m[9e22fe9b]&amp#27;[0m&amp#27;[38;5;123m[W3C]&amp#27;[0m Matched W3C error code 'no such element' to NoSuchElementError
&amp#27;[38;5;38m[9e22fe9b]&amp#27;[0m&amp#27;[38;5;28m[AndroidUiautomator2Driver@aa35 (9e22fe9b)]&amp#27;[0m Encountered internal error running command: NoSuchElementError: An element could not be located on the page using the given search parameters.
&amp#27;[38;5;38m[9e22fe9b]&amp#27;[0m&amp#27;[38;5;28m[AndroidUiautomator2Driver@aa35 (9e22fe9b)]&amp#27;[0m     at AndroidUiautomator2Driver.findElOrEls (/Users/oadeoye/.appium/node_modules/appium-uiautomator2-driver/node_modules/appium-android-driver/lib/commands/find.ts:86:11)
&amp#27;[38;5;38m[9e22fe9b]&amp#27;[0m&amp#27;[38;5;28m[AndroidUiautomator2Driver@aa35 (9e22fe9b)]&amp#27;[0m     at processTicksAndRejections (node:internal/process/task_queues:95:5)
&amp#27;[38;5;38m[9e22fe9b]&amp#27;[0m&amp#27;[38;5;28m[AndroidUiautomator2Driver@aa35 (9e22fe9b)]&amp#27;[0m     at AndroidUiautomator2Driver.findElOrElsWithProcessing (/Users/oadeoye/node_modules/@appium/base-driver/lib/basedriver/commands/find.ts:60:12)
&amp#27;[38;5;38m[9e22fe9b]&amp#27;[0m&amp#27;[38;5;28m[AndroidUiautomator2Driver@aa35 (9e22fe9b)]&amp#27;[0m     at AndroidUiautomator2Driver.findElement (/Users/oadeoye/node_modules/@appium/base-driver/lib/basedriver/commands/find.ts:75:12)
&amp#27;[38;5;38m[9e22fe9b]&amp#27;[0m&amp#27;[38;5;86m[HTTP]&amp#27;[0m &amp#27;[37m<-- POST /wd/hub/session/9e22fe9b-42ec-4c33-ac40-3323cd69a4eb/element &amp#27;[39m&amp#27;[33m404&amp#27;[39m &amp#27;[90m73 ms - 772&amp#27;[39m &amp#27;[90m&amp#27;[39m
&amp#27;[38;5;38m[9e22fe9b]&amp#27;[0m&amp#27;[38;5;86m[HTTP]&amp#27;[0m &amp#27;[37m-->&amp#27;[39m &amp#27;[37mPOST&amp#27;[39m &amp#27;[37m/wd/hub/session/9e22fe9b-42ec-4c33-ac40-3323cd69a4eb/element&amp#27;[39m &amp#27;[90m{"using":"xpath","value":"android.widget.EditText[@index='5']"}&amp#27;[39m
&amp#27;[38;5;38m[9e22fe9b]&amp#27;[0m&amp#27;[38;5;28m[AndroidUiautomator2Driver@aa35 (9e22fe9b)]&amp#27;[0m Calling AppiumDriver.findElement() with args: ["xpath","android.widget.EditText[@index='5']","9e22fe9b-42ec-4c33-ac40-3323cd69a4eb"]
&amp#27;[38;5;38m[9e22fe9b]&amp#27;[0m&amp#27;[38;5;28m[AndroidUiautomator2Driver@aa35 (9e22fe9b)]&amp#27;[0m Valid locator strategies for this request: xpath, id, class name, accessibility id, css selector, -android uiautomator
&amp#27;[38;5;38m[9e22fe9b]&amp#27;[0m&amp#27;[38;5;28m[AndroidUiautomator2Driver@aa35 (9e22fe9b)]&amp#27;[0m Waiting up to 0 ms for condition
&amp#27;[38;5;38m[9e22fe9b]&amp#27;[0m&amp#27;[38;5;28m[AndroidUiautomator2Driver@aa35 (9e22fe9b)]&amp#27;[0m Matched '/element' to command name 'findElement'
&amp#27;[38;5;38m[9e22fe9b]&amp#27;[0m&amp#27;[38;5;28m[AndroidUiautomator2Driver@aa35 (9e22fe9b)]&amp#27;[0m Proxying [POST /element] to [POST http://127.0.0.1:8200/session/3871ac39-73da-4c2a-b072-918489c17f04/element] with body: {"strategy":"xpath","selector":"android.widget.EditText[@index='5']","context":"","multiple":false}
&amp#27;[38;5;38m[9e22fe9b]&amp#27;[0m&amp#27;[38;5;28m[AndroidUiautomator2Driver@aa35 (9e22fe9b)]&amp#27;[0m Got response with status 404: {"sessionId":"3871ac39-73da-4c2a-b072-918489c17f04","value":{"error":"no such element","message":"An element could not be located on the page using the given search parameters","stacktrace":"io.appium.uiautomator2.common.exceptions.ElementNotFoundException: An element could not be located on the page using the given search parameters\n\tat io.appium.uiautomator2.utils.ElementLocationHelpers.findElement(ElementLocationHelpers.java:156)\n\tat io.appium.uiautomator2.handler.FindElement.safeHandle(FindElement.java:60)\n\tat io.appium.uiautomator2.handler.request.SafeRequestHandler.handle(SafeRequestHandler.java:59)\n\tat io.appium.uiautomator2.server.AppiumServlet.handleRequest(AppiumServlet.java:259)\n\tat io.appium.uiautomator2.server.AppiumServlet.handleHttpRequest(AppiumServlet.java:253)\n\tat io.appium.uiautomator2.http.ServerHandler.channelRead(ServerHandler.java:77)\n\tat io.netty.channel.AbstractChannelHandlerContext.invokeChannelRead(AbstractChannelHandlerContext.java:366)\n\tat io.netty.channel.Abstr...
&amp#27;[38;5;38m[9e22fe9b]&amp#27;[0m&amp#27;[38;5;123m[W3C]&amp#27;[0m Matched W3C error code 'no such element' to NoSuchElementError
&amp#27;[38;5;38m[9e22fe9b]&amp#27;[0m&amp#27;[38;5;28m[AndroidUiautomator2Driver@aa35 (9e22fe9b)]&amp#27;[0m Encountered internal error running command: NoSuchElementError: An element could not be located on the page using the given search parameters.
&amp#27;[38;5;38m[9e22fe9b]&amp#27;[0m&amp#27;[38;5;28m[AndroidUiautomator2Driver@aa35 (9e22fe9b)]&amp#27;[0m     at AndroidUiautomator2Driver.findElOrEls (/Users/oadeoye/.appium/node_modules/appium-uiautomator2-driver/node_modules/appium-android-driver/lib/commands/find.ts:86:11)
&amp#27;[38;5;38m[9e22fe9b]&amp#27;[0m&amp#27;[38;5;28m[AndroidUiautomator2Driver@aa35 (9e22fe9b)]&amp#27;[0m     at processTicksAndRejections (node:internal/process/task_queues:95:5)
&amp#27;[38;5;38m[9e22fe9b]&amp#27;[0m&amp#27;[38;5;28m[AndroidUiautomator2Driver@aa35 (9e22fe9b)]&amp#27;[0m     at AndroidUiautomator2Driver.findElOrElsWithProcessing (/Users/oadeoye/node_modules/@appium/base-driver/lib/basedriver/commands/find.ts:60:12)
&amp#27;[38;5;38m[9e22fe9b]&amp#27;[0m&amp#27;[38;5;28m[AndroidUiautomator2Driver@aa35 (9e22fe9b)]&amp#27;[0m     at AndroidUiautomator2Driver.findElement (/Users/oadeoye/node_modules/@appium/base-driver/lib/basedriver/commands/find.ts:75:12)
&amp#27;[38;5;38m[9e22fe9b]&amp#27;[0m&amp#27;[38;5;86m[HTTP]&amp#27;[0m &amp#27;[37m<-- POST /wd/hub/session/9e22fe9b-42ec-4c33-ac40-3323cd69a4eb/element &amp#27;[39m&amp#27;[33m404&amp#27;[39m &amp#27;[90m75 ms - 772&amp#27;[39m &amp#27;[90m&amp#27;[39m
12:07:42.936 [main] ERROR org.utils.LoggerUtil - Error entering phone number: Can't locate an element by this strategy: By.xpath: android.widget.EditText[@index='5']
]]></system-out>
  </testcase>
  <testcase name="loginTest[, , Login failed - Phone number and pin are required](8)" classname="org.base.tests.LoginTest" time="1.274">
    <failure message="Can&apos;t locate an element by this strategy: By.xpath: android.widget.EditText[@index=&apos;5&apos;]" type="org.openqa.selenium.NoSuchElementException"><![CDATA[org.openqa.selenium.NoSuchElementException: Can't locate an element by this strategy: By.xpath: android.widget.EditText[@index='5']
	at io.appium.java_client.pagefactory.AppiumElementLocator.findElement(AppiumElementLocator.java:166)
	at io.appium.java_client.pagefactory.interceptors.InterceptorOfASingleElement.call(InterceptorOfASingleElement.java:75)
	at io.appium.java_client.proxy.Interceptor.intercept(Interceptor.java:78)
	at org.openqa.selenium.remote.RemoteWebElement$ByteBuddy$f47DLCWW.sendKeys(Unknown Source)
	at org.pages.LoginPage.enterPhoneNumber(LoginPage.java:32)
	at org.base.tests.LoginTest.loginTest(LoginTest.java:26)
	at java.base/jdk.internal.reflect.DirectMethodHandleAccessor.invoke(DirectMethodHandleAccessor.java:103)
	at java.base/java.lang.reflect.Method.invoke(Method.java:580)
	at org.testng.internal.invokers.MethodInvocationHelper.invokeMethod(MethodInvocationHelper.java:141)
	at org.testng.internal.invokers.TestInvoker.invokeMethod(TestInvoker.java:686)
	at org.testng.internal.invokers.TestInvoker.invokeTestMethod(TestInvoker.java:230)
	at org.testng.internal.invokers.MethodRunner.runInSequence(MethodRunner.java:63)
	at org.testng.internal.invokers.TestInvoker$MethodInvocationAgent.invoke(TestInvoker.java:992)
	at org.testng.internal.invokers.TestInvoker.invokeTestMethods(TestInvoker.java:203)
	at org.testng.internal.invokers.TestMethodWorker.invokeTestMethods(TestMethodWorker.java:154)
	at org.testng.internal.invokers.TestMethodWorker.run(TestMethodWorker.java:134)
	at java.base/java.util.ArrayList.forEach(ArrayList.java:1597)
	at org.testng.TestRunner.privateRun(TestRunner.java:739)
	at org.testng.TestRunner.run(TestRunner.java:614)
	at org.testng.SuiteRunner.runTest(SuiteRunner.java:421)
	at org.testng.SuiteRunner.runSequentially(SuiteRunner.java:413)
	at org.testng.SuiteRunner.privateRun(SuiteRunner.java:373)
	at org.testng.SuiteRunner.run(SuiteRunner.java:312)
	at org.testng.SuiteRunnerWorker.runSuite(SuiteRunnerWorker.java:52)
	at org.testng.SuiteRunnerWorker.run(SuiteRunnerWorker.java:95)
	at org.testng.TestNG.runSuitesSequentially(TestNG.java:1274)
	at org.testng.TestNG.runSuitesLocally(TestNG.java:1208)
	at org.testng.TestNG.runSuites(TestNG.java:1112)
	at org.testng.TestNG.run(TestNG.java:1079)
	at org.apache.maven.surefire.testng.TestNGExecutor.run(TestNGExecutor.java:308)
	at org.apache.maven.surefire.testng.TestNGXmlTestSuite.execute(TestNGXmlTestSuite.java:71)
	at org.apache.maven.surefire.testng.TestNGProvider.invoke(TestNGProvider.java:113)
	at org.apache.maven.surefire.booter.ForkedBooter.runSuitesInProcess(ForkedBooter.java:385)
	at org.apache.maven.surefire.booter.ForkedBooter.execute(ForkedBooter.java:162)
	at org.apache.maven.surefire.booter.ForkedBooter.run(ForkedBooter.java:507)
	at org.apache.maven.surefire.booter.ForkedBooter.main(ForkedBooter.java:495)
Caused by: org.openqa.selenium.TimeoutException: Expected condition failed: waiting for io.appium.java_client.pagefactory.AppiumElementLocator$WaitingFunction@5b5a4aed (tried for 1 second(s) with 500 milliseconds interval)
	at org.openqa.selenium.support.ui.FluentWait.timeoutException(FluentWait.java:265)
	at org.openqa.selenium.support.ui.FluentWait.until(FluentWait.java:228)
	at io.appium.java_client.pagefactory.AppiumElementLocator.waitFor(AppiumElementLocator.java:135)
	at io.appium.java_client.pagefactory.AppiumElementLocator.findElement(AppiumElementLocator.java:160)
	... 35 more
Caused by: org.openqa.selenium.NoSuchElementException: An element could not be located on the page using the given search parameters.
For documentation on this error, please visit: https://www.selenium.dev/documentation/webdriver/troubleshooting/errors#no-such-element-exception
Build info: version: '4.23.1', revision: '656257d8e9'
System info: os.name: 'Mac OS X', os.arch: 'x86_64', os.version: '14.6.1', java.version: '22.0.2'
Driver info: io.appium.java_client.AppiumDriver
Command: [9e22fe9b-42ec-4c33-ac40-3323cd69a4eb, findElement {using=xpath, value=android.widget.EditText[@index='5']}]
Capabilities {appium:appActivity: com.lenddo.mobile.paylater...., appium:appPackage: com.lenddo.mobile.paylater...., appium:autoGrantPermissions: true, appium:automationName: UIAutomator2, appium:databaseEnabled: false, appium:desired: {appActivity: com.lenddo.mobile.paylater...., appPackage: com.lenddo.mobile.paylater...., autoGrantPermissions: true, automationName: UIAutomator2, deviceName: Android Emulator, noReset: true, platformName: ANDROID}, appium:deviceApiLevel: 34, appium:deviceManufacturer: Google, appium:deviceModel: sdk_gphone64_arm64, appium:deviceName: emulator-5554, appium:deviceScreenDensity: 420, appium:deviceScreenSize: 1080x2092, appium:deviceUDID: emulator-5554, appium:javascriptEnabled: true, appium:locationContextEnabled: false, appium:networkConnectionEnabled: true, appium:noReset: true, appium:pixelRatio: 2.625, appium:platformVersion: 14, appium:statBarHeight: 144, appium:takesScreenshot: true, appium:viewportRect: {height: 1948, left: 0, top: 144, width: 1080}, appium:warnings: {}, appium:webStorageEnabled: false, platformName: ANDROID}
Session ID: 9e22fe9b-42ec-4c33-ac40-3323cd69a4eb
	at java.base/jdk.internal.reflect.DirectConstructorHandleAccessor.newInstance(DirectConstructorHandleAccessor.java:62)
	at java.base/java.lang.reflect.Constructor.newInstanceWithCaller(Constructor.java:502)
	at java.base/java.lang.reflect.Constructor.newInstance(Constructor.java:486)
	at org.openqa.selenium.remote.ErrorCodec.decode(ErrorCodec.java:167)
	at org.openqa.selenium.remote.codec.w3c.W3CHttpResponseCodec.decode(W3CHttpResponseCodec.java:138)
	at org.openqa.selenium.remote.codec.w3c.W3CHttpResponseCodec.decode(W3CHttpResponseCodec.java:50)
	at org.openqa.selenium.remote.HttpCommandExecutor.execute(HttpCommandExecutor.java:190)
	at io.appium.java_client.remote.AppiumCommandExecutor.execute(AppiumCommandExecutor.java:237)
	at org.openqa.selenium.remote.RemoteWebDriver.execute(RemoteWebDriver.java:545)
	at org.openqa.selenium.remote.ElementLocation$ElementFinder$2.findElement(ElementLocation.java:165)
	at org.openqa.selenium.remote.ElementLocation.findElement(ElementLocation.java:59)
	at org.openqa.selenium.remote.RemoteWebDriver.findElement(RemoteWebDriver.java:368)
	at org.openqa.selenium.remote.RemoteWebDriver.findElement(RemoteWebDriver.java:362)
	at io.appium.java_client.pagefactory.bys.ContentMappedBy.findElement(ContentMappedBy.java:53)
	at org.openqa.selenium.remote.ElementLocation$ElementFinder$1.findElement(ElementLocation.java:139)
	at org.openqa.selenium.remote.ElementLocation.findElement(ElementLocation.java:59)
	at org.openqa.selenium.remote.RemoteWebDriver.findElement(RemoteWebDriver.java:368)
	at org.openqa.selenium.remote.RemoteWebDriver.findElement(RemoteWebDriver.java:362)
	at io.appium.java_client.pagefactory.AppiumElementLocator.lambda$findElement$1(AppiumElementLocator.java:160)
	at io.appium.java_client.pagefactory.AppiumElementLocator$WaitingFunction.apply(AppiumElementLocator.java:217)
	at io.appium.java_client.pagefactory.AppiumElementLocator$WaitingFunction.apply(AppiumElementLocator.java:210)
	at org.openqa.selenium.support.ui.FluentWait.until(FluentWait.java:203)
	... 37 more
]]></failure>
    <system-out><![CDATA[&amp#27;[38;5;38m[9e22fe9b]&amp#27;[0m&amp#27;[38;5;86m[HTTP]&amp#27;[0m &amp#27;[37m-->&amp#27;[39m &amp#27;[37mGET&amp#27;[39m &amp#27;[37m/wd/hub/session/9e22fe9b-42ec-4c33-ac40-3323cd69a4eb/screenshot&amp#27;[39m &amp#27;[90m{}&amp#27;[39m
&amp#27;[38;5;38m[9e22fe9b]&amp#27;[0m&amp#27;[38;5;28m[AndroidUiautomator2Driver@aa35 (9e22fe9b)]&amp#27;[0m Calling AppiumDriver.getScreenshot() with args: ["9e22fe9b-42ec-4c33-ac40-3323cd69a4eb"]
&amp#27;[38;5;38m[9e22fe9b]&amp#27;[0m&amp#27;[38;5;28m[AndroidUiautomator2Driver@aa35 (9e22fe9b)]&amp#27;[0m Matched '/screenshot' to command name 'getScreenshot'
&amp#27;[38;5;38m[9e22fe9b]&amp#27;[0m&amp#27;[38;5;28m[AndroidUiautomator2Driver@aa35 (9e22fe9b)]&amp#27;[0m Proxying [GET /screenshot] to [GET http://127.0.0.1:8200/session/3871ac39-73da-4c2a-b072-918489c17f04/screenshot] with no body
&amp#27;[38;5;38m[9e22fe9b]&amp#27;[0m&amp#27;[38;5;28m[AndroidUiautomator2Driver@aa35 (9e22fe9b)]&amp#27;[0m Got response with status 200: {"sessionId":"3871ac39-73da-4c2a-b072-918489c17f04","value":"iVBORw0KGgoAAAANSUhEUgAABDgAAAgsCAYAAACz90Z2AAAAAXNSR0IArs4c6QAAAARzQklUCAgICHwIZIgAACAASURBVHic7N1hlqs8joBhydTp7cyCesmzpLmx5odtMGADJpAAeZ8+96uqFCEESDUSsqz//Z//NXmTmoqIzh535ubLisblRUxMTG3+vZqIWFx3w3Zk657+Zti+Yd2mKlZ8PH+uz9/RbFmpvKaaihb2iamJydu7HAAAADejWro6DI+vPHPDMgNzVro0b1a6rDbV4rpHV7c6XD9rfzFvqxf2Le+x9Nz0zznXr2tYZ379fizV9J+T1n3EwSz4dESizoW4yYt48/J6veT1eon3Xpw4UXGzc6AUT9aOZe30Kq2hpnaWFEPMBW0xbNsR9pXHW7axZV8d98lpORKte2XfqwAAAAAAPuac5Ma5a97uCtuA51AV+fv2RgAAAADA0UbVAK2R9EUKrs3srcqWK1NREQ1V7yo6K4I56l3bgevC9ZHgWKXCxwIAAAC4tlIyoP+58VLerCXD8ewqi8OYjcdRaDw+/TCc8bslAsMeD0pw7B+n8531AgAAADiSmYl5E3Xa973re5/EZEdb8uLLHlS9YWYi5uWM2Gqp58Vz9iDWmF00wbGlKUutieeQkNjfDmXcNDRfx9CkqLXRzLC2G/1BBQAAAHbKbxOq6KQL4nB/3sREJSYkmq6xh1cwC7kAszh5gZg4daHhaIwNUl5Ds+txqzWsdBcJi9MbexAzGyWZVHUU/4XfWSXWi88phFTlaSXOrQQ5s5loq7Vt2Ru/ttPJ1zVO8gk83nWdJqOtnWkXkxtHKK3r/XUvfVABAACAJ6lfnWv23d7r48mQhhgjmUwCaKei6rLXUTk/3DzIDTaxRSkG19mx4Ibw/W09caefyfedWsExrVboM7PDA2+se7vll7HJ16VX2FIVEnOEWi5/o4ID...
&amp#27;[38;5;38m[9e22fe9b]&amp#27;[0m&amp#27;[38;5;28m[AndroidUiautomator2Driver@aa35 (9e22fe9b)]&amp#27;[0m Responding to client with driver.getScreenshot() result: "iVBORw0KGgoAAAANSUhEUgAABDgAAAgsCAYAAACz90Z2AAAAAXNSR0IArs4c6QAAAARzQklUCAgICHwIZIgAACAASURBVHic7N1hlqs8joBhydTp7cyCesmzpLmx5odtMGADJpAAeZ8+96uqFCEESDUSsqz//Z//NXmTmoqIzh535ubLisblRUxMTG3+vZqIWFx3w3Zk657+Zti+Yd2mKlZ8PH+uz9/RbFmpvKaaihb2iamJydu7HAAAADejWro6DI+vPHPDMgNzVro0b1a6rDbV4rpHV7c6XD9rfzFvqxf2Le+x9Nz0zznXr2tYZ379fizV9J+T1n3EwSz4dESizoW4yYt48/J6veT1eon3Xpw4UXGzc6AUT9aOZe30Kq2hpnaWFEPMBW0xbNsR9pXHW7axZV8d98lpORKte2XfqwAAAAAAPuac5Ma5a97uCtuA51AV+fv2RgAAAADA0UbVAK2R9EUKrs3srcqWK1NREQ1V7yo6K4I56l3bgevC9ZHgWKXCxwIAAAC4tlIyoP+58VLerCXD8ewqi8OYjcdRaDw+/TCc8bslAsMeD0pw7B+n8531AgAAADiSmYl5E3Xa973re5/EZEdb8uLLHlS9YWYi5uWM2Gqp58Vz9iDWmF00wbGlKUutieeQkNjfDmXcNDRfx9CkqLXRzLC2G/1BBQAAAHbKbxOq6KQL4nB/3sREJSYkmq6xh1cwC7kAszh5gZg4daHhaIwNUl5Ds+txqzWsdBcJi9MbexAzGyWZVHUU/4XfWSXWi88phFTlaSXOrQQ5s5loq7Vt2Ru/ttPJ1zVO8gk83nWdJqOtnWkXkxtHKK3r/XUvfVABAACAJ6lfnWv23d7r48mQhhgjmUwCaKei6rLXUTk/3DzIDTaxRSkG19mx4Ibw/W09caefyfedWsExrVboM7PDA2+se7vll7HJ16VX2FIVEnOEWi5/o4IDAAAATXR/9fDxrn0tGy6/y7f3QxVJ4Tlnb9RFffp9m1msMsiSW6qhWsZny+iQ...
&amp#27;[38;5;38m[9e22fe9b]&amp#27;[0m&amp#27;[38;5;86m[HTTP]&amp#27;[0m &amp#27;[37m<-- GET /wd/hub/session/9e22fe9b-42ec-4c33-ac40-3323cd69a4eb/screenshot &amp#27;[39m&amp#27;[32m200&amp#27;[39m &amp#27;[90m309 ms - 286732&amp#27;[39m &amp#27;[90m&amp#27;[39m
Exception while taking screenshot: /Users/oadeoye/IdeaProjects/Hello-Again-Mobile/Hello-Again-Mobile/resources/screenshots/loginTest.jpeg
12:07:43.276 [main] ERROR org.basetest.BaseTest - Test failed: Can't locate an element by this strategy: By.xpath: android.widget.EditText[@index='5']
&amp#27;[38;5;38m[9e22fe9b]&amp#27;[0m&amp#27;[38;5;86m[HTTP]&amp#27;[0m &amp#27;[37m-->&amp#27;[39m &amp#27;[37mPOST&amp#27;[39m &amp#27;[37m/wd/hub/session/9e22fe9b-42ec-4c33-ac40-3323cd69a4eb/element&amp#27;[39m &amp#27;[90m{"using":"xpath","value":"android.widget.EditText[@index='5']"}&amp#27;[39m
&amp#27;[38;5;38m[9e22fe9b]&amp#27;[0m&amp#27;[38;5;28m[AndroidUiautomator2Driver@aa35 (9e22fe9b)]&amp#27;[0m Calling AppiumDriver.findElement() with args: ["xpath","android.widget.EditText[@index='5']","9e22fe9b-42ec-4c33-ac40-3323cd69a4eb"]
&amp#27;[38;5;38m[9e22fe9b]&amp#27;[0m&amp#27;[38;5;28m[AndroidUiautomator2Driver@aa35 (9e22fe9b)]&amp#27;[0m Valid locator strategies for this request: xpath, id, class name, accessibility id, css selector, -android uiautomator
&amp#27;[38;5;38m[9e22fe9b]&amp#27;[0m&amp#27;[38;5;28m[AndroidUiautomator2Driver@aa35 (9e22fe9b)]&amp#27;[0m Waiting up to 0 ms for condition
&amp#27;[38;5;38m[9e22fe9b]&amp#27;[0m&amp#27;[38;5;28m[AndroidUiautomator2Driver@aa35 (9e22fe9b)]&amp#27;[0m Matched '/element' to command name 'findElement'
&amp#27;[38;5;38m[9e22fe9b]&amp#27;[0m&amp#27;[38;5;28m[AndroidUiautomator2Driver@aa35 (9e22fe9b)]&amp#27;[0m Proxying [POST /element] to [POST http://127.0.0.1:8200/session/3871ac39-73da-4c2a-b072-918489c17f04/element] with body: {"strategy":"xpath","selector":"android.widget.EditText[@index='5']","context":"","multiple":false}
&amp#27;[38;5;38m[9e22fe9b]&amp#27;[0m&amp#27;[38;5;28m[AndroidUiautomator2Driver@aa35 (9e22fe9b)]&amp#27;[0m Got response with status 404: {"sessionId":"3871ac39-73da-4c2a-b072-918489c17f04","value":{"error":"no such element","message":"An element could not be located on the page using the given search parameters","stacktrace":"io.appium.uiautomator2.common.exceptions.ElementNotFoundException: An element could not be located on the page using the given search parameters\n\tat io.appium.uiautomator2.utils.ElementLocationHelpers.findElement(ElementLocationHelpers.java:156)\n\tat io.appium.uiautomator2.handler.FindElement.safeHandle(FindElement.java:60)\n\tat io.appium.uiautomator2.handler.request.SafeRequestHandler.handle(SafeRequestHandler.java:59)\n\tat io.appium.uiautomator2.server.AppiumServlet.handleRequest(AppiumServlet.java:259)\n\tat io.appium.uiautomator2.server.AppiumServlet.handleHttpRequest(AppiumServlet.java:253)\n\tat io.appium.uiautomator2.http.ServerHandler.channelRead(ServerHandler.java:77)\n\tat io.netty.channel.AbstractChannelHandlerContext.invokeChannelRead(AbstractChannelHandlerContext.java:366)\n\tat io.netty.channel.Abstr...
&amp#27;[38;5;38m[9e22fe9b]&amp#27;[0m&amp#27;[38;5;123m[W3C]&amp#27;[0m Matched W3C error code 'no such element' to NoSuchElementError
&amp#27;[38;5;38m[9e22fe9b]&amp#27;[0m&amp#27;[38;5;28m[AndroidUiautomator2Driver@aa35 (9e22fe9b)]&amp#27;[0m Encountered internal error running command: NoSuchElementError: An element could not be located on the page using the given search parameters.
&amp#27;[38;5;38m[9e22fe9b]&amp#27;[0m&amp#27;[38;5;28m[AndroidUiautomator2Driver@aa35 (9e22fe9b)]&amp#27;[0m     at AndroidUiautomator2Driver.findElOrEls (/Users/oadeoye/.appium/node_modules/appium-uiautomator2-driver/node_modules/appium-android-driver/lib/commands/find.ts:86:11)
&amp#27;[38;5;38m[9e22fe9b]&amp#27;[0m&amp#27;[38;5;28m[AndroidUiautomator2Driver@aa35 (9e22fe9b)]&amp#27;[0m     at processTicksAndRejections (node:internal/process/task_queues:95:5)
&amp#27;[38;5;38m[9e22fe9b]&amp#27;[0m&amp#27;[38;5;28m[AndroidUiautomator2Driver@aa35 (9e22fe9b)]&amp#27;[0m     at AndroidUiautomator2Driver.findElOrElsWithProcessing (/Users/oadeoye/node_modules/@appium/base-driver/lib/basedriver/commands/find.ts:60:12)
&amp#27;[38;5;38m[9e22fe9b]&amp#27;[0m&amp#27;[38;5;28m[AndroidUiautomator2Driver@aa35 (9e22fe9b)]&amp#27;[0m     at AndroidUiautomator2Driver.findElement (/Users/oadeoye/node_modules/@appium/base-driver/lib/basedriver/commands/find.ts:75:12)
&amp#27;[38;5;38m[9e22fe9b]&amp#27;[0m&amp#27;[38;5;86m[HTTP]&amp#27;[0m &amp#27;[37m<-- POST /wd/hub/session/9e22fe9b-42ec-4c33-ac40-3323cd69a4eb/element &amp#27;[39m&amp#27;[33m404&amp#27;[39m &amp#27;[90m44 ms - 772&amp#27;[39m &amp#27;[90m&amp#27;[39m
&amp#27;[38;5;38m[9e22fe9b]&amp#27;[0m&amp#27;[38;5;86m[HTTP]&amp#27;[0m &amp#27;[37m-->&amp#27;[39m &amp#27;[37mPOST&amp#27;[39m &amp#27;[37m/wd/hub/session/9e22fe9b-42ec-4c33-ac40-3323cd69a4eb/element&amp#27;[39m &amp#27;[90m{"using":"xpath","value":"android.widget.EditText[@index='5']"}&amp#27;[39m
&amp#27;[38;5;38m[9e22fe9b]&amp#27;[0m&amp#27;[38;5;28m[AndroidUiautomator2Driver@aa35 (9e22fe9b)]&amp#27;[0m Calling AppiumDriver.findElement() with args: ["xpath","android.widget.EditText[@index='5']","9e22fe9b-42ec-4c33-ac40-3323cd69a4eb"]
&amp#27;[38;5;38m[9e22fe9b]&amp#27;[0m&amp#27;[38;5;28m[AndroidUiautomator2Driver@aa35 (9e22fe9b)]&amp#27;[0m Valid locator strategies for this request: xpath, id, class name, accessibility id, css selector, -android uiautomator
&amp#27;[38;5;38m[9e22fe9b]&amp#27;[0m&amp#27;[38;5;28m[AndroidUiautomator2Driver@aa35 (9e22fe9b)]&amp#27;[0m Waiting up to 0 ms for condition
&amp#27;[38;5;38m[9e22fe9b]&amp#27;[0m&amp#27;[38;5;28m[AndroidUiautomator2Driver@aa35 (9e22fe9b)]&amp#27;[0m Matched '/element' to command name 'findElement'
&amp#27;[38;5;38m[9e22fe9b]&amp#27;[0m&amp#27;[38;5;28m[AndroidUiautomator2Driver@aa35 (9e22fe9b)]&amp#27;[0m Proxying [POST /element] to [POST http://127.0.0.1:8200/session/3871ac39-73da-4c2a-b072-918489c17f04/element] with body: {"strategy":"xpath","selector":"android.widget.EditText[@index='5']","context":"","multiple":false}
&amp#27;[38;5;38m[9e22fe9b]&amp#27;[0m&amp#27;[38;5;28m[AndroidUiautomator2Driver@aa35 (9e22fe9b)]&amp#27;[0m Got response with status 404: {"sessionId":"3871ac39-73da-4c2a-b072-918489c17f04","value":{"error":"no such element","message":"An element could not be located on the page using the given search parameters","stacktrace":"io.appium.uiautomator2.common.exceptions.ElementNotFoundException: An element could not be located on the page using the given search parameters\n\tat io.appium.uiautomator2.utils.ElementLocationHelpers.findElement(ElementLocationHelpers.java:156)\n\tat io.appium.uiautomator2.handler.FindElement.safeHandle(FindElement.java:60)\n\tat io.appium.uiautomator2.handler.request.SafeRequestHandler.handle(SafeRequestHandler.java:59)\n\tat io.appium.uiautomator2.server.AppiumServlet.handleRequest(AppiumServlet.java:259)\n\tat io.appium.uiautomator2.server.AppiumServlet.handleHttpRequest(AppiumServlet.java:253)\n\tat io.appium.uiautomator2.http.ServerHandler.channelRead(ServerHandler.java:77)\n\tat io.netty.channel.AbstractChannelHandlerContext.invokeChannelRead(AbstractChannelHandlerContext.java:366)\n\tat io.netty.channel.Abstr...
&amp#27;[38;5;38m[9e22fe9b]&amp#27;[0m&amp#27;[38;5;123m[W3C]&amp#27;[0m Matched W3C error code 'no such element' to NoSuchElementError
&amp#27;[38;5;38m[9e22fe9b]&amp#27;[0m&amp#27;[38;5;28m[AndroidUiautomator2Driver@aa35 (9e22fe9b)]&amp#27;[0m Encountered internal error running command: NoSuchElementError: An element could not be located on the page using the given search parameters.
&amp#27;[38;5;38m[9e22fe9b]&amp#27;[0m&amp#27;[38;5;28m[AndroidUiautomator2Driver@aa35 (9e22fe9b)]&amp#27;[0m     at AndroidUiautomator2Driver.findElOrEls (/Users/oadeoye/.appium/node_modules/appium-uiautomator2-driver/node_modules/appium-android-driver/lib/commands/find.ts:86:11)
&amp#27;[38;5;38m[9e22fe9b]&amp#27;[0m&amp#27;[38;5;28m[AndroidUiautomator2Driver@aa35 (9e22fe9b)]&amp#27;[0m     at processTicksAndRejections (node:internal/process/task_queues:95:5)
&amp#27;[38;5;38m[9e22fe9b]&amp#27;[0m&amp#27;[38;5;28m[AndroidUiautomator2Driver@aa35 (9e22fe9b)]&amp#27;[0m     at AndroidUiautomator2Driver.findElOrElsWithProcessing (/Users/oadeoye/node_modules/@appium/base-driver/lib/basedriver/commands/find.ts:60:12)
&amp#27;[38;5;38m[9e22fe9b]&amp#27;[0m&amp#27;[38;5;28m[AndroidUiautomator2Driver@aa35 (9e22fe9b)]&amp#27;[0m     at AndroidUiautomator2Driver.findElement (/Users/oadeoye/node_modules/@appium/base-driver/lib/basedriver/commands/find.ts:75:12)
&amp#27;[38;5;38m[9e22fe9b]&amp#27;[0m&amp#27;[38;5;86m[HTTP]&amp#27;[0m &amp#27;[37m<-- POST /wd/hub/session/9e22fe9b-42ec-4c33-ac40-3323cd69a4eb/element &amp#27;[39m&amp#27;[33m404&amp#27;[39m &amp#27;[90m87 ms - 772&amp#27;[39m &amp#27;[90m&amp#27;[39m
&amp#27;[38;5;38m[9e22fe9b]&amp#27;[0m&amp#27;[38;5;86m[HTTP]&amp#27;[0m &amp#27;[37m-->&amp#27;[39m &amp#27;[37mPOST&amp#27;[39m &amp#27;[37m/wd/hub/session/9e22fe9b-42ec-4c33-ac40-3323cd69a4eb/element&amp#27;[39m &amp#27;[90m{"using":"xpath","value":"android.widget.EditText[@index='5']"}&amp#27;[39m
&amp#27;[38;5;38m[9e22fe9b]&amp#27;[0m&amp#27;[38;5;28m[AndroidUiautomator2Driver@aa35 (9e22fe9b)]&amp#27;[0m Calling AppiumDriver.findElement() with args: ["xpath","android.widget.EditText[@index='5']","9e22fe9b-42ec-4c33-ac40-3323cd69a4eb"]
&amp#27;[38;5;38m[9e22fe9b]&amp#27;[0m&amp#27;[38;5;28m[AndroidUiautomator2Driver@aa35 (9e22fe9b)]&amp#27;[0m Valid locator strategies for this request: xpath, id, class name, accessibility id, css selector, -android uiautomator
&amp#27;[38;5;38m[9e22fe9b]&amp#27;[0m&amp#27;[38;5;28m[AndroidUiautomator2Driver@aa35 (9e22fe9b)]&amp#27;[0m Waiting up to 0 ms for condition
&amp#27;[38;5;38m[9e22fe9b]&amp#27;[0m&amp#27;[38;5;28m[AndroidUiautomator2Driver@aa35 (9e22fe9b)]&amp#27;[0m Matched '/element' to command name 'findElement'
&amp#27;[38;5;38m[9e22fe9b]&amp#27;[0m&amp#27;[38;5;28m[AndroidUiautomator2Driver@aa35 (9e22fe9b)]&amp#27;[0m Proxying [POST /element] to [POST http://127.0.0.1:8200/session/3871ac39-73da-4c2a-b072-918489c17f04/element] with body: {"strategy":"xpath","selector":"android.widget.EditText[@index='5']","context":"","multiple":false}
&amp#27;[38;5;38m[9e22fe9b]&amp#27;[0m&amp#27;[38;5;28m[AndroidUiautomator2Driver@aa35 (9e22fe9b)]&amp#27;[0m Got response with status 404: {"sessionId":"3871ac39-73da-4c2a-b072-918489c17f04","value":{"error":"no such element","message":"An element could not be located on the page using the given search parameters","stacktrace":"io.appium.uiautomator2.common.exceptions.ElementNotFoundException: An element could not be located on the page using the given search parameters\n\tat io.appium.uiautomator2.utils.ElementLocationHelpers.findElement(ElementLocationHelpers.java:156)\n\tat io.appium.uiautomator2.handler.FindElement.safeHandle(FindElement.java:60)\n\tat io.appium.uiautomator2.handler.request.SafeRequestHandler.handle(SafeRequestHandler.java:59)\n\tat io.appium.uiautomator2.server.AppiumServlet.handleRequest(AppiumServlet.java:259)\n\tat io.appium.uiautomator2.server.AppiumServlet.handleHttpRequest(AppiumServlet.java:253)\n\tat io.appium.uiautomator2.http.ServerHandler.channelRead(ServerHandler.java:77)\n\tat io.netty.channel.AbstractChannelHandlerContext.invokeChannelRead(AbstractChannelHandlerContext.java:366)\n\tat io.netty.channel.Abstr...
&amp#27;[38;5;38m[9e22fe9b]&amp#27;[0m&amp#27;[38;5;123m[W3C]&amp#27;[0m Matched W3C error code 'no such element' to NoSuchElementError
&amp#27;[38;5;38m[9e22fe9b]&amp#27;[0m&amp#27;[38;5;28m[AndroidUiautomator2Driver@aa35 (9e22fe9b)]&amp#27;[0m Encountered internal error running command: NoSuchElementError: An element could not be located on the page using the given search parameters.
&amp#27;[38;5;38m[9e22fe9b]&amp#27;[0m&amp#27;[38;5;28m[AndroidUiautomator2Driver@aa35 (9e22fe9b)]&amp#27;[0m     at AndroidUiautomator2Driver.findElOrEls (/Users/oadeoye/.appium/node_modules/appium-uiautomator2-driver/node_modules/appium-android-driver/lib/commands/find.ts:86:11)
&amp#27;[38;5;38m[9e22fe9b]&amp#27;[0m&amp#27;[38;5;28m[AndroidUiautomator2Driver@aa35 (9e22fe9b)]&amp#27;[0m     at processTicksAndRejections (node:internal/process/task_queues:95:5)
&amp#27;[38;5;38m[9e22fe9b]&amp#27;[0m&amp#27;[38;5;28m[AndroidUiautomator2Driver@aa35 (9e22fe9b)]&amp#27;[0m     at AndroidUiautomator2Driver.findElOrElsWithProcessing (/Users/oadeoye/node_modules/@appium/base-driver/lib/basedriver/commands/find.ts:60:12)
&amp#27;[38;5;38m[9e22fe9b]&amp#27;[0m&amp#27;[38;5;28m[AndroidUiautomator2Driver@aa35 (9e22fe9b)]&amp#27;[0m     at AndroidUiautomator2Driver.findElement (/Users/oadeoye/node_modules/@appium/base-driver/lib/basedriver/commands/find.ts:75:12)
&amp#27;[38;5;38m[9e22fe9b]&amp#27;[0m&amp#27;[38;5;86m[HTTP]&amp#27;[0m &amp#27;[37m<-- POST /wd/hub/session/9e22fe9b-42ec-4c33-ac40-3323cd69a4eb/element &amp#27;[39m&amp#27;[33m404&amp#27;[39m &amp#27;[90m73 ms - 772&amp#27;[39m &amp#27;[90m&amp#27;[39m
12:07:44.548 [main] ERROR org.utils.LoggerUtil - Error entering phone number: Can't locate an element by this strategy: By.xpath: android.widget.EditText[@index='5']
]]></system-out>
  </testcase>
</testsuite>